#
# There is insufficient memory for the Java Runtime Environment to continue.
# Native memory allocation (mmap) failed to map 568328192 bytes for G1 virtual space
# Possible reasons:
#   The system is out of physical RAM or swap space
#   The process is running with CompressedOops enabled, and the Java Heap may be blocking the growth of the native heap
# Possible solutions:
#   Reduce memory load on the system
#   Increase physical memory or swap space
#   Check if swap backing store is full
#   Decrease Java heap size (-Xmx/-Xms)
#   Decrease number of Java threads
#   Decrease Java thread stack sizes (-Xss)
#   Set larger code cache with -XX:ReservedCodeCacheSize=
#   JVM is running with Unscaled Compressed Oops mode in which the Java heap is
#     placed in the first 4GB address space. The Java Heap base address is the
#     maximum limit for the native heap growth. Please use -XX:HeapBaseMinAddress
#     to set the Java Heap base and to place the Java Heap above 4GB virtual address.
# This output file may be truncated or incomplete.
#
#  Out of Memory Error (os_windows.cpp:3548), pid=2460, tid=19808
#
# JRE version: OpenJDK Runtime Environment Temurin-17.0.5+8 (17.0.5+8) (build 17.0.5+8)
# Java VM: OpenJDK 64-Bit Server VM Temurin-17.0.5+8 (17.0.5+8, mixed mode, emulated-client, tiered, compressed oops, compressed class ptrs, g1 gc, windows-amd64)
# No core dump will be written. Minidumps are not enabled by default on client versions of Windows
#

---------------  S U M M A R Y ------------

Command Line: -Dsts.lsp.client=vscode -Dsts.log.file=/dev/null -XX:TieredStopAtLevel=1 -Xlog:jni+resolve=off -Dspring.config.location=file:c:\Users\Madhav\.vscode\extensions\pivotal.vscode-spring-boot-1.42.0\language-server\BOOT-INF\classes\application.properties org.springframework.ide.vscode.boot.app.BootLanguageServerBootApp

Host: AMD FX(tm)-8320 Eight-Core Processor           , 8 cores, 7G,  Windows 10 , 64 bit Build 19041 (10.0.19041.1806)
Time: Sat Dec 24 17:01:13 2022 India Standard Time elapsed time: 5.130723 seconds (0d 0h 0m 5s)

---------------  T H R E A D  ---------------

Current thread (0x000001b57f7b8d90):  VMThread "VM Thread" [stack: 0x0000005530400000,0x0000005530500000] [id=19808]

Stack: [0x0000005530400000,0x0000005530500000]
Native frames: (J=compiled Java code, j=interpreted, Vv=VM code, C=native code)
V  [jvm.dll+0x676b3a]
V  [jvm.dll+0x831444]
V  [jvm.dll+0x832bee]
V  [jvm.dll+0x833253]
V  [jvm.dll+0x244ce5]
V  [jvm.dll+0x673a49]
V  [jvm.dll+0x66811a]
V  [jvm.dll+0x303ceb]
V  [jvm.dll+0x30b1e6]
V  [jvm.dll+0x35adbe]
V  [jvm.dll+0x35afef]
V  [jvm.dll+0x2dab88]
V  [jvm.dll+0x2d8e3c]
V  [jvm.dll+0x2d840c]
V  [jvm.dll+0x31c31b]
V  [jvm.dll+0x8376fb]
V  [jvm.dll+0x838434]
V  [jvm.dll+0x83894c]
V  [jvm.dll+0x838d24]
V  [jvm.dll+0x838df0]
V  [jvm.dll+0x7e17ea]
V  [jvm.dll+0x6759e5]
C  [ucrtbase.dll+0x21bb2]
C  [KERNEL32.DLL+0x17034]
C  [ntdll.dll+0x52651]

VM_Operation (0x00000055331fde60): G1CollectForAllocation, mode: safepoint, requested by thread 0x000001b5022914a0


---------------  P R O C E S S  ---------------

Threads class SMR info:
_java_thread_list=0x000001b501898ee0, length=56, elements={
0x000001b57f7c72c0, 0x000001b57f7c8040, 0x000001b50093d130, 0x000001b50093eb60,
0x000001b50093f420, 0x000001b50093fce0, 0x000001b500953310, 0x000001b500973c20,
0x000001b500b6ada0, 0x000001b500b73290, 0x000001b57024d550, 0x000001b5014bc5f0,
0x000001b50169f050, 0x000001b501e65c70, 0x000001b5020a1440, 0x000001b502040250,
0x000001b57024cd30, 0x000001b5020dd560, 0x000001b50182c360, 0x000001b502172010,
0x000001b5021724e0, 0x000001b502183a20, 0x000001b5021a4520, 0x000001b5021a5390,
0x000001b5021a7540, 0x000001b5021a3b80, 0x000001b5021a4050, 0x000001b5021a7070,
0x000001b5021a5860, 0x000001b5021a66d0, 0x000001b5021a49f0, 0x000001b5021a5d30,
0x000001b5021a4ec0, 0x000001b5021a6200, 0x000001b5021a6ba0, 0x000001b502290fd0,
0x000001b5022914a0, 0x000001b50228f2f0, 0x000001b50228dae0, 0x000001b50228e480,
0x000001b502291e40, 0x000001b502295330, 0x000001b50228dfb0, 0x000001b50228e950,
0x000001b502294990, 0x000001b50228fc90, 0x000001b502290160, 0x000001b502294e60,
0x000001b50228ee20, 0x000001b502293b20, 0x000001b502291970, 0x000001b502290630,
0x000001b50228f7c0, 0x000001b502290b00, 0x000001b502292310, 0x000001b502293ff0
}

Java Threads: ( => current thread )
  0x000001b57f7c72c0 JavaThread "Reference Handler" daemon [_thread_blocked, id=18948, stack(0x0000005530500000,0x0000005530600000)]
  0x000001b57f7c8040 JavaThread "Finalizer" daemon [_thread_blocked, id=12168, stack(0x0000005530600000,0x0000005530700000)]
  0x000001b50093d130 JavaThread "Signal Dispatcher" daemon [_thread_blocked, id=8756, stack(0x0000005530700000,0x0000005530800000)]
  0x000001b50093eb60 JavaThread "Attach Listener" daemon [_thread_blocked, id=14900, stack(0x0000005530800000,0x0000005530900000)]
  0x000001b50093f420 JavaThread "Service Thread" daemon [_thread_blocked, id=13848, stack(0x0000005530900000,0x0000005530a00000)]
  0x000001b50093fce0 JavaThread "Monitor Deflation Thread" daemon [_thread_blocked, id=16784, stack(0x0000005530a00000,0x0000005530b00000)]
  0x000001b500953310 JavaThread "C1 CompilerThread0" daemon [_thread_blocked, id=4800, stack(0x0000005530b00000,0x0000005530c00000)]
  0x000001b500973c20 JavaThread "Sweeper thread" daemon [_thread_blocked, id=11432, stack(0x0000005530c00000,0x0000005530d00000)]
  0x000001b500b6ada0 JavaThread "Notification Thread" daemon [_thread_blocked, id=5992, stack(0x0000005530d00000,0x0000005530e00000)]
  0x000001b500b73290 JavaThread "Common-Cleaner" daemon [_thread_blocked, id=17844, stack(0x0000005530f00000,0x0000005531000000)]
  0x000001b57024d550 JavaThread "C1 CompilerThread1" daemon [_thread_blocked, id=2856, stack(0x0000005531000000,0x0000005531100000)]
  0x000001b5014bc5f0 JavaThread "C1 CompilerThread2" daemon [_thread_blocked, id=19960, stack(0x0000005531100000,0x0000005531200000)]
  0x000001b50169f050 JavaThread "C1 CompilerThread3" daemon [_thread_blocked, id=19592, stack(0x0000005531200000,0x0000005531300000)]
  0x000001b501e65c70 JavaThread "boundedElastic-evictor-1" daemon [_thread_blocked, id=5844, stack(0x0000005531a00000,0x0000005531b00000)]
  0x000001b5020a1440 JavaThread "pool-11-thread-1" [_thread_blocked, id=9892, stack(0x0000005531c00000,0x0000005531d00000)]
  0x000001b502040250 JavaThread "LanguageServerApp-lifecycle" [_thread_blocked, id=18552, stack(0x0000005531d00000,0x0000005531e00000)]
  0x000001b57024cd30 JavaThread "DestroyJavaVM" [_thread_blocked, id=7576, stack(0x000000552fe00000,0x000000552ff00000)]
  0x000001b5020dd560 JavaThread "pool-12-thread-1" [_thread_in_native, id=2352, stack(0x0000005531e00000,0x0000005531f00000)]
  0x000001b50182c360 JavaThread "Simple-Language-Server main thread" daemon [_thread_blocked, id=14492, stack(0x0000005531f00000,0x0000005532000000)]
  0x000001b502172010 JavaThread "pool-2-thread-1" [_thread_blocked, id=16676, stack(0x0000005532000000,0x0000005532100000)]
  0x000001b5021724e0 JavaThread "pool-2-thread-2" [_thread_blocked, id=14592, stack(0x0000005532100000,0x0000005532200000)]
  0x000001b502183a20 JavaThread "pool-2-thread-3" [_thread_blocked, id=12564, stack(0x0000005532200000,0x0000005532300000)]
  0x000001b5021a4520 JavaThread "pool-8-thread-1" [_thread_blocked, id=19408, stack(0x0000005532300000,0x0000005532400000)]
  0x000001b5021a5390 JavaThread "parallel-1" daemon [_thread_blocked, id=7744, stack(0x0000005532400000,0x0000005532500000)]
  0x000001b5021a7540 JavaThread "parallel-2" daemon [_thread_blocked, id=3364, stack(0x0000005532500000,0x0000005532600000)]
  0x000001b5021a3b80 JavaThread "parallel-3" daemon [_thread_blocked, id=20364, stack(0x0000005532600000,0x0000005532700000)]
  0x000001b5021a4050 JavaThread "parallel-4" daemon [_thread_blocked, id=15292, stack(0x0000005532700000,0x0000005532800000)]
  0x000001b5021a7070 JavaThread "ForkJoinPool.commonPool-worker-1" daemon [_thread_blocked, id=7944, stack(0x0000005532800000,0x0000005532900000)]
  0x000001b5021a5860 JavaThread "pool-5-thread-1" [_thread_blocked, id=15416, stack(0x0000005532900000,0x0000005532a00000)]
  0x000001b5021a66d0 JavaThread "ForkJoinPool.commonPool-worker-2" daemon [_thread_blocked, id=8420, stack(0x0000005532a00000,0x0000005532b00000)]
  0x000001b5021a49f0 JavaThread "pool-5-thread-2" [_thread_blocked, id=17192, stack(0x0000005532b00000,0x0000005532c00000)]
  0x000001b5021a5d30 JavaThread "Reconciler-1" daemon [_thread_blocked, id=6788, stack(0x0000005532c00000,0x0000005532d00000)]
  0x000001b5021a4ec0 JavaThread "parallel-5" daemon [_thread_blocked, id=12204, stack(0x0000005532d00000,0x0000005532e00000)]
  0x000001b5021a6200 JavaThread "ClassGraph-worker-0" daemon [_thread_blocked, id=8508, stack(0x0000005532e00000,0x0000005532f00000)]
  0x000001b5021a6ba0 JavaThread "ClassGraph-worker-1" daemon [_thread_blocked, id=14456, stack(0x0000005532f00000,0x0000005533000000)]
  0x000001b502290fd0 JavaThread "ClassGraph-worker-2" daemon [_thread_blocked, id=20176, stack(0x0000005533000000,0x0000005533100000)]
  0x000001b5022914a0 JavaThread "ClassGraph-worker-3" daemon [_thread_blocked, id=19492, stack(0x0000005533100000,0x0000005533200000)]
  0x000001b50228f2f0 JavaThread "ClassGraph-worker-4" daemon [_thread_blocked, id=19308, stack(0x0000005533200000,0x0000005533300000)]
  0x000001b50228dae0 JavaThread "ClassGraph-worker-5" daemon [_thread_blocked, id=9692, stack(0x0000005533300000,0x0000005533400000)]
  0x000001b50228e480 JavaThread "ClassGraph-worker-6" daemon [_thread_blocked, id=17540, stack(0x0000005533400000,0x0000005533500000)]
  0x000001b502291e40 JavaThread "ClassGraph-worker-7" daemon [_thread_blocked, id=17044, stack(0x0000005533500000,0x0000005533600000)]
  0x000001b502295330 JavaThread "ClassGraph-worker-8" daemon [_thread_blocked, id=14204, stack(0x0000005533600000,0x0000005533700000)]
  0x000001b50228dfb0 JavaThread "ClassGraph-worker-9" daemon [_thread_blocked, id=1828, stack(0x0000005533700000,0x0000005533800000)]
  0x000001b50228e950 JavaThread "ClassGraph-worker-10" daemon [_thread_blocked, id=3176, stack(0x0000005533800000,0x0000005533900000)]
  0x000001b502294990 JavaThread "ClassGraph-worker-11" daemon [_thread_blocked, id=17524, stack(0x0000005533900000,0x0000005533a00000)]
  0x000001b50228fc90 JavaThread "ClassGraph-worker-12" daemon [_thread_blocked, id=18756, stack(0x0000005533a00000,0x0000005533b00000)]
  0x000001b502290160 JavaThread "ClassGraph-worker-13" daemon [_thread_blocked, id=11892, stack(0x0000005533b00000,0x0000005533c00000)]
  0x000001b502294e60 JavaThread "pool-6-thread-1" [_thread_blocked, id=9596, stack(0x0000005533e00000,0x0000005533f00000)]
  0x000001b50228ee20 JavaThread "pool-10-thread-1" [_thread_blocked, id=18032, stack(0x0000005533f00000,0x0000005534000000)]
  0x000001b502293b20 JavaThread "parallel-6" daemon [_thread_blocked, id=17792, stack(0x0000005534000000,0x0000005534100000)]
  0x000001b502291970 JavaThread "parallel-7" daemon [_thread_blocked, id=8460, stack(0x0000005534100000,0x0000005534200000)]
  0x000001b502290630 JavaThread "parallel-8" daemon [_thread_blocked, id=20424, stack(0x0000005534200000,0x0000005534300000)]
  0x000001b50228f7c0 JavaThread "pool-10-thread-2" [_thread_blocked, id=14808, stack(0x0000005534300000,0x0000005534400000)]
  0x000001b502290b00 JavaThread "Project-Reconciler-1" daemon [_thread_blocked, id=19320, stack(0x0000005534400000,0x0000005534500000)]
  0x000001b502292310 JavaThread "pool-10-thread-3" [_thread_blocked, id=15372, stack(0x0000005534500000,0x0000005534600000)]
  0x000001b502293ff0 JavaThread "Project-Reconciler-2" daemon [_thread_blocked, id=19688, stack(0x0000005534600000,0x0000005534700000)]

Other Threads:
=>0x000001b57f7b8d90 VMThread "VM Thread" [stack: 0x0000005530400000,0x0000005530500000] [id=19808]
  0x000001b57247adf0 WatcherThread [stack: 0x0000005530e00000,0x0000005530f00000] [id=19392]
  0x000001b572460060 GCTaskThread "GC Thread#0" [stack: 0x000000552ff00000,0x0000005530000000] [id=17468]
  0x000001b500969b40 GCTaskThread "GC Thread#1" [stack: 0x0000005531300000,0x0000005531400000] [id=12612]
  0x000001b5016de050 GCTaskThread "GC Thread#2" [stack: 0x0000005531400000,0x0000005531500000] [id=16036]
  0x000001b5016f4060 GCTaskThread "GC Thread#3" [stack: 0x0000005531500000,0x0000005531600000] [id=7848]
  0x000001b50172b650 GCTaskThread "GC Thread#4" [stack: 0x0000005531600000,0x0000005531700000] [id=16680]
  0x000001b50172c920 GCTaskThread "GC Thread#5" [stack: 0x0000005531700000,0x0000005531800000] [id=17444]
  0x000001b5018bf300 GCTaskThread "GC Thread#6" [stack: 0x0000005531800000,0x0000005531900000] [id=19872]
  0x000001b5018d4f00 GCTaskThread "GC Thread#7" [stack: 0x0000005531900000,0x0000005531a00000] [id=20348]
  0x000001b572470bb0 ConcurrentGCThread "G1 Main Marker" [stack: 0x0000005530000000,0x0000005530100000] [id=15820]
  0x000001b572471c70 ConcurrentGCThread "G1 Conc#0" [stack: 0x0000005530100000,0x0000005530200000] [id=19516]
  0x000001b501997850 ConcurrentGCThread "G1 Conc#1" [stack: 0x0000005531b00000,0x0000005531c00000] [id=18924]
  0x000001b57f6220d0 ConcurrentGCThread "G1 Refine#0" [stack: 0x0000005530200000,0x0000005530300000] [id=8840]
  0x000001b5023713a0 ConcurrentGCThread "G1 Refine#1" [stack: 0x0000005533c00000,0x0000005533d00000] [id=19488]
  0x000001b502371c40 ConcurrentGCThread "G1 Refine#2" [stack: 0x0000005533d00000,0x0000005533e00000] [id=16728]
  0x000001b502371960 ConcurrentGCThread "G1 Refine#3" [stack: 0x0000005534700000,0x0000005534800000] [id=4208]
  0x000001b57f622900 ConcurrentGCThread "G1 Service" [stack: 0x0000005530300000,0x0000005530400000] [id=9312]

Threads with active compile tasks:

VM state: at safepoint (normal execution)

VM Mutex/Monitor currently owned by a thread:  ([mutex/lock_event])
[0x000001b570199d00] Threads_lock - owner thread: 0x000001b57f7b8d90
[0x000001b5701961e0] Heap_lock - owner thread: 0x000001b5022914a0

Heap address: 0x0000000081800000, size: 2024 MB, Compressed Oops mode: 32-bit

CDS archive(s) not mapped
Compressed class space mapped at: 0x0000000100000000-0x0000000140000000, reserved size: 1073741824
Narrow klass base: 0x0000000000000000, Narrow klass shift: 3, Narrow klass range: 0x140000000

GC Precious Log:
 CPUs: 8 total, 8 available
 Memory: 8091M
 Large Page Support: Disabled
 NUMA Support: Disabled
 Compressed Oops: Enabled (32-bit)
 Heap Region Size: 1M
 Heap Min Capacity: 8M
 Heap Initial Capacity: 128M
 Heap Max Capacity: 2024M
 Pre-touch: Disabled
 Parallel Workers: 8
 Concurrent Workers: 2
 Concurrent Refinement Workers: 8
 Periodic GC: Disabled

Heap:
 garbage-first heap   total 277504K, used 96735K [0x0000000081800000, 0x0000000100000000)
  region size 1024K, 11 young (11264K), 11 survivors (11264K)
 Metaspace       used 46821K, committed 47232K, reserved 1097728K
  class space    used 5869K, committed 6080K, reserved 1048576K

Heap Regions: E=young(eden), S=young(survivor), O=old, HS=humongous(starts), HC=humongous(continues), CS=collection set, F=free, OA=open archive, CA=closed archive, TAMS=top-at-mark-start (previous, next)
|   0|0x0000000081800000, 0x0000000081900000, 0x0000000081900000|100%| O|  |TAMS 0x0000000081900000, 0x0000000081800000| Untracked 
|   1|0x0000000081900000, 0x0000000081a00000, 0x0000000081a00000|100%| O|  |TAMS 0x0000000081a00000, 0x0000000081900000| Untracked 
|   2|0x0000000081a00000, 0x0000000081b00000, 0x0000000081b00000|100%| O|  |TAMS 0x0000000081b00000, 0x0000000081a00000| Untracked 
|   3|0x0000000081b00000, 0x0000000081c00000, 0x0000000081c00000|100%| O|  |TAMS 0x0000000081c00000, 0x0000000081b00000| Untracked 
|   4|0x0000000081c00000, 0x0000000081d00000, 0x0000000081d00000|100%| O|  |TAMS 0x0000000081d00000, 0x0000000081c00000| Untracked 
|   5|0x0000000081d00000, 0x0000000081e00000, 0x0000000081e00000|100%| O|  |TAMS 0x0000000081e00000, 0x0000000081d00000| Untracked 
|   6|0x0000000081e00000, 0x0000000081f00000, 0x0000000081f00000|100%| O|  |TAMS 0x0000000081f00000, 0x0000000081e00000| Untracked 
|   7|0x0000000081f00000, 0x0000000082000000, 0x0000000082000000|100%| O|  |TAMS 0x0000000082000000, 0x0000000081f00000| Untracked 
|   8|0x0000000082000000, 0x0000000082100000, 0x0000000082100000|100%| O|  |TAMS 0x0000000082100000, 0x0000000082000000| Untracked 
|   9|0x0000000082100000, 0x0000000082200000, 0x0000000082200000|100%| O|  |TAMS 0x0000000082200000, 0x0000000082100000| Untracked 
|  10|0x0000000082200000, 0x0000000082300000, 0x0000000082300000|100%| O|  |TAMS 0x0000000082300000, 0x0000000082200000| Untracked 
|  11|0x0000000082300000, 0x0000000082400000, 0x0000000082400000|100%| O|  |TAMS 0x0000000082400000, 0x0000000082300000| Untracked 
|  12|0x0000000082400000, 0x0000000082500000, 0x0000000082500000|100%| O|  |TAMS 0x0000000082500000, 0x0000000082400000| Untracked 
|  13|0x0000000082500000, 0x0000000082600000, 0x0000000082600000|100%| O|  |TAMS 0x0000000082600000, 0x0000000082500000| Untracked 
|  14|0x0000000082600000, 0x0000000082700000, 0x0000000082700000|100%| O|  |TAMS 0x0000000082700000, 0x0000000082600000| Untracked 
|  15|0x0000000082700000, 0x0000000082800000, 0x0000000082800000|100%| O|  |TAMS 0x0000000082800000, 0x0000000082700000| Untracked 
|  16|0x0000000082800000, 0x0000000082900000, 0x0000000082900000|100%| O|  |TAMS 0x0000000082900000, 0x0000000082800000| Untracked 
|  17|0x0000000082900000, 0x0000000082a00000, 0x0000000082a00000|100%| O|  |TAMS 0x0000000082a00000, 0x0000000082900000| Untracked 
|  18|0x0000000082a00000, 0x0000000082b00000, 0x0000000082b00000|100%| O|  |TAMS 0x0000000082b00000, 0x0000000082a00000| Untracked 
|  19|0x0000000082b00000, 0x0000000082c00000, 0x0000000082c00000|100%| O|  |TAMS 0x0000000082c00000, 0x0000000082b00000| Untracked 
|  20|0x0000000082c00000, 0x0000000082d00000, 0x0000000082d00000|100%| O|  |TAMS 0x0000000082d00000, 0x0000000082c00000| Untracked 
|  21|0x0000000082d00000, 0x0000000082e00000, 0x0000000082e00000|100%| O|  |TAMS 0x0000000082e00000, 0x0000000082d00000| Untracked 
|  22|0x0000000082e00000, 0x0000000082f00000, 0x0000000082f00000|100%| O|  |TAMS 0x0000000082f00000, 0x0000000082e00000| Untracked 
|  23|0x0000000082f00000, 0x0000000083000000, 0x0000000083000000|100%| O|  |TAMS 0x0000000083000000, 0x0000000082f00000| Untracked 
|  24|0x0000000083000000, 0x0000000083100000, 0x0000000083100000|100%| O|  |TAMS 0x0000000083100000, 0x0000000083000000| Untracked 
|  25|0x0000000083100000, 0x0000000083200000, 0x0000000083200000|100%| O|  |TAMS 0x0000000083200000, 0x0000000083100000| Untracked 
|  26|0x0000000083200000, 0x0000000083300000, 0x0000000083300000|100%| O|  |TAMS 0x0000000083300000, 0x0000000083200000| Untracked 
|  27|0x0000000083300000, 0x0000000083400000, 0x0000000083400000|100%| O|  |TAMS 0x0000000083400000, 0x0000000083300000| Untracked 
|  28|0x0000000083400000, 0x0000000083500000, 0x0000000083500000|100%| O|  |TAMS 0x0000000083500000, 0x0000000083400000| Untracked 
|  29|0x0000000083500000, 0x0000000083600000, 0x0000000083600000|100%| O|  |TAMS 0x0000000083600000, 0x0000000083500000| Untracked 
|  30|0x0000000083600000, 0x0000000083700000, 0x0000000083700000|100%| O|  |TAMS 0x0000000083700000, 0x0000000083600000| Untracked 
|  31|0x0000000083700000, 0x0000000083800000, 0x0000000083800000|100%| O|  |TAMS 0x0000000083800000, 0x0000000083700000| Untracked 
|  32|0x0000000083800000, 0x0000000083900000, 0x0000000083900000|100%| O|  |TAMS 0x0000000083900000, 0x0000000083800000| Untracked 
|  33|0x0000000083900000, 0x0000000083a00000, 0x0000000083a00000|100%| O|  |TAMS 0x0000000083a00000, 0x0000000083900000| Untracked 
|  34|0x0000000083a00000, 0x0000000083b00000, 0x0000000083b00000|100%| O|  |TAMS 0x0000000083b00000, 0x0000000083a00000| Untracked 
|  35|0x0000000083b00000, 0x0000000083c00000, 0x0000000083c00000|100%| O|  |TAMS 0x0000000083c00000, 0x0000000083b00000| Untracked 
|  36|0x0000000083c00000, 0x0000000083d00000, 0x0000000083d00000|100%| O|  |TAMS 0x0000000083d00000, 0x0000000083c00000| Untracked 
|  37|0x0000000083d00000, 0x0000000083e00000, 0x0000000083e00000|100%| O|  |TAMS 0x0000000083e00000, 0x0000000083d00000| Untracked 
|  38|0x0000000083e00000, 0x0000000083f00000, 0x0000000083f00000|100%| O|  |TAMS 0x0000000083f00000, 0x0000000083e00000| Untracked 
|  39|0x0000000083f00000, 0x0000000084000000, 0x0000000084000000|100%| O|  |TAMS 0x0000000084000000, 0x0000000083f00000| Untracked 
|  40|0x0000000084000000, 0x0000000084100000, 0x0000000084100000|100%| O|  |TAMS 0x0000000084100000, 0x0000000084000000| Untracked 
|  41|0x0000000084100000, 0x0000000084200000, 0x0000000084200000|100%| O|  |TAMS 0x0000000084200000, 0x0000000084100000| Untracked 
|  42|0x0000000084200000, 0x0000000084300000, 0x0000000084300000|100%| O|  |TAMS 0x0000000084300000, 0x0000000084200000| Untracked 
|  43|0x0000000084300000, 0x0000000084400000, 0x0000000084400000|100%| O|  |TAMS 0x0000000084400000, 0x0000000084300000| Untracked 
|  44|0x0000000084400000, 0x0000000084500000, 0x0000000084500000|100%| O|  |TAMS 0x0000000084500000, 0x0000000084400000| Untracked 
|  45|0x0000000084500000, 0x0000000084600000, 0x0000000084600000|100%| O|  |TAMS 0x0000000084600000, 0x0000000084500000| Untracked 
|  46|0x0000000084600000, 0x0000000084700000, 0x0000000084700000|100%| O|  |TAMS 0x0000000084700000, 0x0000000084600000| Untracked 
|  47|0x0000000084700000, 0x0000000084800000, 0x0000000084800000|100%| O|  |TAMS 0x0000000084800000, 0x0000000084700000| Untracked 
|  48|0x0000000084800000, 0x0000000084900000, 0x0000000084900000|100%| O|  |TAMS 0x0000000084900000, 0x0000000084800000| Untracked 
|  49|0x0000000084900000, 0x0000000084900000, 0x0000000084a00000|  0%| F|  |TAMS 0x0000000084900000, 0x0000000084900000| Untracked 
|  50|0x0000000084a00000, 0x0000000084b00000, 0x0000000084b00000|100%| O|  |TAMS 0x0000000084a00000, 0x0000000084a00000| Untracked 
|  51|0x0000000084b00000, 0x0000000084c00000, 0x0000000084c00000|100%|HS|  |TAMS 0x0000000084c00000, 0x0000000084b00000| Complete 
|  52|0x0000000084c00000, 0x0000000084d00000, 0x0000000084d00000|100%| O|  |TAMS 0x0000000084d00000, 0x0000000084c00000| Untracked 
|  53|0x0000000084d00000, 0x0000000084e00000, 0x0000000084e00000|100%| O|  |TAMS 0x0000000084e00000, 0x0000000084d00000| Untracked 
|  54|0x0000000084e00000, 0x0000000084f00000, 0x0000000084f00000|100%| O|  |TAMS 0x0000000084f00000, 0x0000000084e00000| Untracked 
|  55|0x0000000084f00000, 0x0000000085000000, 0x0000000085000000|100%| O|  |TAMS 0x0000000085000000, 0x0000000084f00000| Untracked 
|  56|0x0000000085000000, 0x0000000085100000, 0x0000000085100000|100%| O|  |TAMS 0x0000000085100000, 0x0000000085000000| Untracked 
|  57|0x0000000085100000, 0x0000000085200000, 0x0000000085200000|100%| O|  |TAMS 0x0000000085200000, 0x0000000085100000| Untracked 
|  58|0x0000000085200000, 0x0000000085300000, 0x0000000085300000|100%| O|  |TAMS 0x0000000085300000, 0x0000000085200000| Untracked 
|  59|0x0000000085300000, 0x0000000085400000, 0x0000000085400000|100%| O|  |TAMS 0x0000000085400000, 0x0000000085300000| Untracked 
|  60|0x0000000085400000, 0x0000000085500000, 0x0000000085500000|100%| O|  |TAMS 0x0000000085500000, 0x0000000085400000| Untracked 
|  61|0x0000000085500000, 0x0000000085600000, 0x0000000085600000|100%| O|  |TAMS 0x0000000085600000, 0x0000000085500000| Untracked 
|  62|0x0000000085600000, 0x0000000085700000, 0x0000000085700000|100%| O|  |TAMS 0x0000000085673600, 0x0000000085600000| Untracked 
|  63|0x0000000085700000, 0x0000000085800000, 0x0000000085800000|100%| O|  |TAMS 0x0000000085700000, 0x0000000085700000| Untracked 
|  64|0x0000000085800000, 0x0000000085900000, 0x0000000085900000|100%| O|  |TAMS 0x0000000085800000, 0x0000000085800000| Untracked 
|  65|0x0000000085900000, 0x0000000085a00000, 0x0000000085a00000|100%| O|  |TAMS 0x0000000085900000, 0x0000000085900000| Untracked 
|  66|0x0000000085a00000, 0x0000000085b00000, 0x0000000085b00000|100%| O|  |TAMS 0x0000000085a00000, 0x0000000085a00000| Untracked 
|  67|0x0000000085b00000, 0x0000000085c00000, 0x0000000085c00000|100%| O|  |TAMS 0x0000000085b00000, 0x0000000085b00000| Untracked 
|  68|0x0000000085c00000, 0x0000000085d00000, 0x0000000085d00000|100%| O|  |TAMS 0x0000000085c00000, 0x0000000085c00000| Untracked 
|  69|0x0000000085d00000, 0x0000000085e00000, 0x0000000085e00000|100%| O|  |TAMS 0x0000000085d00000, 0x0000000085d00000| Untracked 
|  70|0x0000000085e00000, 0x0000000085f00000, 0x0000000085f00000|100%| O|  |TAMS 0x0000000085e00000, 0x0000000085e00000| Untracked 
|  71|0x0000000085f00000, 0x0000000086000000, 0x0000000086000000|100%| O|  |TAMS 0x0000000085f00000, 0x0000000085f00000| Untracked 
|  72|0x0000000086000000, 0x0000000086100000, 0x0000000086100000|100%| O|  |TAMS 0x0000000086000000, 0x0000000086000000| Untracked 
|  73|0x0000000086100000, 0x0000000086200000, 0x0000000086200000|100%| O|  |TAMS 0x0000000086100000, 0x0000000086100000| Untracked 
|  74|0x0000000086200000, 0x0000000086300000, 0x0000000086300000|100%| O|  |TAMS 0x0000000086200000, 0x0000000086200000| Untracked 
|  75|0x0000000086300000, 0x0000000086400000, 0x0000000086400000|100%| O|  |TAMS 0x0000000086300000, 0x0000000086300000| Untracked 
|  76|0x0000000086400000, 0x0000000086500000, 0x0000000086500000|100%| O|  |TAMS 0x0000000086400000, 0x0000000086400000| Untracked 
|  77|0x0000000086500000, 0x0000000086600000, 0x0000000086600000|100%| O|  |TAMS 0x0000000086500000, 0x0000000086500000| Untracked 
|  78|0x0000000086600000, 0x0000000086700000, 0x0000000086700000|100%| O|  |TAMS 0x0000000086600000, 0x0000000086600000| Untracked 
|  79|0x0000000086700000, 0x0000000086800000, 0x0000000086800000|100%| O|  |TAMS 0x0000000086700000, 0x0000000086700000| Untracked 
|  80|0x0000000086800000, 0x0000000086900000, 0x0000000086900000|100%| O|  |TAMS 0x0000000086800000, 0x0000000086800000| Untracked 
|  81|0x0000000086900000, 0x0000000086a00000, 0x0000000086a00000|100%| O|  |TAMS 0x0000000086900000, 0x0000000086900000| Untracked 
|  82|0x0000000086a00000, 0x0000000086b00000, 0x0000000086b00000|100%| O|  |TAMS 0x0000000086a00000, 0x0000000086a00000| Untracked 
|  83|0x0000000086b00000, 0x0000000086c00000, 0x0000000086c00000|100%| O|  |TAMS 0x0000000086b00000, 0x0000000086b00000| Untracked 
|  84|0x0000000086c00000, 0x0000000086c77c00, 0x0000000086d00000| 46%| O|  |TAMS 0x0000000086c00000, 0x0000000086c00000| Untracked 
|  85|0x0000000086d00000, 0x0000000086d00000, 0x0000000086e00000|  0%| F|  |TAMS 0x0000000086d00000, 0x0000000086d00000| Untracked 
|  86|0x0000000086e00000, 0x0000000086e00000, 0x0000000086f00000|  0%| F|  |TAMS 0x0000000086e00000, 0x0000000086e00000| Untracked 
|  87|0x0000000086f00000, 0x0000000086f00000, 0x0000000087000000|  0%| F|  |TAMS 0x0000000086f00000, 0x0000000086f00000| Untracked 
|  88|0x0000000087000000, 0x0000000087000000, 0x0000000087100000|  0%| F|  |TAMS 0x0000000087000000, 0x0000000087000000| Untracked 
|  89|0x0000000087100000, 0x0000000087100000, 0x0000000087200000|  0%| F|  |TAMS 0x0000000087100000, 0x0000000087100000| Untracked 
|  90|0x0000000087200000, 0x0000000087200000, 0x0000000087300000|  0%| F|  |TAMS 0x0000000087200000, 0x0000000087200000| Untracked 
|  91|0x0000000087300000, 0x0000000087300000, 0x0000000087400000|  0%| F|  |TAMS 0x0000000087300000, 0x0000000087300000| Untracked 
|  92|0x0000000087400000, 0x0000000087400000, 0x0000000087500000|  0%| F|  |TAMS 0x0000000087400000, 0x0000000087400000| Untracked 
|  93|0x0000000087500000, 0x0000000087500000, 0x0000000087600000|  0%| F|  |TAMS 0x0000000087500000, 0x0000000087500000| Untracked 
|  94|0x0000000087600000, 0x0000000087600000, 0x0000000087700000|  0%| F|  |TAMS 0x0000000087600000, 0x0000000087600000| Untracked 
|  95|0x0000000087700000, 0x0000000087700000, 0x0000000087800000|  0%| F|  |TAMS 0x0000000087700000, 0x0000000087700000| Untracked 
|  96|0x0000000087800000, 0x0000000087800000, 0x0000000087900000|  0%| F|  |TAMS 0x0000000087800000, 0x0000000087800000| Untracked 
|  97|0x0000000087900000, 0x0000000087900000, 0x0000000087a00000|  0%| F|  |TAMS 0x0000000087900000, 0x0000000087900000| Untracked 
|  98|0x0000000087a00000, 0x0000000087a00000, 0x0000000087b00000|  0%| F|  |TAMS 0x0000000087a00000, 0x0000000087a00000| Untracked 
|  99|0x0000000087b00000, 0x0000000087b00000, 0x0000000087c00000|  0%| F|  |TAMS 0x0000000087b00000, 0x0000000087b00000| Untracked 
| 100|0x0000000087c00000, 0x0000000087c00000, 0x0000000087d00000|  0%| F|  |TAMS 0x0000000087c00000, 0x0000000087c00000| Untracked 
| 101|0x0000000087d00000, 0x0000000087d00000, 0x0000000087e00000|  0%| F|  |TAMS 0x0000000087d00000, 0x0000000087d00000| Untracked 
| 102|0x0000000087e00000, 0x0000000087e00000, 0x0000000087f00000|  0%| F|  |TAMS 0x0000000087e00000, 0x0000000087e00000| Untracked 
| 103|0x0000000087f00000, 0x0000000087f00000, 0x0000000088000000|  0%| F|  |TAMS 0x0000000087f00000, 0x0000000087f00000| Untracked 
| 104|0x0000000088000000, 0x0000000088000000, 0x0000000088100000|  0%| F|  |TAMS 0x0000000088000000, 0x0000000088000000| Untracked 
| 105|0x0000000088100000, 0x0000000088100000, 0x0000000088200000|  0%| F|  |TAMS 0x0000000088100000, 0x0000000088100000| Untracked 
| 106|0x0000000088200000, 0x0000000088200000, 0x0000000088300000|  0%| F|  |TAMS 0x0000000088200000, 0x0000000088200000| Untracked 
| 107|0x0000000088300000, 0x0000000088300000, 0x0000000088400000|  0%| F|  |TAMS 0x0000000088300000, 0x0000000088300000| Untracked 
| 108|0x0000000088400000, 0x0000000088400000, 0x0000000088500000|  0%| F|  |TAMS 0x0000000088400000, 0x0000000088400000| Untracked 
| 109|0x0000000088500000, 0x0000000088500000, 0x0000000088600000|  0%| F|  |TAMS 0x0000000088500000, 0x0000000088500000| Untracked 
| 110|0x0000000088600000, 0x0000000088600000, 0x0000000088700000|  0%| F|  |TAMS 0x0000000088600000, 0x0000000088600000| Untracked 
| 111|0x0000000088700000, 0x0000000088700000, 0x0000000088800000|  0%| F|  |TAMS 0x0000000088700000, 0x0000000088700000| Untracked 
| 112|0x0000000088800000, 0x0000000088800000, 0x0000000088900000|  0%| F|  |TAMS 0x0000000088800000, 0x0000000088800000| Untracked 
| 113|0x0000000088900000, 0x0000000088900000, 0x0000000088a00000|  0%| F|  |TAMS 0x0000000088900000, 0x0000000088900000| Untracked 
| 114|0x0000000088a00000, 0x0000000088a00000, 0x0000000088b00000|  0%| F|  |TAMS 0x0000000088a00000, 0x0000000088a00000| Untracked 
| 115|0x0000000088b00000, 0x0000000088b00000, 0x0000000088c00000|  0%| F|  |TAMS 0x0000000088b00000, 0x0000000088b00000| Untracked 
| 116|0x0000000088c00000, 0x0000000088c00000, 0x0000000088d00000|  0%| F|  |TAMS 0x0000000088c00000, 0x0000000088c00000| Untracked 
| 117|0x0000000088d00000, 0x0000000088d00000, 0x0000000088e00000|  0%| F|  |TAMS 0x0000000088d00000, 0x0000000088d00000| Untracked 
| 118|0x0000000088e00000, 0x0000000088e00000, 0x0000000088f00000|  0%| F|  |TAMS 0x0000000088e00000, 0x0000000088e00000| Untracked 
| 119|0x0000000088f00000, 0x0000000088f00000, 0x0000000089000000|  0%| F|  |TAMS 0x0000000088f00000, 0x0000000088f00000| Untracked 
| 120|0x0000000089000000, 0x0000000089000000, 0x0000000089100000|  0%| F|  |TAMS 0x0000000089000000, 0x0000000089000000| Untracked 
| 121|0x0000000089100000, 0x0000000089100000, 0x0000000089200000|  0%| F|  |TAMS 0x0000000089100000, 0x0000000089100000| Untracked 
| 122|0x0000000089200000, 0x0000000089200000, 0x0000000089300000|  0%| F|  |TAMS 0x0000000089200000, 0x0000000089200000| Untracked 
| 123|0x0000000089300000, 0x0000000089300000, 0x0000000089400000|  0%| F|  |TAMS 0x0000000089300000, 0x0000000089300000| Untracked 
| 124|0x0000000089400000, 0x0000000089400000, 0x0000000089500000|  0%| F|  |TAMS 0x0000000089400000, 0x0000000089400000| Untracked 
| 125|0x0000000089500000, 0x0000000089500000, 0x0000000089600000|  0%| F|  |TAMS 0x0000000089500000, 0x0000000089500000| Untracked 
| 126|0x0000000089600000, 0x0000000089600000, 0x0000000089700000|  0%| F|  |TAMS 0x0000000089600000, 0x0000000089600000| Untracked 
| 127|0x0000000089700000, 0x0000000089700000, 0x0000000089800000|  0%| F|  |TAMS 0x0000000089700000, 0x0000000089700000| Untracked 
| 128|0x0000000089800000, 0x0000000089800000, 0x0000000089900000|  0%| F|  |TAMS 0x0000000089800000, 0x0000000089800000| Untracked 
| 129|0x0000000089900000, 0x0000000089900000, 0x0000000089a00000|  0%| F|  |TAMS 0x0000000089900000, 0x0000000089900000| Untracked 
| 130|0x0000000089a00000, 0x0000000089a00000, 0x0000000089b00000|  0%| F|  |TAMS 0x0000000089a00000, 0x0000000089a00000| Untracked 
| 131|0x0000000089b00000, 0x0000000089b00000, 0x0000000089c00000|  0%| F|  |TAMS 0x0000000089b00000, 0x0000000089b00000| Untracked 
| 132|0x0000000089c00000, 0x0000000089d00000, 0x0000000089d00000|100%| S|CS|TAMS 0x0000000089c00000, 0x0000000089c00000| Complete 
| 133|0x0000000089d00000, 0x0000000089e00000, 0x0000000089e00000|100%| S|CS|TAMS 0x0000000089d00000, 0x0000000089d00000| Complete 
| 134|0x0000000089e00000, 0x0000000089f00000, 0x0000000089f00000|100%| S|CS|TAMS 0x0000000089e00000, 0x0000000089e00000| Complete 
| 135|0x0000000089f00000, 0x000000008a000000, 0x000000008a000000|100%| S|CS|TAMS 0x0000000089f00000, 0x0000000089f00000| Complete 
| 136|0x000000008a000000, 0x000000008a100000, 0x000000008a100000|100%| S|CS|TAMS 0x000000008a000000, 0x000000008a000000| Complete 
| 137|0x000000008a100000, 0x000000008a200000, 0x000000008a200000|100%| S|CS|TAMS 0x000000008a100000, 0x000000008a100000| Complete 
| 138|0x000000008a200000, 0x000000008a300000, 0x000000008a300000|100%| S|CS|TAMS 0x000000008a200000, 0x000000008a200000| Complete 
| 139|0x000000008a300000, 0x000000008a400000, 0x000000008a400000|100%| S|CS|TAMS 0x000000008a300000, 0x000000008a300000| Complete 
| 140|0x000000008a400000, 0x000000008a400000, 0x000000008a500000|  0%| F|  |TAMS 0x000000008a400000, 0x000000008a400000| Untracked 
| 141|0x000000008a500000, 0x000000008a500000, 0x000000008a600000|  0%| F|  |TAMS 0x000000008a500000, 0x000000008a500000| Untracked 
| 142|0x000000008a600000, 0x000000008a600000, 0x000000008a700000|  0%| F|  |TAMS 0x000000008a600000, 0x000000008a600000| Untracked 
| 143|0x000000008a700000, 0x000000008a700000, 0x000000008a800000|  0%| F|  |TAMS 0x000000008a700000, 0x000000008a700000| Untracked 
| 144|0x000000008a800000, 0x000000008a800000, 0x000000008a900000|  0%| F|  |TAMS 0x000000008a800000, 0x000000008a800000| Untracked 
| 145|0x000000008a900000, 0x000000008a900000, 0x000000008aa00000|  0%| F|  |TAMS 0x000000008a900000, 0x000000008a900000| Untracked 
| 146|0x000000008aa00000, 0x000000008aa00000, 0x000000008ab00000|  0%| F|  |TAMS 0x000000008aa00000, 0x000000008aa00000| Untracked 
| 147|0x000000008ab00000, 0x000000008ac00000, 0x000000008ac00000|100%| S|CS|TAMS 0x000000008ab00000, 0x000000008ab00000| Complete 
| 148|0x000000008ac00000, 0x000000008ad00000, 0x000000008ad00000|100%| S|CS|TAMS 0x000000008ac00000, 0x000000008ac00000| Complete 
| 149|0x000000008ad00000, 0x000000008ae00000, 0x000000008ae00000|100%| S|CS|TAMS 0x000000008ad00000, 0x000000008ad00000| Complete 
| 150|0x000000008ae00000, 0x000000008ae00000, 0x000000008af00000|  0%| F|  |TAMS 0x000000008ae00000, 0x000000008ae00000| Untracked 
| 151|0x000000008af00000, 0x000000008af00000, 0x000000008b000000|  0%| F|  |TAMS 0x000000008af00000, 0x000000008af00000| Untracked 
| 152|0x000000008b000000, 0x000000008b000000, 0x000000008b100000|  0%| F|  |TAMS 0x000000008b000000, 0x000000008b000000| Untracked 
| 153|0x000000008b100000, 0x000000008b100000, 0x000000008b200000|  0%| F|  |TAMS 0x000000008b100000, 0x000000008b100000| Untracked 
| 154|0x000000008b200000, 0x000000008b200000, 0x000000008b300000|  0%| F|  |TAMS 0x000000008b200000, 0x000000008b200000| Untracked 
| 155|0x000000008b300000, 0x000000008b300000, 0x000000008b400000|  0%| F|  |TAMS 0x000000008b300000, 0x000000008b300000| Untracked 
| 156|0x000000008b400000, 0x000000008b400000, 0x000000008b500000|  0%| F|  |TAMS 0x000000008b400000, 0x000000008b400000| Untracked 
| 157|0x000000008b500000, 0x000000008b500000, 0x000000008b600000|  0%| F|  |TAMS 0x000000008b500000, 0x000000008b500000| Untracked 
| 158|0x000000008b600000, 0x000000008b600000, 0x000000008b700000|  0%| F|  |TAMS 0x000000008b600000, 0x000000008b600000| Untracked 
| 159|0x000000008b700000, 0x000000008b700000, 0x000000008b800000|  0%| F|  |TAMS 0x000000008b700000, 0x000000008b700000| Untracked 
| 160|0x000000008b800000, 0x000000008b800000, 0x000000008b900000|  0%| F|  |TAMS 0x000000008b800000, 0x000000008b800000| Untracked 
| 161|0x000000008b900000, 0x000000008b900000, 0x000000008ba00000|  0%| F|  |TAMS 0x000000008b900000, 0x000000008b900000| Untracked 
| 162|0x000000008ba00000, 0x000000008ba00000, 0x000000008bb00000|  0%| F|  |TAMS 0x000000008ba00000, 0x000000008ba00000| Untracked 
| 163|0x000000008bb00000, 0x000000008bb00000, 0x000000008bc00000|  0%| F|  |TAMS 0x000000008bb00000, 0x000000008bb00000| Untracked 
| 164|0x000000008bc00000, 0x000000008bc00000, 0x000000008bd00000|  0%| F|  |TAMS 0x000000008bc00000, 0x000000008bc00000| Untracked 
| 165|0x000000008bd00000, 0x000000008bd00000, 0x000000008be00000|  0%| F|  |TAMS 0x000000008bd00000, 0x000000008bd00000| Untracked 
| 166|0x000000008be00000, 0x000000008be00000, 0x000000008bf00000|  0%| F|  |TAMS 0x000000008be00000, 0x000000008be00000| Untracked 
| 167|0x000000008bf00000, 0x000000008bf00000, 0x000000008c000000|  0%| F|  |TAMS 0x000000008bf00000, 0x000000008bf00000| Untracked 
| 168|0x000000008c000000, 0x000000008c000000, 0x000000008c100000|  0%| F|  |TAMS 0x000000008c000000, 0x000000008c000000| Untracked 
| 169|0x000000008c100000, 0x000000008c100000, 0x000000008c200000|  0%| F|  |TAMS 0x000000008c100000, 0x000000008c100000| Untracked 
| 170|0x000000008c200000, 0x000000008c200000, 0x000000008c300000|  0%| F|  |TAMS 0x000000008c200000, 0x000000008c200000| Untracked 
| 171|0x000000008c300000, 0x000000008c300000, 0x000000008c400000|  0%| F|  |TAMS 0x000000008c300000, 0x000000008c300000| Untracked 
| 172|0x000000008c400000, 0x000000008c400000, 0x000000008c500000|  0%| F|  |TAMS 0x000000008c400000, 0x000000008c400000| Untracked 
| 173|0x000000008c500000, 0x000000008c500000, 0x000000008c600000|  0%| F|  |TAMS 0x000000008c500000, 0x000000008c500000| Untracked 
| 174|0x000000008c600000, 0x000000008c600000, 0x000000008c700000|  0%| F|  |TAMS 0x000000008c600000, 0x000000008c600000| Untracked 
| 175|0x000000008c700000, 0x000000008c700000, 0x000000008c800000|  0%| F|  |TAMS 0x000000008c700000, 0x000000008c700000| Untracked 
| 176|0x000000008c800000, 0x000000008c800000, 0x000000008c900000|  0%| F|  |TAMS 0x000000008c800000, 0x000000008c800000| Untracked 
| 177|0x000000008c900000, 0x000000008c900000, 0x000000008ca00000|  0%| F|  |TAMS 0x000000008c900000, 0x000000008c900000| Untracked 
| 178|0x000000008ca00000, 0x000000008ca00000, 0x000000008cb00000|  0%| F|  |TAMS 0x000000008ca00000, 0x000000008ca00000| Untracked 
| 179|0x000000008cb00000, 0x000000008cb00000, 0x000000008cc00000|  0%| F|  |TAMS 0x000000008cb00000, 0x000000008cb00000| Untracked 
| 180|0x000000008cc00000, 0x000000008cc00000, 0x000000008cd00000|  0%| F|  |TAMS 0x000000008cc00000, 0x000000008cc00000| Untracked 
| 181|0x000000008cd00000, 0x000000008cd00000, 0x000000008ce00000|  0%| F|  |TAMS 0x000000008cd00000, 0x000000008cd00000| Untracked 
| 182|0x000000008ce00000, 0x000000008ce00000, 0x000000008cf00000|  0%| F|  |TAMS 0x000000008ce00000, 0x000000008ce00000| Untracked 
| 183|0x000000008cf00000, 0x000000008cf00000, 0x000000008d000000|  0%| F|  |TAMS 0x000000008cf00000, 0x000000008cf00000| Untracked 
| 184|0x000000008d000000, 0x000000008d000000, 0x000000008d100000|  0%| F|  |TAMS 0x000000008d000000, 0x000000008d000000| Untracked 
| 185|0x000000008d100000, 0x000000008d100000, 0x000000008d200000|  0%| F|  |TAMS 0x000000008d100000, 0x000000008d100000| Untracked 
| 186|0x000000008d200000, 0x000000008d200000, 0x000000008d300000|  0%| F|  |TAMS 0x000000008d200000, 0x000000008d200000| Untracked 
| 187|0x000000008d300000, 0x000000008d300000, 0x000000008d400000|  0%| F|  |TAMS 0x000000008d300000, 0x000000008d300000| Untracked 
| 188|0x000000008d400000, 0x000000008d400000, 0x000000008d500000|  0%| F|  |TAMS 0x000000008d400000, 0x000000008d400000| Untracked 
| 189|0x000000008d500000, 0x000000008d500000, 0x000000008d600000|  0%| F|  |TAMS 0x000000008d500000, 0x000000008d500000| Untracked 
| 190|0x000000008d600000, 0x000000008d600000, 0x000000008d700000|  0%| F|  |TAMS 0x000000008d600000, 0x000000008d600000| Untracked 
| 191|0x000000008d700000, 0x000000008d700000, 0x000000008d800000|  0%| F|  |TAMS 0x000000008d700000, 0x000000008d700000| Untracked 
| 192|0x000000008d800000, 0x000000008d800000, 0x000000008d900000|  0%| F|  |TAMS 0x000000008d800000, 0x000000008d800000| Untracked 
| 193|0x000000008d900000, 0x000000008d900000, 0x000000008da00000|  0%| F|  |TAMS 0x000000008d900000, 0x000000008d900000| Untracked 
| 194|0x000000008da00000, 0x000000008da00000, 0x000000008db00000|  0%| F|  |TAMS 0x000000008da00000, 0x000000008da00000| Untracked 
| 195|0x000000008db00000, 0x000000008db00000, 0x000000008dc00000|  0%| F|  |TAMS 0x000000008db00000, 0x000000008db00000| Untracked 
| 196|0x000000008dc00000, 0x000000008dc00000, 0x000000008dd00000|  0%| F|  |TAMS 0x000000008dc00000, 0x000000008dc00000| Untracked 
| 197|0x000000008dd00000, 0x000000008dd00000, 0x000000008de00000|  0%| F|  |TAMS 0x000000008dd00000, 0x000000008dd00000| Untracked 
| 198|0x000000008de00000, 0x000000008de00000, 0x000000008df00000|  0%| F|  |TAMS 0x000000008de00000, 0x000000008de00000| Untracked 
| 199|0x000000008df00000, 0x000000008df00000, 0x000000008e000000|  0%| F|  |TAMS 0x000000008df00000, 0x000000008df00000| Untracked 
| 200|0x000000008e000000, 0x000000008e000000, 0x000000008e100000|  0%| F|  |TAMS 0x000000008e000000, 0x000000008e000000| Untracked 
| 201|0x000000008e100000, 0x000000008e100000, 0x000000008e200000|  0%| F|  |TAMS 0x000000008e100000, 0x000000008e100000| Untracked 
| 202|0x000000008e200000, 0x000000008e200000, 0x000000008e300000|  0%| F|  |TAMS 0x000000008e200000, 0x000000008e200000| Untracked 
| 203|0x000000008e300000, 0x000000008e300000, 0x000000008e400000|  0%| F|  |TAMS 0x000000008e300000, 0x000000008e300000| Untracked 
| 204|0x000000008e400000, 0x000000008e400000, 0x000000008e500000|  0%| F|  |TAMS 0x000000008e400000, 0x000000008e400000| Untracked 
| 205|0x000000008e500000, 0x000000008e500000, 0x000000008e600000|  0%| F|  |TAMS 0x000000008e500000, 0x000000008e500000| Untracked 
| 206|0x000000008e600000, 0x000000008e600000, 0x000000008e700000|  0%| F|  |TAMS 0x000000008e600000, 0x000000008e600000| Untracked 
| 207|0x000000008e700000, 0x000000008e700000, 0x000000008e800000|  0%| F|  |TAMS 0x000000008e700000, 0x000000008e700000| Untracked 
| 208|0x000000008e800000, 0x000000008e800000, 0x000000008e900000|  0%| F|  |TAMS 0x000000008e800000, 0x000000008e800000| Untracked 
| 209|0x000000008e900000, 0x000000008e900000, 0x000000008ea00000|  0%| F|  |TAMS 0x000000008e900000, 0x000000008e900000| Untracked 
| 210|0x000000008ea00000, 0x000000008ea00000, 0x000000008eb00000|  0%| F|  |TAMS 0x000000008ea00000, 0x000000008ea00000| Untracked 
| 211|0x000000008eb00000, 0x000000008eb00000, 0x000000008ec00000|  0%| F|  |TAMS 0x000000008eb00000, 0x000000008eb00000| Untracked 
| 212|0x000000008ec00000, 0x000000008ec00000, 0x000000008ed00000|  0%| F|  |TAMS 0x000000008ec00000, 0x000000008ec00000| Untracked 
| 213|0x000000008ed00000, 0x000000008ed00000, 0x000000008ee00000|  0%| F|  |TAMS 0x000000008ed00000, 0x000000008ed00000| Untracked 
| 214|0x000000008ee00000, 0x000000008ee00000, 0x000000008ef00000|  0%| F|  |TAMS 0x000000008ee00000, 0x000000008ee00000| Untracked 
| 215|0x000000008ef00000, 0x000000008ef00000, 0x000000008f000000|  0%| F|  |TAMS 0x000000008ef00000, 0x000000008ef00000| Untracked 
| 216|0x000000008f000000, 0x000000008f000000, 0x000000008f100000|  0%| F|  |TAMS 0x000000008f000000, 0x000000008f000000| Untracked 
| 217|0x000000008f100000, 0x000000008f100000, 0x000000008f200000|  0%| F|  |TAMS 0x000000008f100000, 0x000000008f100000| Untracked 
| 218|0x000000008f200000, 0x000000008f200000, 0x000000008f300000|  0%| F|  |TAMS 0x000000008f200000, 0x000000008f200000| Untracked 
| 219|0x000000008f300000, 0x000000008f300000, 0x000000008f400000|  0%| F|  |TAMS 0x000000008f300000, 0x000000008f300000| Untracked 
| 220|0x000000008f400000, 0x000000008f400000, 0x000000008f500000|  0%| F|  |TAMS 0x000000008f400000, 0x000000008f400000| Untracked 
| 221|0x000000008f500000, 0x000000008f500000, 0x000000008f600000|  0%| F|  |TAMS 0x000000008f500000, 0x000000008f500000| Untracked 
| 222|0x000000008f600000, 0x000000008f600000, 0x000000008f700000|  0%| F|  |TAMS 0x000000008f600000, 0x000000008f600000| Untracked 
| 223|0x000000008f700000, 0x000000008f700000, 0x000000008f800000|  0%| F|  |TAMS 0x000000008f700000, 0x000000008f700000| Untracked 
| 224|0x000000008f800000, 0x000000008f800000, 0x000000008f900000|  0%| F|  |TAMS 0x000000008f800000, 0x000000008f800000| Untracked 
| 225|0x000000008f900000, 0x000000008f900000, 0x000000008fa00000|  0%| F|  |TAMS 0x000000008f900000, 0x000000008f900000| Untracked 
| 226|0x000000008fa00000, 0x000000008fa00000, 0x000000008fb00000|  0%| F|  |TAMS 0x000000008fa00000, 0x000000008fa00000| Untracked 
| 227|0x000000008fb00000, 0x000000008fb00000, 0x000000008fc00000|  0%| F|  |TAMS 0x000000008fb00000, 0x000000008fb00000| Untracked 
| 228|0x000000008fc00000, 0x000000008fc00000, 0x000000008fd00000|  0%| F|  |TAMS 0x000000008fc00000, 0x000000008fc00000| Untracked 
| 229|0x000000008fd00000, 0x000000008fd00000, 0x000000008fe00000|  0%| F|  |TAMS 0x000000008fd00000, 0x000000008fd00000| Untracked 
| 230|0x000000008fe00000, 0x000000008fe00000, 0x000000008ff00000|  0%| F|  |TAMS 0x000000008fe00000, 0x000000008fe00000| Untracked 
| 231|0x000000008ff00000, 0x000000008ff00000, 0x0000000090000000|  0%| F|  |TAMS 0x000000008ff00000, 0x000000008ff00000| Untracked 
| 232|0x0000000090000000, 0x0000000090000000, 0x0000000090100000|  0%| F|  |TAMS 0x0000000090000000, 0x0000000090000000| Untracked 
| 233|0x0000000090100000, 0x0000000090100000, 0x0000000090200000|  0%| F|  |TAMS 0x0000000090100000, 0x0000000090100000| Untracked 
| 234|0x0000000090200000, 0x0000000090200000, 0x0000000090300000|  0%| F|  |TAMS 0x0000000090200000, 0x0000000090200000| Untracked 
| 235|0x0000000090300000, 0x0000000090300000, 0x0000000090400000|  0%| F|  |TAMS 0x0000000090300000, 0x0000000090300000| Untracked 
| 236|0x0000000090400000, 0x0000000090400000, 0x0000000090500000|  0%| F|  |TAMS 0x0000000090400000, 0x0000000090400000| Untracked 
| 237|0x0000000090500000, 0x0000000090500000, 0x0000000090600000|  0%| F|  |TAMS 0x0000000090500000, 0x0000000090500000| Untracked 
| 238|0x0000000090600000, 0x0000000090600000, 0x0000000090700000|  0%| F|  |TAMS 0x0000000090600000, 0x0000000090600000| Untracked 
| 239|0x0000000090700000, 0x0000000090700000, 0x0000000090800000|  0%| F|  |TAMS 0x0000000090700000, 0x0000000090700000| Untracked 
| 240|0x0000000090800000, 0x0000000090800000, 0x0000000090900000|  0%| F|  |TAMS 0x0000000090800000, 0x0000000090800000| Untracked 
| 241|0x0000000090900000, 0x0000000090900000, 0x0000000090a00000|  0%| F|  |TAMS 0x0000000090900000, 0x0000000090900000| Untracked 
| 242|0x0000000090a00000, 0x0000000090a00000, 0x0000000090b00000|  0%| F|  |TAMS 0x0000000090a00000, 0x0000000090a00000| Untracked 
| 243|0x0000000090b00000, 0x0000000090b00000, 0x0000000090c00000|  0%| F|  |TAMS 0x0000000090b00000, 0x0000000090b00000| Untracked 
| 244|0x0000000090c00000, 0x0000000090c00000, 0x0000000090d00000|  0%| F|  |TAMS 0x0000000090c00000, 0x0000000090c00000| Untracked 
| 245|0x0000000090d00000, 0x0000000090d00000, 0x0000000090e00000|  0%| F|  |TAMS 0x0000000090d00000, 0x0000000090d00000| Untracked 
| 246|0x0000000090e00000, 0x0000000090e00000, 0x0000000090f00000|  0%| F|  |TAMS 0x0000000090e00000, 0x0000000090e00000| Untracked 
| 247|0x0000000090f00000, 0x0000000090f00000, 0x0000000091000000|  0%| F|  |TAMS 0x0000000090f00000, 0x0000000090f00000| Untracked 
| 248|0x0000000091000000, 0x0000000091000000, 0x0000000091100000|  0%| F|  |TAMS 0x0000000091000000, 0x0000000091000000| Untracked 
| 249|0x0000000091100000, 0x0000000091100000, 0x0000000091200000|  0%| F|  |TAMS 0x0000000091100000, 0x0000000091100000| Untracked 
| 250|0x0000000091200000, 0x0000000091200000, 0x0000000091300000|  0%| F|  |TAMS 0x0000000091200000, 0x0000000091200000| Untracked 
| 251|0x0000000091300000, 0x0000000091300000, 0x0000000091400000|  0%| F|  |TAMS 0x0000000091300000, 0x0000000091300000| Untracked 
| 252|0x0000000091400000, 0x0000000091400000, 0x0000000091500000|  0%| F|  |TAMS 0x0000000091400000, 0x0000000091400000| Untracked 
| 253|0x0000000091500000, 0x0000000091500000, 0x0000000091600000|  0%| F|  |TAMS 0x0000000091500000, 0x0000000091500000| Untracked 
| 254|0x0000000091600000, 0x0000000091600000, 0x0000000091700000|  0%| F|  |TAMS 0x0000000091600000, 0x0000000091600000| Untracked 
| 255|0x0000000091700000, 0x0000000091700000, 0x0000000091800000|  0%| F|  |TAMS 0x0000000091700000, 0x0000000091700000| Untracked 
| 256|0x0000000091800000, 0x0000000091800000, 0x0000000091900000|  0%| F|  |TAMS 0x0000000091800000, 0x0000000091800000| Untracked 
| 257|0x0000000091900000, 0x0000000091900000, 0x0000000091a00000|  0%| F|  |TAMS 0x0000000091900000, 0x0000000091900000| Untracked 
| 258|0x0000000091a00000, 0x0000000091a00000, 0x0000000091b00000|  0%| F|  |TAMS 0x0000000091a00000, 0x0000000091a00000| Untracked 
| 259|0x0000000091b00000, 0x0000000091b00000, 0x0000000091c00000|  0%| F|  |TAMS 0x0000000091b00000, 0x0000000091b00000| Untracked 
| 260|0x0000000091c00000, 0x0000000091c00000, 0x0000000091d00000|  0%| F|  |TAMS 0x0000000091c00000, 0x0000000091c00000| Untracked 
| 261|0x0000000091d00000, 0x0000000091d00000, 0x0000000091e00000|  0%| F|  |TAMS 0x0000000091d00000, 0x0000000091d00000| Untracked 
| 262|0x0000000091e00000, 0x0000000091e00000, 0x0000000091f00000|  0%| F|  |TAMS 0x0000000091e00000, 0x0000000091e00000| Untracked 
| 263|0x0000000091f00000, 0x0000000091f00000, 0x0000000092000000|  0%| F|  |TAMS 0x0000000091f00000, 0x0000000091f00000| Untracked 
| 264|0x0000000092000000, 0x0000000092000000, 0x0000000092100000|  0%| F|  |TAMS 0x0000000092000000, 0x0000000092000000| Untracked 
| 265|0x0000000092100000, 0x0000000092100000, 0x0000000092200000|  0%| F|  |TAMS 0x0000000092100000, 0x0000000092100000| Untracked 
| 266|0x0000000092200000, 0x0000000092200000, 0x0000000092300000|  0%| F|  |TAMS 0x0000000092200000, 0x0000000092200000| Untracked 
| 267|0x0000000092300000, 0x0000000092300000, 0x0000000092400000|  0%| F|  |TAMS 0x0000000092300000, 0x0000000092300000| Untracked 
| 268|0x0000000092400000, 0x0000000092400000, 0x0000000092500000|  0%| F|  |TAMS 0x0000000092400000, 0x0000000092400000| Untracked 
| 269|0x0000000092500000, 0x0000000092500000, 0x0000000092600000|  0%| F|  |TAMS 0x0000000092500000, 0x0000000092500000| Untracked 
| 270|0x0000000092600000, 0x0000000092600000, 0x0000000092700000|  0%| F|  |TAMS 0x0000000092600000, 0x0000000092600000| Untracked 

Card table byte_map: [0x000001b578590000,0x000001b578990000] _byte_map_base: 0x000001b578184000

Marking Bits (Prev, Next): (CMBitMap*) 0x000001b5724605c0, (CMBitMap*) 0x000001b572460580
 Prev Bits: [0x000001b57ad30000, 0x000001b57ccd0000)
 Next Bits: [0x000001b578d90000, 0x000001b57ad30000)

Polling page: 0x000001b5703e0000

Metaspace:

Usage:
  Non-class:     39.99 MB used.
      Class:      5.73 MB used.
       Both:     45.72 MB used.

Virtual space:
  Non-class space:       48.00 MB reserved,      40.19 MB ( 84%) committed,  6 nodes.
      Class space:        1.00 GB reserved,       5.94 MB ( <1%) committed,  1 nodes.
             Both:        1.05 GB reserved,      46.12 MB (  4%) committed. 

Chunk freelists:
   Non-Class:  2.88 MB
       Class:  2.09 MB
        Both:  4.97 MB

MaxMetaspaceSize: unlimited
CompressedClassSpaceSize: 1.00 GB
Initial GC threshold: 21.00 MB
Current GC threshold: 74.00 MB
CDS: off
MetaspaceReclaimPolicy: balanced
 - commit_granule_bytes: 65536.
 - commit_granule_words: 8192.
 - virtual_space_node_default_size: 1048576.
 - enlarge_chunks_in_place: 1.
 - new_chunks_are_fully_committed: 0.
 - uncommit_free_chunks: 1.
 - use_allocation_guard: 0.
 - handle_deallocations: 1.


Internal statistics:

num_allocs_failed_limit: 6.
num_arena_births: 408.
num_arena_deaths: 0.
num_vsnodes_births: 7.
num_vsnodes_deaths: 0.
num_space_committed: 738.
num_space_uncommitted: 0.
num_chunks_returned_to_freelist: 6.
num_chunks_taken_from_freelist: 1873.
num_chunk_merges: 6.
num_chunk_splits: 1243.
num_chunks_enlarged: 902.
num_purges: 0.
num_inconsistent_stats: 0.

CodeCache: size=49152Kb used=10436Kb max_used=10436Kb free=38715Kb
 bounds [0x000001b575080000, 0x000001b575ac0000, 0x000001b578080000]
 total_blobs=5085 nmethods=4515 adapters=495
 compilation: enabled
              stopped_count=0, restarted_count=0
 full_count=0

Compilation events (20 events):
Event: 5.040 Thread 0x000001b5014bc5f0 nmethod 4503 0x000001b575aab610 code [0x000001b575aab7e0, 0x000001b575aaba88]
Event: 5.040 Thread 0x000001b5014bc5f0 4508       1       jdk.internal.jrtfs.SystemImage$1::getResource (9 bytes)
Event: 5.040 Thread 0x000001b5014bc5f0 nmethod 4508 0x000001b575aabc90 code [0x000001b575aabe40, 0x000001b575aabfd8]
Event: 5.040 Thread 0x000001b50169f050 nmethod 4505 0x000001b575aac110 code [0x000001b575aac300, 0x000001b575aac9a8]
Event: 5.041 Thread 0x000001b500953310 nmethod 4507 0x000001b575aacc10 code [0x000001b575aace20, 0x000001b575aad288]
Event: 5.041 Thread 0x000001b57024d550 nmethod 4506 0x000001b575aad510 code [0x000001b575aad780, 0x000001b575aade58]
Event: 5.050 Thread 0x000001b500953310 4509       1       jdk.internal.jimage.ImageReader::getResource (13 bytes)
Event: 5.051 Thread 0x000001b500953310 nmethod 4509 0x000001b575aaea90 code [0x000001b575aaec40, 0x000001b575aaedd8]
Event: 5.051 Thread 0x000001b50169f050 4510       1       jdk.internal.jimage.ImageReader$SharedImageReader::getResource (44 bytes)
Event: 5.051 Thread 0x000001b5014bc5f0 4511       1       jdk.internal.jrtfs.JrtFileSystem$1::<init> (25 bytes)
Event: 5.051 Thread 0x000001b5014bc5f0 nmethod 4511 0x000001b575aaef10 code [0x000001b575aaf0a0, 0x000001b575aaf218]
Event: 5.052 Thread 0x000001b50169f050 nmethod 4510 0x000001b575aaf290 code [0x000001b575aaf4e0, 0x000001b575aafaf8]
Event: 5.064 Thread 0x000001b57024d550 4512       1       java.util.concurrent.locks.ReentrantLock$NonfairSync::tryAcquire (27 bytes)
Event: 5.065 Thread 0x000001b57024d550 nmethod 4512 0x000001b575aafe90 code [0x000001b575ab0020, 0x000001b575ab0198]
Event: 5.066 Thread 0x000001b57024d550 4513   !   1       java.lang.ClassLoader::addClass (27 bytes)
Event: 5.066 Thread 0x000001b57024d550 nmethod 4513 0x000001b575ab0210 code [0x000001b575ab03c0, 0x000001b575ab0588]
Event: 5.069 Thread 0x000001b5014bc5f0 4514       1       java.util.concurrent.ConcurrentHashMap::resizeStamp (9 bytes)
Event: 5.069 Thread 0x000001b5014bc5f0 nmethod 4514 0x000001b575ab0990 code [0x000001b575ab0b20, 0x000001b575ab0be8]
Event: 5.104 Thread 0x000001b5014bc5f0 4515       1       java.util.concurrent.locks.AbstractQueuedSynchronizer::acquireInterruptibly (36 bytes)
Event: 5.109 Thread 0x000001b5014bc5f0 nmethod 4515 0x000001b575ab0c90 code [0x000001b575ab0e60, 0x000001b575ab10b8]

GC Heap History (20 events):
Event: 4.261 GC heap after
{Heap after GC invocations=12 (full 0):
 garbage-first heap   total 96256K, used 36513K [0x0000000081800000, 0x0000000100000000)
  region size 1024K, 6 young (6144K), 6 survivors (6144K)
 Metaspace       used 38067K, committed 38400K, reserved 1089536K
  class space    used 4812K, committed 4928K, reserved 1048576K
}
Event: 4.323 GC heap before
{Heap before GC invocations=12 (full 0):
 garbage-first heap   total 96256K, used 68257K [0x0000000081800000, 0x0000000100000000)
  region size 1024K, 38 young (38912K), 6 survivors (6144K)
 Metaspace       used 38192K, committed 38464K, reserved 1089536K
  class space    used 4823K, committed 4928K, reserved 1048576K
}
Event: 4.334 GC heap after
{Heap after GC invocations=13 (full 0):
 garbage-first heap   total 129024K, used 45461K [0x0000000081800000, 0x0000000100000000)
  region size 1024K, 5 young (5120K), 5 survivors (5120K)
 Metaspace       used 38192K, committed 38464K, reserved 1089536K
  class space    used 4823K, committed 4928K, reserved 1048576K
}
Event: 4.602 GC heap before
{Heap before GC invocations=13 (full 0):
 garbage-first heap   total 129024K, used 88469K [0x0000000081800000, 0x0000000100000000)
  region size 1024K, 48 young (49152K), 5 survivors (5120K)
 Metaspace       used 40406K, committed 40704K, reserved 1089536K
  class space    used 5056K, committed 5184K, reserved 1048576K
}
Event: 4.611 GC heap after
{Heap after GC invocations=14 (full 0):
 garbage-first heap   total 129024K, used 57344K [0x0000000081800000, 0x0000000100000000)
  region size 1024K, 6 young (6144K), 6 survivors (6144K)
 Metaspace       used 40406K, committed 40704K, reserved 1089536K
  class space    used 5056K, committed 5184K, reserved 1048576K
}
Event: 4.740 GC heap before
{Heap before GC invocations=14 (full 0):
 garbage-first heap   total 129024K, used 94208K [0x0000000081800000, 0x0000000100000000)
  region size 1024K, 41 young (41984K), 6 survivors (6144K)
 Metaspace       used 43878K, committed 44288K, reserved 1089536K
  class space    used 5464K, committed 5632K, reserved 1048576K
}
Event: 4.751 GC heap after
{Heap after GC invocations=15 (full 0):
 garbage-first heap   total 129024K, used 70093K [0x0000000081800000, 0x0000000100000000)
  region size 1024K, 6 young (6144K), 6 survivors (6144K)
 Metaspace       used 43878K, committed 44288K, reserved 1089536K
  class space    used 5464K, committed 5632K, reserved 1048576K
}
Event: 4.804 GC heap before
{Heap before GC invocations=15 (full 0):
 garbage-first heap   total 129024K, used 94669K [0x0000000081800000, 0x0000000100000000)
  region size 1024K, 31 young (31744K), 6 survivors (6144K)
 Metaspace       used 45037K, committed 45376K, reserved 1089536K
  class space    used 5620K, committed 5760K, reserved 1048576K
}
Event: 4.832 GC heap after
{Heap after GC invocations=16 (full 0):
 garbage-first heap   total 129024K, used 76800K [0x0000000081800000, 0x0000000100000000)
  region size 1024K, 4 young (4096K), 4 survivors (4096K)
 Metaspace       used 45037K, committed 45376K, reserved 1089536K
  class space    used 5620K, committed 5760K, reserved 1048576K
}
Event: 4.856 GC heap before
{Heap before GC invocations=16 (full 0):
 garbage-first heap   total 129024K, used 97280K [0x0000000081800000, 0x0000000100000000)
  region size 1024K, 25 young (25600K), 4 survivors (4096K)
 Metaspace       used 45075K, committed 45376K, reserved 1089536K
  class space    used 5630K, committed 5760K, reserved 1048576K
}
Event: 4.862 GC heap after
{Heap after GC invocations=17 (full 0):
 garbage-first heap   total 277504K, used 78814K [0x0000000081800000, 0x0000000100000000)
  region size 1024K, 2 young (2048K), 2 survivors (2048K)
 Metaspace       used 45075K, committed 45376K, reserved 1089536K
  class space    used 5630K, committed 5760K, reserved 1048576K
}
Event: 4.946 GC heap before
{Heap before GC invocations=17 (full 0):
 garbage-first heap   total 277504K, used 178142K [0x0000000081800000, 0x0000000100000000)
  region size 1024K, 101 young (103424K), 2 survivors (2048K)
 Metaspace       used 45202K, committed 45568K, reserved 1089536K
  class space    used 5648K, committed 5824K, reserved 1048576K
}
Event: 4.952 GC heap after
{Heap after GC invocations=18 (full 0):
 garbage-first heap   total 277504K, used 81789K [0x0000000081800000, 0x0000000100000000)
  region size 1024K, 6 young (6144K), 6 survivors (6144K)
 Metaspace       used 45202K, committed 45568K, reserved 1089536K
  class space    used 5648K, committed 5824K, reserved 1048576K
}
Event: 5.012 GC heap before
{Heap before GC invocations=19 (full 0):
 garbage-first heap   total 277504K, used 201597K [0x0000000081800000, 0x0000000100000000)
  region size 1024K, 124 young (126976K), 6 survivors (6144K)
 Metaspace       used 45755K, committed 46080K, reserved 1089536K
  class space    used 5708K, committed 5824K, reserved 1048576K
}
Event: 5.021 GC heap after
{Heap after GC invocations=20 (full 0):
 garbage-first heap   total 277504K, used 86714K [0x0000000081800000, 0x0000000100000000)
  region size 1024K, 11 young (11264K), 11 survivors (11264K)
 Metaspace       used 45755K, committed 46080K, reserved 1089536K
  class space    used 5708K, committed 5824K, reserved 1048576K
}
Event: 5.022 GC heap before
{Heap before GC invocations=20 (full 0):
 garbage-first heap   total 277504K, used 87738K [0x0000000081800000, 0x0000000100000000)
  region size 1024K, 13 young (13312K), 11 survivors (11264K)
 Metaspace       used 45771K, committed 46144K, reserved 1089536K
  class space    used 5711K, committed 5888K, reserved 1048576K
}
Event: 5.030 GC heap after
{Heap after GC invocations=21 (full 0):
 garbage-first heap   total 277504K, used 86936K [0x0000000081800000, 0x0000000100000000)
  region size 1024K, 2 young (2048K), 2 survivors (2048K)
 Metaspace       used 45771K, committed 46144K, reserved 1089536K
  class space    used 5711K, committed 5888K, reserved 1048576K
}
Event: 5.074 GC heap before
{Heap before GC invocations=21 (full 0):
 garbage-first heap   total 277504K, used 210840K [0x0000000081800000, 0x0000000100000000)
  region size 1024K, 124 young (126976K), 2 survivors (2048K)
 Metaspace       used 46339K, committed 46720K, reserved 1089536K
  class space    used 5792K, committed 5952K, reserved 1048576K
}
Event: 5.079 GC heap after
{Heap after GC invocations=22 (full 0):
 garbage-first heap   total 277504K, used 91983K [0x0000000081800000, 0x0000000100000000)
  region size 1024K, 7 young (7168K), 7 survivors (7168K)
 Metaspace       used 46339K, committed 46720K, reserved 1089536K
  class space    used 5792K, committed 5952K, reserved 1048576K
}
Event: 5.118 GC heap before
{Heap before GC invocations=22 (full 0):
 garbage-first heap   total 277504K, used 214863K [0x0000000081800000, 0x0000000100000000)
  region size 1024K, 128 young (131072K), 7 survivors (7168K)
 Metaspace       used 46821K, committed 47232K, reserved 1097728K
  class space    used 5869K, committed 6080K, reserved 1048576K
}

Dll operation events (9 events):
Event: 0.011 Loaded shared library c:\Users\Madhav\.vscode\extensions\redhat.java-1.13.0-win32-x64\jre\17.0.5-win32-x86_64\bin\java.dll
Event: 0.272 Loaded shared library C:\Users\Madhav\.vscode\extensions\redhat.java-1.13.0-win32-x64\jre\17.0.5-win32-x86_64\bin\net.dll
Event: 0.275 Loaded shared library C:\Users\Madhav\.vscode\extensions\redhat.java-1.13.0-win32-x64\jre\17.0.5-win32-x86_64\bin\nio.dll
Event: 0.284 Loaded shared library C:\Users\Madhav\.vscode\extensions\redhat.java-1.13.0-win32-x64\jre\17.0.5-win32-x86_64\bin\zip.dll
Event: 0.436 Loaded shared library c:\Users\Madhav\.vscode\extensions\redhat.java-1.13.0-win32-x64\jre\17.0.5-win32-x86_64\bin\verify.dll
Event: 0.446 Loaded shared library C:\Users\Madhav\.vscode\extensions\redhat.java-1.13.0-win32-x64\jre\17.0.5-win32-x86_64\bin\jimage.dll
Event: 1.633 Loaded shared library C:\Users\Madhav\.vscode\extensions\redhat.java-1.13.0-win32-x64\jre\17.0.5-win32-x86_64\bin\management.dll
Event: 1.636 Loaded shared library C:\Users\Madhav\.vscode\extensions\redhat.java-1.13.0-win32-x64\jre\17.0.5-win32-x86_64\bin\management_ext.dll
Event: 4.639 Loaded shared library C:\Users\Madhav\.vscode\extensions\redhat.java-1.13.0-win32-x64\jre\17.0.5-win32-x86_64\bin\sunmscapi.dll

Deoptimization events (14 events):
Event: 1.914 Thread 0x000001b57024cd30 DEOPT PACKING pc=0x000001b5755e0d99 sp=0x000000552fefd170
Event: 1.914 Thread 0x000001b57024cd30 DEOPT UNPACKING pc=0x000001b5750d2b43 sp=0x000000552fefc650 mode 3
Event: 3.266 Thread 0x000001b57024cd30 DEOPT PACKING pc=0x000001b57575b899 sp=0x000000552fefc550
Event: 3.266 Thread 0x000001b57024cd30 DEOPT UNPACKING pc=0x000001b5750d2b43 sp=0x000000552fefba30 mode 3
Event: 3.650 Thread 0x000001b50182c360 DEOPT PACKING pc=0x000001b575816cb5 sp=0x0000005531ffdcc0
Event: 3.650 Thread 0x000001b50182c360 DEOPT UNPACKING pc=0x000001b5750d2b43 sp=0x0000005531ffd1e8 mode 3
Event: 3.834 Thread 0x000001b5021a7070 DEOPT PACKING pc=0x000001b57583c0ab sp=0x00000055328fe8b0
Event: 3.834 Thread 0x000001b5021a7070 DEOPT UNPACKING pc=0x000001b5750d2b43 sp=0x00000055328fddf8 mode 3
Event: 3.857 Thread 0x000001b5020dd560 DEOPT PACKING pc=0x000001b5755de681 sp=0x0000005531efde50
Event: 3.857 Thread 0x000001b5020dd560 DEOPT UNPACKING pc=0x000001b5750d2b43 sp=0x0000005531efd2e0 mode 3
Event: 4.520 Thread 0x000001b5021a5390 DEOPT PACKING pc=0x000001b5755dbe97 sp=0x00000055324ff050
Event: 4.520 Thread 0x000001b5021a5390 DEOPT UNPACKING pc=0x000001b5750d2b43 sp=0x00000055324fe4a8 mode 3
Event: 4.616 Thread 0x000001b50228ee20 DEOPT PACKING pc=0x000001b575270d0c sp=0x0000005533ffe2a0
Event: 4.616 Thread 0x000001b50228ee20 DEOPT UNPACKING pc=0x000001b5750d2b43 sp=0x0000005533ffd768 mode 0

Classes unloaded (0 events):
No events

Classes redefined (0 events):
No events

Internal exceptions (20 events):
Event: 3.884 Thread 0x000001b5021a6200 Exception <a 'sun/nio/fs/WindowsException'{0x0000000084959a10}> (0x0000000084959a10) 
thrown [s\src\hotspot\share\prims\jni.cpp, line 516]
Event: 3.884 Thread 0x000001b5021a6200 Exception <a 'sun/nio/fs/WindowsException'{0x0000000084959dc0}> (0x0000000084959dc0) 
thrown [s\src\hotspot\share\prims\jni.cpp, line 516]
Event: 3.885 Thread 0x000001b5021a6200 Exception <a 'sun/nio/fs/WindowsException'{0x000000008495a7c8}> (0x000000008495a7c8) 
thrown [s\src\hotspot\share\prims\jni.cpp, line 516]
Event: 3.885 Thread 0x000001b5021a6200 Exception <a 'sun/nio/fs/WindowsException'{0x000000008495ab88}> (0x000000008495ab88) 
thrown [s\src\hotspot\share\prims\jni.cpp, line 516]
Event: 3.885 Thread 0x000001b5021a6200 Exception <a 'sun/nio/fs/WindowsException'{0x000000008495b588}> (0x000000008495b588) 
thrown [s\src\hotspot\share\prims\jni.cpp, line 516]
Event: 3.885 Thread 0x000001b5021a6200 Exception <a 'sun/nio/fs/WindowsException'{0x000000008495b938}> (0x000000008495b938) 
thrown [s\src\hotspot\share\prims\jni.cpp, line 516]
Event: 3.885 Thread 0x000001b5021a6200 Exception <a 'sun/nio/fs/WindowsException'{0x000000008495c340}> (0x000000008495c340) 
thrown [s\src\hotspot\share\prims\jni.cpp, line 516]
Event: 3.885 Thread 0x000001b5021a6200 Exception <a 'sun/nio/fs/WindowsException'{0x000000008495c700}> (0x000000008495c700) 
thrown [s\src\hotspot\share\prims\jni.cpp, line 516]
Event: 3.885 Thread 0x000001b5021a6200 Exception <a 'sun/nio/fs/WindowsException'{0x000000008495d128}> (0x000000008495d128) 
thrown [s\src\hotspot\share\prims\jni.cpp, line 516]
Event: 3.885 Thread 0x000001b5021a6200 Exception <a 'sun/nio/fs/WindowsException'{0x000000008495d508}> (0x000000008495d508) 
thrown [s\src\hotspot\share\prims\jni.cpp, line 516]
Event: 3.885 Thread 0x000001b5021a6200 Exception <a 'sun/nio/fs/WindowsException'{0x000000008495df40}> (0x000000008495df40) 
thrown [s\src\hotspot\share\prims\jni.cpp, line 516]
Event: 3.886 Thread 0x000001b5021a6200 Exception <a 'sun/nio/fs/WindowsException'{0x000000008495e330}> (0x000000008495e330) 
thrown [s\src\hotspot\share\prims\jni.cpp, line 516]
Event: 3.886 Thread 0x000001b5021a6200 Exception <a 'sun/nio/fs/WindowsException'{0x000000008495ed60}> (0x000000008495ed60) 
thrown [s\src\hotspot\share\prims\jni.cpp, line 516]
Event: 3.886 Thread 0x000001b5021a6200 Exception <a 'sun/nio/fs/WindowsException'{0x000000008495f150}> (0x000000008495f150) 
thrown [s\src\hotspot\share\prims\jni.cpp, line 516]
Event: 4.372 Thread 0x000001b50182c360 Exception <a 'java/lang/NoSuchMethodError'{0x0000000088be9a78}: 'java.lang.Object java.lang.invoke.Invokers$Holder.invoke_MT(java.lang.Object, java.lang.Object, java.lang.Object)'> (0x0000000088be9a78) 
thrown [s\src\hotspot\share\interpreter\linkResolver.cpp, line 759]
Event: 4.506 Thread 0x000001b50182c360 Exception <a 'java/lang/NoSuchMethodError'{0x00000000875e6600}: 'java.lang.Object java.lang.invoke.DirectMethodHandle$Holder.newInvokeSpecial(java.lang.Object, java.lang.Object, int)'> (0x00000000875e6600) 
thrown [s\src\hotspot\share\interpreter\linkResolver.cpp, line 759]
Event: 4.519 Thread 0x000001b502294e60 Exception <a 'java/lang/NoSuchMethodError'{0x0000000087315fc8}: 'java.lang.Object java.lang.invoke.Invokers$Holder.linkToTargetMethod(java.lang.Object, long, java.lang.Object)'> (0x0000000087315fc8) 
thrown [s\src\hotspot\share\interpreter\linkResolver.cpp, line 759]
Event: 4.535 Thread 0x000001b50228ee20 Exception <a 'java/lang/NoSuchMethodError'{0x0000000087245b90}: 'void java.lang.invoke.DirectMethodHandle$Holder.invokeVirtual(java.lang.Object, java.lang.Object, java.lang.Object, java.lang.Object)'> (0x0000000087245b90) 
thrown [s\src\hotspot\share\interpreter\linkResolver.cpp, line 759]
Event: 4.668 Thread 0x000001b50228ee20 Exception <a 'sun/nio/fs/WindowsException'{0x0000000088aff138}> (0x0000000088aff138) 
thrown [s\src\hotspot\share\prims\jni.cpp, line 516]
Event: 4.677 Thread 0x000001b50228ee20 Exception <a 'java/lang/NoSuchMethodError'{0x0000000088648120}: 'int java.lang.invoke.DirectMethodHandle$Holder.invokeStaticInit(java.lang.Object, java.lang.Object, java.lang.Object, java.lang.Object)'> (0x0000000088648120) 
thrown [s\src\hotspot\share\interpreter\linkResolver.cpp, line 759]

VM Operations (20 events):
Event: 4.952 Executing VM operation: G1CollectForAllocation done
Event: 4.952 Executing VM operation: HandshakeAllThreads
Event: 4.952 Executing VM operation: HandshakeAllThreads done
Event: 4.970 Executing VM operation: G1Concurrent
Event: 4.977 Executing VM operation: G1Concurrent done
Event: 5.011 Executing VM operation: G1CollectForAllocation
Event: 5.012 Executing VM operation: G1CollectForAllocation done
Event: 5.012 Executing VM operation: G1CollectForAllocation
Event: 5.021 Executing VM operation: G1CollectForAllocation done
Event: 5.022 Executing VM operation: G1CollectForAllocation
Event: 5.022 Executing VM operation: G1CollectForAllocation done
Event: 5.022 Executing VM operation: G1CollectForAllocation
Event: 5.030 Executing VM operation: G1CollectForAllocation done
Event: 5.071 Executing VM operation: G1CollectForAllocation
Event: 5.074 Executing VM operation: G1CollectForAllocation done
Event: 5.074 Executing VM operation: G1CollectForAllocation
Event: 5.079 Executing VM operation: G1CollectForAllocation done
Event: 5.117 Executing VM operation: G1CollectForAllocation
Event: 5.118 Executing VM operation: G1CollectForAllocation done
Event: 5.118 Executing VM operation: G1CollectForAllocation

Events (20 events):
Event: 5.115 loading class sun/security/ssl/Finished$T13FinishedProducer
Event: 5.115 loading class sun/security/ssl/Finished$T13FinishedProducer done
Event: 5.116 loading class sun/security/ssl/CertificateStatus
Event: 5.116 loading class sun/security/ssl/CertificateStatus done
Event: 5.116 loading class sun/security/ssl/CertificateStatus$CertificateStatusConsumer
Event: 5.116 loading class sun/security/ssl/CertificateStatus$CertificateStatusConsumer done
Event: 5.116 loading class sun/security/ssl/CertificateStatus$CertificateStatusProducer
Event: 5.116 loading class sun/security/ssl/CertificateStatus$CertificateStatusProducer done
Event: 5.116 loading class sun/security/ssl/CertificateStatus$CertificateStatusAbsence
Event: 5.116 loading class sun/security/ssl/HandshakeAbsence
Event: 5.116 loading class sun/security/ssl/HandshakeAbsence done
Event: 5.116 loading class sun/security/ssl/CertificateStatus$CertificateStatusAbsence done
Event: 5.116 loading class sun/security/ssl/KeyUpdate
Event: 5.116 loading class sun/security/ssl/KeyUpdate done
Event: 5.116 loading class sun/security/ssl/KeyUpdate$KeyUpdateKickstartProducer
Event: 5.116 loading class sun/security/ssl/KeyUpdate$KeyUpdateKickstartProducer done
Event: 5.116 loading class sun/security/ssl/KeyUpdate$KeyUpdateConsumer
Event: 5.117 loading class sun/security/ssl/KeyUpdate$KeyUpdateConsumer done
Event: 5.118 loading class sun/security/ssl/KeyUpdate$KeyUpdateProducer
Event: 5.118 loading class sun/security/ssl/KeyUpdate$KeyUpdateProducer done


Dynamic libraries:
0x00007ff6c80a0000 - 0x00007ff6c80ae000 	c:\Users\Madhav\.vscode\extensions\redhat.java-1.13.0-win32-x64\jre\17.0.5-win32-x86_64\bin\java.exe
0x00007ffec4f10000 - 0x00007ffec5108000 	C:\Windows\SYSTEM32\ntdll.dll
0x00007ffec2fd0000 - 0x00007ffec308d000 	C:\Windows\System32\KERNEL32.DLL
0x00007ffec2bf0000 - 0x00007ffec2ebe000 	C:\Windows\System32\KERNELBASE.dll
0x00007ffebfe50000 - 0x00007ffebfee0000 	C:\Windows\SYSTEM32\apphelp.dll
0x00007ffec2750000 - 0x00007ffec2850000 	C:\Windows\System32\ucrtbase.dll
0x00007ffeaa7e0000 - 0x00007ffeaa7f7000 	c:\Users\Madhav\.vscode\extensions\redhat.java-1.13.0-win32-x64\jre\17.0.5-win32-x86_64\bin\jli.dll
0x00007ffeac790000 - 0x00007ffeac7a9000 	c:\Users\Madhav\.vscode\extensions\redhat.java-1.13.0-win32-x64\jre\17.0.5-win32-x86_64\bin\VCRUNTIME140.dll
0x00007ffec40f0000 - 0x00007ffec4290000 	C:\Windows\System32\USER32.dll
0x00007ffec2680000 - 0x00007ffec26a2000 	C:\Windows\System32\win32u.dll
0x00007ffec4400000 - 0x00007ffec442a000 	C:\Windows\System32\GDI32.dll
0x00007ffeac930000 - 0x00007ffeacbca000 	C:\Windows\WinSxS\amd64_microsoft.windows.common-controls_6595b64144ccf1df_6.0.19041.1110_none_60b5254171f9507e\COMCTL32.dll
0x00007ffec4360000 - 0x00007ffec43fe000 	C:\Windows\System32\msvcrt.dll
0x00007ffec2a50000 - 0x00007ffec2b5b000 	C:\Windows\System32\gdi32full.dll
0x00007ffec29b0000 - 0x00007ffec2a4d000 	C:\Windows\System32\msvcp_win.dll
0x00007ffec30a0000 - 0x00007ffec30d0000 	C:\Windows\System32\IMM32.DLL
0x00007ffeb1dc0000 - 0x00007ffeb1dcc000 	c:\Users\Madhav\.vscode\extensions\redhat.java-1.13.0-win32-x64\jre\17.0.5-win32-x86_64\bin\vcruntime140_1.dll
0x00007ffe907d0000 - 0x00007ffe90861000 	c:\Users\Madhav\.vscode\extensions\redhat.java-1.13.0-win32-x64\jre\17.0.5-win32-x86_64\bin\msvcp140.dll
0x00007ffe6b270000 - 0x00007ffe6beb4000 	c:\Users\Madhav\.vscode\extensions\redhat.java-1.13.0-win32-x64\jre\17.0.5-win32-x86_64\bin\server\jvm.dll
0x00007ffec3310000 - 0x00007ffec33be000 	C:\Windows\System32\ADVAPI32.dll
0x00007ffec4960000 - 0x00007ffec49fc000 	C:\Windows\System32\sechost.dll
0x00007ffec4c40000 - 0x00007ffec4d65000 	C:\Windows\System32\RPCRT4.dll
0x00007ffea63f0000 - 0x00007ffea63f9000 	C:\Windows\SYSTEM32\WSOCK32.dll
0x00007ffeb43f0000 - 0x00007ffeb4417000 	C:\Windows\SYSTEM32\WINMM.dll
0x00007ffebce90000 - 0x00007ffebce9a000 	C:\Windows\SYSTEM32\VERSION.dll
0x00007ffec4e60000 - 0x00007ffec4ecb000 	C:\Windows\System32\WS2_32.dll
0x00007ffec0510000 - 0x00007ffec0522000 	C:\Windows\SYSTEM32\kernel.appcore.dll
0x00007ffead620000 - 0x00007ffead62a000 	c:\Users\Madhav\.vscode\extensions\redhat.java-1.13.0-win32-x64\jre\17.0.5-win32-x86_64\bin\jimage.dll
0x00007ffeb1fd0000 - 0x00007ffeb21b4000 	C:\Windows\SYSTEM32\DBGHELP.DLL
0x00007ffea7be0000 - 0x00007ffea7c0c000 	C:\Windows\SYSTEM32\dbgcore.DLL
0x00007ffec2b60000 - 0x00007ffec2be2000 	C:\Windows\System32\bcryptPrimitives.dll
0x00007ffe9be10000 - 0x00007ffe9be35000 	c:\Users\Madhav\.vscode\extensions\redhat.java-1.13.0-win32-x64\jre\17.0.5-win32-x86_64\bin\java.dll
0x00007ffe9bce0000 - 0x00007ffe9bcf8000 	c:\Users\Madhav\.vscode\extensions\redhat.java-1.13.0-win32-x64\jre\17.0.5-win32-x86_64\bin\zip.dll
0x00007ffec3880000 - 0x00007ffec3fc4000 	C:\Windows\System32\SHELL32.dll
0x00007ffec0710000 - 0x00007ffec0ea4000 	C:\Windows\SYSTEM32\windows.storage.dll
0x00007ffec3520000 - 0x00007ffec3874000 	C:\Windows\System32\combase.dll
0x00007ffec1f40000 - 0x00007ffec1f70000 	C:\Windows\SYSTEM32\Wldp.dll
0x00007ffec4b90000 - 0x00007ffec4c3d000 	C:\Windows\System32\SHCORE.dll
0x00007ffec4a00000 - 0x00007ffec4a55000 	C:\Windows\System32\shlwapi.dll
0x00007ffec2570000 - 0x00007ffec258f000 	C:\Windows\SYSTEM32\profapi.dll
0x00007ffe9baa0000 - 0x00007ffe9bab9000 	C:\Users\Madhav\.vscode\extensions\redhat.java-1.13.0-win32-x64\jre\17.0.5-win32-x86_64\bin\net.dll
0x00007ffeb3a70000 - 0x00007ffeb3b7a000 	C:\Windows\SYSTEM32\WINHTTP.dll
0x00007ffec1cc0000 - 0x00007ffec1d2a000 	C:\Windows\system32\mswsock.dll
0x00007ffe9ba20000 - 0x00007ffe9ba35000 	C:\Users\Madhav\.vscode\extensions\redhat.java-1.13.0-win32-x64\jre\17.0.5-win32-x86_64\bin\nio.dll
0x00007ffeacbd0000 - 0x00007ffeacbe0000 	c:\Users\Madhav\.vscode\extensions\redhat.java-1.13.0-win32-x64\jre\17.0.5-win32-x86_64\bin\verify.dll
0x00007ffeb3e20000 - 0x00007ffeb3e29000 	C:\Users\Madhav\.vscode\extensions\redhat.java-1.13.0-win32-x64\jre\17.0.5-win32-x86_64\bin\management.dll
0x00007ffeb3e10000 - 0x00007ffeb3e1b000 	C:\Users\Madhav\.vscode\extensions\redhat.java-1.13.0-win32-x64\jre\17.0.5-win32-x86_64\bin\management_ext.dll
0x00007ffec4d70000 - 0x00007ffec4d78000 	C:\Windows\System32\PSAPI.DLL
0x00007ffeaf280000 - 0x00007ffeaf297000 	C:\Windows\system32\napinsp.dll
0x00007ffeaf260000 - 0x00007ffeaf27b000 	C:\Windows\system32\pnrpnsp.dll
0x00007ffebba70000 - 0x00007ffebba85000 	C:\Windows\system32\wshbth.dll
0x00007ffebde60000 - 0x00007ffebde7d000 	C:\Windows\system32\NLAapi.dll
0x00007ffec19d0000 - 0x00007ffec1a0b000 	C:\Windows\SYSTEM32\IPHLPAPI.DLL
0x00007ffec1a10000 - 0x00007ffec1adb000 	C:\Windows\SYSTEM32\DNSAPI.dll
0x00007ffec3090000 - 0x00007ffec3098000 	C:\Windows\System32\NSI.dll
0x00007ffeaf240000 - 0x00007ffeaf252000 	C:\Windows\System32\winrnr.dll
0x000000006c450000 - 0x000000006c476000 	C:\Program Files\Bonjour\mdnsNSP.dll
0x00007ffebb180000 - 0x00007ffebb18a000 	C:\Windows\System32\rasadhlp.dll
0x00007ffeafe40000 - 0x00007ffeafec0000 	C:\Windows\System32\fwpuclnt.dll
0x00007ffec2720000 - 0x00007ffec2747000 	C:\Windows\System32\bcrypt.dll
0x00007ffec22e0000 - 0x00007ffec22f8000 	C:\Windows\SYSTEM32\CRYPTSP.dll
0x00007ffec1660000 - 0x00007ffec1694000 	C:\Windows\system32\rsaenh.dll
0x00007ffec2530000 - 0x00007ffec255e000 	C:\Windows\SYSTEM32\USERENV.dll
0x00007ffec1e50000 - 0x00007ffec1e5c000 	C:\Windows\SYSTEM32\CRYPTBASE.dll
0x00007ffeba860000 - 0x00007ffeba877000 	C:\Windows\SYSTEM32\dhcpcsvc6.DLL
0x00007ffeb8190000 - 0x00007ffeb81ad000 	C:\Windows\SYSTEM32\dhcpcsvc.DLL
0x00007ffeac8b0000 - 0x00007ffeac8be000 	C:\Users\Madhav\.vscode\extensions\redhat.java-1.13.0-win32-x64\jre\17.0.5-win32-x86_64\bin\sunmscapi.dll
0x00007ffec2850000 - 0x00007ffec29a6000 	C:\Windows\System32\CRYPT32.dll
0x00007ffec1fb0000 - 0x00007ffec1fd7000 	C:\Windows\SYSTEM32\ncrypt.dll
0x00007ffec1f70000 - 0x00007ffec1fab000 	C:\Windows\SYSTEM32\NTASN1.dll

dbghelp: loaded successfully - version: 4.0.5 - missing functions: none
symbol engine: initialized successfully - sym options: 0x614 - pdb path: .;c:\Users\Madhav\.vscode\extensions\redhat.java-1.13.0-win32-x64\jre\17.0.5-win32-x86_64\bin;C:\Windows\SYSTEM32;C:\Windows\WinSxS\amd64_microsoft.windows.common-controls_6595b64144ccf1df_6.0.19041.1110_none_60b5254171f9507e;c:\Users\Madhav\.vscode\extensions\redhat.java-1.13.0-win32-x64\jre\17.0.5-win32-x86_64\bin\server;C:\Program Files\Bonjour

VM Arguments:
jvm_args: -Dsts.lsp.client=vscode -Dsts.log.file=/dev/null -XX:TieredStopAtLevel=1 -Xlog:jni+resolve=off -Dspring.config.location=file:c:\Users\Madhav\.vscode\extensions\pivotal.vscode-spring-boot-1.42.0\language-server\BOOT-INF\classes\application.properties 
java_command: org.springframework.ide.vscode.boot.app.BootLanguageServerBootApp
java_class_path (initial): c:\Users\Madhav\.vscode\extensions\pivotal.vscode-spring-boot-1.42.0\language-server\BOOT-INF\classes;c:\Users\Madhav\.vscode\extensions\pivotal.vscode-spring-boot-1.42.0\language-server\BOOT-INF\lib\annotations-23.1.0.jar;c:\Users\Madhav\.vscode\extensions\pivotal.vscode-spring-boot-1.42.0\language-server\BOOT-INF\lib\ant-1.10.12.jar;c:\Users\Madhav\.vscode\extensions\pivotal.vscode-spring-boot-1.42.0\language-server\BOOT-INF\lib\ant-launcher-1.10.12.jar;c:\Users\Madhav\.vscode\extensions\pivotal.vscode-spring-boot-1.42.0\language-server\BOOT-INF\lib\antlr-runtime-3.5.2.jar;c:\Users\Madhav\.vscode\extensions\pivotal.vscode-spring-boot-1.42.0\language-server\BOOT-INF\lib\antlr4-4.9.3.jar;c:\Users\Madhav\.vscode\extensions\pivotal.vscode-spring-boot-1.42.0\language-server\BOOT-INF\lib\antlr4-runtime-4.9.3.jar;c:\Users\Madhav\.vscode\extensions\pivotal.vscode-spring-boot-1.42.0\language-server\BOOT-INF\lib\apiguardian-api-1.1.2.jar;c:\Users\Madhav\.vscode\extensions\pivotal.vscode-spring-boot-1.42.0\language-server\BOOT-INF\lib\asm-9.4.jar;c:\Users\Madhav\.vscode\extensions\pivotal.vscode-spring-boot-1.42.0\language-server\BOOT-INF\lib\asm-analysis-9.4.jar;c:\Users\Madhav\.vscode\extensions\pivotal.vscode-spring-boot-1.42.0\language-server\BOOT-INF\lib\asm-tree-9.4.jar;c:\Users\Madhav\.vscode\extensions\pivotal.vscode-spring-boot-1.42.0\language-server\BOOT-INF\lib\asm-util-9.4.jar;c:\Users\Madhav\.vscode\extensions\pivotal.vscode-spring-boot-1.42.0\language-server\BOOT-INF\lib\caffeine-2.9.3.jar;c:\Users\Madhav\.vscode\extensions\pivotal.vscode-spring-boot-1.42.0\language-server\BOOT-INF\lib\checker-qual-3.12.0.jar;c:\Users\Madhav\.vscode\extensions\pivotal.vscode-spring-boot-1.42.0\language-server\BOOT-INF\lib\ci-environment-9.1.0.jar;c:\Users\Madhav\.vscode\extensions\pivotal.vscode-spring-boot-1.42.0\language-server\BOOT-INF\lib\classgraph-4.8.149.jar;c:\Users\Madhav\.vscode\extensions\pivotal.vscode-spring-boot-1.42.0\language-server\
Launcher Type: SUN_STANDARD

[Global flags]
     intx CICompilerCount                          = 4                                         {product} {ergonomic}
     uint ConcGCThreads                            = 2                                         {product} {ergonomic}
     uint G1ConcRefinementThreads                  = 8                                         {product} {ergonomic}
   size_t G1HeapRegionSize                         = 1048576                                   {product} {ergonomic}
    uintx GCDrainStackTargetSize                   = 64                                        {product} {ergonomic}
   size_t InitialHeapSize                          = 134217728                                 {product} {ergonomic}
   size_t MarkStackSize                            = 4194304                                   {product} {ergonomic}
   size_t MaxHeapSize                              = 2122317824                                {product} {ergonomic}
   size_t MaxNewSize                               = 1272971264                                {product} {ergonomic}
   size_t MinHeapDeltaBytes                        = 1048576                                   {product} {ergonomic}
   size_t MinHeapSize                              = 8388608                                   {product} {ergonomic}
    uintx NonProfiledCodeHeapSize                  = 0                                      {pd product} {ergonomic}
     bool ProfileInterpreter                       = false                                  {pd product} {command line}
    uintx ProfiledCodeHeapSize                     = 0                                      {pd product} {ergonomic}
   size_t SoftMaxHeapSize                          = 2122317824                             {manageable} {ergonomic}
     intx TieredStopAtLevel                        = 1                                         {product} {command line}
     bool UseCompressedClassPointers               = true                           {product lp64_product} {ergonomic}
     bool UseCompressedOops                        = true                           {product lp64_product} {ergonomic}
     bool UseG1GC                                  = true                                      {product} {ergonomic}
     bool UseLargePagesIndividualAllocation        = false                                  {pd product} {ergonomic}

Logging:
Log output configuration:
 #0: stdout all=warning,jni+resolve=off uptime,level,tags
 #1: stderr all=off uptime,level,tags

Environment Variables:
PATH=C:\Users\Madhav\AppData\Local\cloud-code\installer\google-cloud-sdk\bin;C:\Python311\Scripts\;C:\Python311\;C:\Python310\Scripts\;C:\Python310\;C:\Program Files\Eclipse Adoptium\jdk-17.0.2.8-hotspot\bin;C:\Program Files\Common Files\Oracle\Java\javapath;C:\Windows\system32;C:\Windows;C:\Windows\System32\Wbem;C:\Windows\System32\WindowsPowerShell\v1.0\;C:\Windows\System32\OpenSSH\;C:\Program Files\NVIDIA Corporation\NVIDIA NvDLISR;C:\Program Files (x86)\NVIDIA Corporation\PhysX\Common;C:\Program Files\Git\cmd;C:\ProgramData\chocolatey\bin;C:\Program Files\nodejs\;C:\Program Files\Docker\Docker\resources\bin;C:\Program Files\MySQL\MySQL Shell 8.0\bin\;C:\Users\Madhav\AppData\Local\Microsoft\WindowsApps;C:\Users\Madhav\AppData\Local\Programs\Microsoft VS Code\bin;C:\src\flutter\bin;C:\Users\Madhav\AppData\Roaming\npm;C:\Users\Madhav\AppData\Local\Google\Cloud SDK\google-cloud-sdk\bin;C:\Program Files (x86)\Google\Cloud SDK\google-cloud-sdk\bin;C:\Program Files\Google\Cloud SDK\google-cloud-sdk\bin
USERNAME=Madhav
OS=Windows_NT
PROCESSOR_IDENTIFIER=AMD64 Family 21 Model 2 Stepping 0, AuthenticAMD
TMP=C:\Users\Madhav\AppData\Local\Temp
TEMP=C:\Users\Madhav\AppData\Local\Temp



---------------  S Y S T E M  ---------------

OS:
 Windows 10 , 64 bit Build 19041 (10.0.19041.1806)
OS uptime: 7 days 6:32 hours
Hyper-V role detected

CPU: total 8 (initial active 8) (8 cores per cpu, 1 threads per core) family 21 model 2 stepping 0 microcode 0x0, cx8, cmov, fxsr, mmx, 3dnowpref, sse, sse2, sse3, ssse3, sse4a, sse4.1, sse4.2, popcnt, lzcnt, tsc, tscinvbit, avx, aes, clmul, bmi1, fma, vzeroupper, clflush, hv

Memory: 4k page, system-wide physical 8091M (1245M free)
TotalPageFile size 20091M (AvailPageFile size 503M)
current process WorkingSet (physical memory assigned to process): 400M, peak: 400M
current process commit charge ("private bytes"): 437M, peak: 979M

vm_info: OpenJDK 64-Bit Server VM (17.0.5+8) for windows-amd64 JRE (17.0.5+8), built on Oct 19 2022 04:48:13 by "temurin" with MS VC++ 16.7 (VS2019)

END.
