#
# There is insufficient memory for the Java Runtime Environment to continue.
# Native memory allocation (mmap) failed to map 488636416 bytes for G1 virtual space
# Possible reasons:
#   The system is out of physical RAM or swap space
#   The process is running with CompressedOops enabled, and the Java Heap may be blocking the growth of the native heap
# Possible solutions:
#   Reduce memory load on the system
#   Increase physical memory or swap space
#   Check if swap backing store is full
#   Decrease Java heap size (-Xmx/-Xms)
#   Decrease number of Java threads
#   Decrease Java thread stack sizes (-Xss)
#   Set larger code cache with -XX:ReservedCodeCacheSize=
#   JVM is running with Unscaled Compressed Oops mode in which the Java heap is
#     placed in the first 4GB address space. The Java Heap base address is the
#     maximum limit for the native heap growth. Please use -XX:HeapBaseMinAddress
#     to set the Java Heap base and to place the Java Heap above 4GB virtual address.
# This output file may be truncated or incomplete.
#
#  Out of Memory Error (os_windows.cpp:3548), pid=92, tid=12372
#
# JRE version: OpenJDK Runtime Environment Temurin-17.0.5+8 (17.0.5+8) (build 17.0.5+8)
# Java VM: OpenJDK 64-Bit Server VM Temurin-17.0.5+8 (17.0.5+8, mixed mode, emulated-client, tiered, compressed oops, compressed class ptrs, g1 gc, windows-amd64)
# No core dump will be written. Minidumps are not enabled by default on client versions of Windows
#

---------------  S U M M A R Y ------------

Command Line: -Dsts.lsp.client=vscode -Dsts.log.file=/dev/null -XX:TieredStopAtLevel=1 -Xlog:jni+resolve=off -Dspring.config.location=file:c:\Users\Madhav\.vscode\extensions\pivotal.vscode-spring-boot-1.42.0\language-server\BOOT-INF\classes\application.properties org.springframework.ide.vscode.boot.app.BootLanguageServerBootApp

Host: AMD FX(tm)-8320 Eight-Core Processor           , 8 cores, 7G,  Windows 10 , 64 bit Build 19041 (10.0.19041.1806)
Time: Sat Dec 24 17:01:18 2022 India Standard Time elapsed time: 5.174863 seconds (0d 0h 0m 5s)

---------------  T H R E A D  ---------------

Current thread (0x000001ed7600e8d0):  VMThread "VM Thread" [stack: 0x0000001cfa500000,0x0000001cfa600000] [id=12372]

Stack: [0x0000001cfa500000,0x0000001cfa600000]
Native frames: (J=compiled Java code, j=interpreted, Vv=VM code, C=native code)
V  [jvm.dll+0x676b3a]
V  [jvm.dll+0x831444]
V  [jvm.dll+0x832bee]
V  [jvm.dll+0x833253]
V  [jvm.dll+0x244ce5]
V  [jvm.dll+0x673a49]
V  [jvm.dll+0x66811a]
V  [jvm.dll+0x303ceb]
V  [jvm.dll+0x30b1e6]
V  [jvm.dll+0x35adbe]
V  [jvm.dll+0x35afef]
V  [jvm.dll+0x2dab88]
V  [jvm.dll+0x2d8e3c]
V  [jvm.dll+0x2d840c]
V  [jvm.dll+0x31c31b]
V  [jvm.dll+0x8376fb]
V  [jvm.dll+0x838434]
V  [jvm.dll+0x83894c]
V  [jvm.dll+0x838d24]
V  [jvm.dll+0x838df0]
V  [jvm.dll+0x7e17ea]
V  [jvm.dll+0x6759e5]
C  [ucrtbase.dll+0x21bb2]
C  [KERNEL32.DLL+0x17034]
C  [ntdll.dll+0x52651]

VM_Operation (0x0000001cfdafdfe0): G1CollectForAllocation, mode: safepoint, requested by thread 0x000001ed78750b30


---------------  P R O C E S S  ---------------

Threads class SMR info:
_java_thread_list=0x000001ed788ff9c0, length=55, elements={
0x000001ed77019380, 0x000001ed7701a100, 0x000001ed77046e30, 0x000001ed77048860,
0x000001ed77049120, 0x000001ed7704a9f0, 0x000001ed7704e860, 0x000001ed77057170,
0x000001ed7724f4b0, 0x000001ed7725ff70, 0x000001ed7726a2e0, 0x000001ed7754b780,
0x000001ed7754bc90, 0x000001ed784138a0, 0x000001ed786381a0, 0x000001ed78629850,
0x000001ed671a6cb0, 0x000001ed78655230, 0x000001ed786d9900, 0x000001ed786d9dd0,
0x000001ed786f1030, 0x000001ed786f1500, 0x000001ed786ff470, 0x000001ed786ff940,
0x000001ed786fefa0, 0x000001ed786ffe10, 0x000001ed787002e0, 0x000001ed786fead0,
0x000001ed7874d170, 0x000001ed787514d0, 0x000001ed7874afc0, 0x000001ed7874f320,
0x000001ed7874d640, 0x000001ed7874c7d0, 0x000001ed7874f7f0, 0x000001ed7874fcc0,
0x000001ed78750190, 0x000001ed7874db10, 0x000001ed7874ee50, 0x000001ed78751000,
0x000001ed7874aaf0, 0x000001ed78750660, 0x000001ed787519a0, 0x000001ed7874e980,
0x000001ed78750b30, 0x000001ed78751e70, 0x000001ed7874b490, 0x000001ed7874b960,
0x000001ed7874a620, 0x000001ed7874be30, 0x000001ed7874c300, 0x000001ed7874dfe0,
0x000001ed7874e4b0, 0x000001ed7b2c9d40, 0x000001ed7b2cdbd0
}

Java Threads: ( => current thread )
  0x000001ed77019380 JavaThread "Reference Handler" daemon [_thread_blocked, id=18764, stack(0x0000001cfa600000,0x0000001cfa700000)]
  0x000001ed7701a100 JavaThread "Finalizer" daemon [_thread_blocked, id=4428, stack(0x0000001cfa700000,0x0000001cfa800000)]
  0x000001ed77046e30 JavaThread "Signal Dispatcher" daemon [_thread_blocked, id=9256, stack(0x0000001cfa800000,0x0000001cfa900000)]
  0x000001ed77048860 JavaThread "Attach Listener" daemon [_thread_blocked, id=15904, stack(0x0000001cfa900000,0x0000001cfaa00000)]
  0x000001ed77049120 JavaThread "Service Thread" daemon [_thread_blocked, id=1848, stack(0x0000001cfaa00000,0x0000001cfab00000)]
  0x000001ed7704a9f0 JavaThread "Monitor Deflation Thread" daemon [_thread_blocked, id=19460, stack(0x0000001cfab00000,0x0000001cfac00000)]
  0x000001ed7704e860 JavaThread "C1 CompilerThread0" daemon [_thread_blocked, id=4172, stack(0x0000001cfac00000,0x0000001cfad00000)]
  0x000001ed77057170 JavaThread "Sweeper thread" daemon [_thread_blocked, id=17080, stack(0x0000001cfad00000,0x0000001cfae00000)]
  0x000001ed7724f4b0 JavaThread "C1 CompilerThread1" daemon [_thread_blocked, id=644, stack(0x0000001cfae00000,0x0000001cfaf00000)]
  0x000001ed7725ff70 JavaThread "Notification Thread" daemon [_thread_blocked, id=16400, stack(0x0000001cfaf00000,0x0000001cfb000000)]
  0x000001ed7726a2e0 JavaThread "Common-Cleaner" daemon [_thread_blocked, id=18596, stack(0x0000001cfb100000,0x0000001cfb200000)]
  0x000001ed7754b780 JavaThread "C1 CompilerThread2" daemon [_thread_blocked, id=5764, stack(0x0000001cfb200000,0x0000001cfb300000)]
  0x000001ed7754bc90 JavaThread "C1 CompilerThread3" daemon [_thread_blocked, id=14672, stack(0x0000001cfb300000,0x0000001cfb400000)]
  0x000001ed784138a0 JavaThread "boundedElastic-evictor-1" daemon [_thread_blocked, id=13944, stack(0x0000001cfbb00000,0x0000001cfbc00000)]
  0x000001ed786381a0 JavaThread "pool-11-thread-1" [_thread_blocked, id=14116, stack(0x0000001cfbd00000,0x0000001cfbe00000)]
  0x000001ed78629850 JavaThread "LanguageServerApp-lifecycle" [_thread_blocked, id=19048, stack(0x0000001cfbe00000,0x0000001cfbf00000)]
  0x000001ed671a6cb0 JavaThread "DestroyJavaVM" [_thread_blocked, id=19084, stack(0x0000001cf9f00000,0x0000001cfa000000)]
  0x000001ed78655230 JavaThread "pool-12-thread-1" [_thread_in_native, id=18500, stack(0x0000001cfbf00000,0x0000001cfc000000)]
  0x000001ed786d9900 JavaThread "Simple-Language-Server main thread" daemon [_thread_blocked, id=13600, stack(0x0000001cfc000000,0x0000001cfc100000)]
  0x000001ed786d9dd0 JavaThread "pool-2-thread-1" [_thread_blocked, id=14984, stack(0x0000001cfc100000,0x0000001cfc200000)]
  0x000001ed786f1030 JavaThread "pool-2-thread-2" [_thread_blocked, id=20452, stack(0x0000001cfc200000,0x0000001cfc300000)]
  0x000001ed786f1500 JavaThread "pool-2-thread-3" [_thread_blocked, id=13064, stack(0x0000001cfc300000,0x0000001cfc400000)]
  0x000001ed786ff470 JavaThread "pool-8-thread-1" [_thread_blocked, id=8436, stack(0x0000001cfc400000,0x0000001cfc500000)]
  0x000001ed786ff940 JavaThread "parallel-1" daemon [_thread_blocked, id=19032, stack(0x0000001cfc500000,0x0000001cfc600000)]
  0x000001ed786fefa0 JavaThread "parallel-2" daemon [_thread_blocked, id=9012, stack(0x0000001cfc600000,0x0000001cfc700000)]
  0x000001ed786ffe10 JavaThread "parallel-3" daemon [_thread_blocked, id=19796, stack(0x0000001cfc700000,0x0000001cfc800000)]
  0x000001ed787002e0 JavaThread "parallel-4" daemon [_thread_blocked, id=4940, stack(0x0000001cfc800000,0x0000001cfc900000)]
  0x000001ed786fead0 JavaThread "ForkJoinPool.commonPool-worker-1" daemon [_thread_blocked, id=11296, stack(0x0000001cfc900000,0x0000001cfca00000)]
  0x000001ed7874d170 JavaThread "pool-5-thread-1" [_thread_blocked, id=8396, stack(0x0000001cfca00000,0x0000001cfcb00000)]
  0x000001ed787514d0 JavaThread "parallel-5" daemon [_thread_blocked, id=18100, stack(0x0000001cfcb00000,0x0000001cfcc00000)]
  0x000001ed7874afc0 JavaThread "Reconciler-1" daemon [_thread_blocked, id=8808, stack(0x0000001cfcc00000,0x0000001cfcd00000)]
  0x000001ed7874f320 JavaThread "ClassGraph-worker-0" daemon [_thread_blocked, id=20012, stack(0x0000001cfcd00000,0x0000001cfce00000)]
  0x000001ed7874d640 JavaThread "ClassGraph-worker-1" daemon [_thread_blocked, id=18428, stack(0x0000001cfce00000,0x0000001cfcf00000)]
  0x000001ed7874c7d0 JavaThread "ClassGraph-worker-2" daemon [_thread_blocked, id=18704, stack(0x0000001cfcf00000,0x0000001cfd000000)]
  0x000001ed7874f7f0 JavaThread "ClassGraph-worker-3" daemon [_thread_blocked, id=17724, stack(0x0000001cfd000000,0x0000001cfd100000)]
  0x000001ed7874fcc0 JavaThread "ClassGraph-worker-4" daemon [_thread_blocked, id=956, stack(0x0000001cfd100000,0x0000001cfd200000)]
  0x000001ed78750190 JavaThread "ClassGraph-worker-5" daemon [_thread_blocked, id=20372, stack(0x0000001cfd200000,0x0000001cfd300000)]
  0x000001ed7874db10 JavaThread "ClassGraph-worker-6" daemon [_thread_blocked, id=19416, stack(0x0000001cfd300000,0x0000001cfd400000)]
  0x000001ed7874ee50 JavaThread "ClassGraph-worker-7" daemon [_thread_blocked, id=13584, stack(0x0000001cfd400000,0x0000001cfd500000)]
  0x000001ed78751000 JavaThread "ClassGraph-worker-8" daemon [_thread_blocked, id=18744, stack(0x0000001cfd500000,0x0000001cfd600000)]
  0x000001ed7874aaf0 JavaThread "ClassGraph-worker-9" daemon [_thread_blocked, id=11512, stack(0x0000001cfd600000,0x0000001cfd700000)]
  0x000001ed78750660 JavaThread "ClassGraph-worker-10" daemon [_thread_blocked, id=4900, stack(0x0000001cfd700000,0x0000001cfd800000)]
  0x000001ed787519a0 JavaThread "ClassGraph-worker-11" daemon [_thread_blocked, id=8520, stack(0x0000001cfd800000,0x0000001cfd900000)]
  0x000001ed7874e980 JavaThread "ClassGraph-worker-12" daemon [_thread_blocked, id=4556, stack(0x0000001cfd900000,0x0000001cfda00000)]
  0x000001ed78750b30 JavaThread "ClassGraph-worker-13" daemon [_thread_blocked, id=20228, stack(0x0000001cfda00000,0x0000001cfdb00000)]
  0x000001ed78751e70 JavaThread "pool-6-thread-1" [_thread_blocked, id=14760, stack(0x0000001cfdb00000,0x0000001cfdc00000)]
  0x000001ed7874b490 JavaThread "pool-10-thread-1" [_thread_blocked, id=16204, stack(0x0000001cfdc00000,0x0000001cfdd00000)]
  0x000001ed7874b960 JavaThread "parallel-6" daemon [_thread_blocked, id=20292, stack(0x0000001cfdd00000,0x0000001cfde00000)]
  0x000001ed7874a620 JavaThread "parallel-7" daemon [_thread_blocked, id=5272, stack(0x0000001cfde00000,0x0000001cfdf00000)]
  0x000001ed7874be30 JavaThread "parallel-8" daemon [_thread_blocked, id=18116, stack(0x0000001cfdf00000,0x0000001cfe000000)]
  0x000001ed7874c300 JavaThread "pool-10-thread-2" [_thread_blocked, id=1016, stack(0x0000001cfe000000,0x0000001cfe100000)]
  0x000001ed7874dfe0 JavaThread "ForkJoinPool.commonPool-worker-2" daemon [_thread_blocked, id=18960, stack(0x0000001cfe100000,0x0000001cfe200000)]
  0x000001ed7874e4b0 JavaThread "Project-Reconciler-1" daemon [_thread_blocked, id=18532, stack(0x0000001cfe200000,0x0000001cfe300000)]
  0x000001ed7b2c9d40 JavaThread "pool-10-thread-3" [_thread_blocked, id=20404, stack(0x0000001cfe300000,0x0000001cfe400000)]
  0x000001ed7b2cdbd0 JavaThread "Project-Reconciler-2" daemon [_thread_blocked, id=15708, stack(0x0000001cfe400000,0x0000001cfe500000)]

Other Threads:
=>0x000001ed7600e8d0 VMThread "VM Thread" [stack: 0x0000001cfa500000,0x0000001cfa600000] [id=12372]
  0x000001ed67219dd0 WatcherThread [stack: 0x0000001cfb000000,0x0000001cfb100000] [id=18660]
  0x000001ed671ffce0 GCTaskThread "GC Thread#0" [stack: 0x0000001cfa000000,0x0000001cfa100000] [id=2332]
  0x000001ed77bbe030 GCTaskThread "GC Thread#1" [stack: 0x0000001cfb400000,0x0000001cfb500000] [id=19128]
  0x000001ed77bbe2e0 GCTaskThread "GC Thread#2" [stack: 0x0000001cfb500000,0x0000001cfb600000] [id=19072]
  0x000001ed77c1ec90 GCTaskThread "GC Thread#3" [stack: 0x0000001cfb600000,0x0000001cfb700000] [id=1264]
  0x000001ed77bd23d0 GCTaskThread "GC Thread#4" [stack: 0x0000001cfb700000,0x0000001cfb800000] [id=17740]
  0x000001ed77bd2680 GCTaskThread "GC Thread#5" [stack: 0x0000001cfb800000,0x0000001cfb900000] [id=11164]
  0x000001ed77e91db0 GCTaskThread "GC Thread#6" [stack: 0x0000001cfb900000,0x0000001cfba00000] [id=15676]
  0x000001ed77e92470 GCTaskThread "GC Thread#7" [stack: 0x0000001cfba00000,0x0000001cfbb00000] [id=16904]
  0x000001ed67210920 ConcurrentGCThread "G1 Main Marker" [stack: 0x0000001cfa100000,0x0000001cfa200000] [id=18680]
  0x000001ed67211ad0 ConcurrentGCThread "G1 Conc#0" [stack: 0x0000001cfa200000,0x0000001cfa300000] [id=15380]
  0x000001ed780ac330 ConcurrentGCThread "G1 Conc#1" [stack: 0x0000001cfbc00000,0x0000001cfbd00000] [id=16580]
  0x000001ed6725eac0 ConcurrentGCThread "G1 Refine#0" [stack: 0x0000001cfa300000,0x0000001cfa400000] [id=15704]
  0x000001ed7b1a59a0 ConcurrentGCThread "G1 Refine#1" [stack: 0x0000001cfe500000,0x0000001cfe600000] [id=12432]
  0x000001ed7b1a56c0 ConcurrentGCThread "G1 Refine#2" [stack: 0x0000001cfe600000,0x0000001cfe700000] [id=16428]
  0x000001ed7b1a5f60 ConcurrentGCThread "G1 Refine#3" [stack: 0x0000001cfe700000,0x0000001cfe800000] [id=4240]
  0x000001ed75e78530 ConcurrentGCThread "G1 Service" [stack: 0x0000001cfa400000,0x0000001cfa500000] [id=12768]

Threads with active compile tasks:
C1 CompilerThread0     5207 4501       1       jdk.internal.jrtfs.JrtFileSystemProvider::newByteChannel (10 bytes)
C1 CompilerThread2     5207 4503       1       jdk.internal.jrtfs.JrtFileSystem::newByteChannel (44 bytes)

VM state: at safepoint (normal execution)

VM Mutex/Monitor currently owned by a thread:  ([mutex/lock_event])
[0x000001ed670074b0] Threads_lock - owner thread: 0x000001ed7600e8d0
[0x000001ed67197100] Heap_lock - owner thread: 0x000001ed78750b30

Heap address: 0x0000000081800000, size: 2024 MB, Compressed Oops mode: 32-bit

CDS archive(s) not mapped
Compressed class space mapped at: 0x0000000100000000-0x0000000140000000, reserved size: 1073741824
Narrow klass base: 0x0000000000000000, Narrow klass shift: 3, Narrow klass range: 0x140000000

GC Precious Log:
 CPUs: 8 total, 8 available
 Memory: 8091M
 Large Page Support: Disabled
 NUMA Support: Disabled
 Compressed Oops: Enabled (32-bit)
 Heap Region Size: 1M
 Heap Min Capacity: 8M
 Heap Initial Capacity: 128M
 Heap Max Capacity: 2024M
 Pre-touch: Disabled
 Parallel Workers: 8
 Concurrent Workers: 2
 Concurrent Refinement Workers: 8
 Periodic GC: Disabled

Heap:
 garbage-first heap   total 284672K, used 96147K [0x0000000081800000, 0x0000000100000000)
  region size 1024K, 11 young (11264K), 11 survivors (11264K)
 Metaspace       used 47645K, committed 48064K, reserved 1097728K
  class space    used 6002K, committed 6208K, reserved 1048576K

Heap Regions: E=young(eden), S=young(survivor), O=old, HS=humongous(starts), HC=humongous(continues), CS=collection set, F=free, OA=open archive, CA=closed archive, TAMS=top-at-mark-start (previous, next)
|   0|0x0000000081800000, 0x0000000081900000, 0x0000000081900000|100%| O|  |TAMS 0x0000000081900000, 0x0000000081800000| Untracked 
|   1|0x0000000081900000, 0x0000000081a00000, 0x0000000081a00000|100%| O|  |TAMS 0x0000000081a00000, 0x0000000081900000| Untracked 
|   2|0x0000000081a00000, 0x0000000081b00000, 0x0000000081b00000|100%| O|  |TAMS 0x0000000081b00000, 0x0000000081a00000| Untracked 
|   3|0x0000000081b00000, 0x0000000081c00000, 0x0000000081c00000|100%| O|  |TAMS 0x0000000081c00000, 0x0000000081b00000| Untracked 
|   4|0x0000000081c00000, 0x0000000081d00000, 0x0000000081d00000|100%| O|  |TAMS 0x0000000081d00000, 0x0000000081c00000| Untracked 
|   5|0x0000000081d00000, 0x0000000081e00000, 0x0000000081e00000|100%| O|  |TAMS 0x0000000081e00000, 0x0000000081d00000| Untracked 
|   6|0x0000000081e00000, 0x0000000081f00000, 0x0000000081f00000|100%| O|  |TAMS 0x0000000081f00000, 0x0000000081e00000| Untracked 
|   7|0x0000000081f00000, 0x0000000082000000, 0x0000000082000000|100%| O|  |TAMS 0x0000000082000000, 0x0000000081f00000| Untracked 
|   8|0x0000000082000000, 0x0000000082100000, 0x0000000082100000|100%| O|  |TAMS 0x0000000082100000, 0x0000000082000000| Untracked 
|   9|0x0000000082100000, 0x0000000082200000, 0x0000000082200000|100%| O|  |TAMS 0x0000000082200000, 0x0000000082100000| Untracked 
|  10|0x0000000082200000, 0x0000000082300000, 0x0000000082300000|100%| O|  |TAMS 0x0000000082300000, 0x0000000082200000| Untracked 
|  11|0x0000000082300000, 0x0000000082400000, 0x0000000082400000|100%| O|  |TAMS 0x0000000082400000, 0x0000000082300000| Untracked 
|  12|0x0000000082400000, 0x0000000082500000, 0x0000000082500000|100%| O|  |TAMS 0x0000000082500000, 0x0000000082400000| Untracked 
|  13|0x0000000082500000, 0x0000000082600000, 0x0000000082600000|100%| O|  |TAMS 0x0000000082500000, 0x0000000082500000| Untracked 
|  14|0x0000000082600000, 0x00000000826f6400, 0x0000000082700000| 96%| O|  |TAMS 0x00000000826f6400, 0x0000000082600000| Untracked 
|  15|0x0000000082700000, 0x0000000082800000, 0x0000000082800000|100%| O|  |TAMS 0x0000000082800000, 0x0000000082700000| Untracked 
|  16|0x0000000082800000, 0x0000000082900000, 0x0000000082900000|100%| O|  |TAMS 0x0000000082900000, 0x0000000082800000| Untracked 
|  17|0x0000000082900000, 0x0000000082a00000, 0x0000000082a00000|100%| O|  |TAMS 0x0000000082a00000, 0x0000000082900000| Untracked 
|  18|0x0000000082a00000, 0x0000000082b00000, 0x0000000082b00000|100%| O|  |TAMS 0x0000000082b00000, 0x0000000082a00000| Untracked 
|  19|0x0000000082b00000, 0x0000000082c00000, 0x0000000082c00000|100%| O|  |TAMS 0x0000000082c00000, 0x0000000082b00000| Untracked 
|  20|0x0000000082c00000, 0x0000000082d00000, 0x0000000082d00000|100%| O|  |TAMS 0x0000000082d00000, 0x0000000082c00000| Untracked 
|  21|0x0000000082d00000, 0x0000000082e00000, 0x0000000082e00000|100%| O|  |TAMS 0x0000000082e00000, 0x0000000082d00000| Untracked 
|  22|0x0000000082e00000, 0x0000000082f00000, 0x0000000082f00000|100%| O|  |TAMS 0x0000000082f00000, 0x0000000082e00000| Untracked 
|  23|0x0000000082f00000, 0x0000000083000000, 0x0000000083000000|100%| O|  |TAMS 0x0000000083000000, 0x0000000082f00000| Untracked 
|  24|0x0000000083000000, 0x0000000083100000, 0x0000000083100000|100%| O|  |TAMS 0x0000000083100000, 0x0000000083000000| Untracked 
|  25|0x0000000083100000, 0x0000000083200000, 0x0000000083200000|100%| O|  |TAMS 0x0000000083200000, 0x0000000083100000| Untracked 
|  26|0x0000000083200000, 0x0000000083300000, 0x0000000083300000|100%| O|  |TAMS 0x0000000083300000, 0x0000000083200000| Untracked 
|  27|0x0000000083300000, 0x0000000083400000, 0x0000000083400000|100%| O|  |TAMS 0x0000000083400000, 0x0000000083300000| Untracked 
|  28|0x0000000083400000, 0x0000000083500000, 0x0000000083500000|100%| O|  |TAMS 0x0000000083500000, 0x0000000083400000| Untracked 
|  29|0x0000000083500000, 0x0000000083600000, 0x0000000083600000|100%| O|  |TAMS 0x0000000083600000, 0x0000000083500000| Untracked 
|  30|0x0000000083600000, 0x0000000083700000, 0x0000000083700000|100%| O|  |TAMS 0x0000000083700000, 0x0000000083600000| Untracked 
|  31|0x0000000083700000, 0x0000000083800000, 0x0000000083800000|100%| O|  |TAMS 0x0000000083800000, 0x0000000083700000| Untracked 
|  32|0x0000000083800000, 0x0000000083900000, 0x0000000083900000|100%| O|  |TAMS 0x0000000083900000, 0x0000000083800000| Untracked 
|  33|0x0000000083900000, 0x0000000083a00000, 0x0000000083a00000|100%| O|  |TAMS 0x0000000083a00000, 0x0000000083900000| Untracked 
|  34|0x0000000083a00000, 0x0000000083b00000, 0x0000000083b00000|100%| O|  |TAMS 0x0000000083b00000, 0x0000000083a00000| Untracked 
|  35|0x0000000083b00000, 0x0000000083c00000, 0x0000000083c00000|100%| O|  |TAMS 0x0000000083c00000, 0x0000000083b00000| Untracked 
|  36|0x0000000083c00000, 0x0000000083d00000, 0x0000000083d00000|100%| O|  |TAMS 0x0000000083d00000, 0x0000000083c00000| Untracked 
|  37|0x0000000083d00000, 0x0000000083e00000, 0x0000000083e00000|100%| O|  |TAMS 0x0000000083e00000, 0x0000000083d00000| Untracked 
|  38|0x0000000083e00000, 0x0000000083f00000, 0x0000000083f00000|100%| O|  |TAMS 0x0000000083f00000, 0x0000000083e00000| Untracked 
|  39|0x0000000083f00000, 0x0000000084000000, 0x0000000084000000|100%| O|  |TAMS 0x0000000084000000, 0x0000000083f00000| Untracked 
|  40|0x0000000084000000, 0x0000000084100000, 0x0000000084100000|100%| O|  |TAMS 0x0000000084100000, 0x0000000084000000| Untracked 
|  41|0x0000000084100000, 0x0000000084200000, 0x0000000084200000|100%| O|  |TAMS 0x0000000084200000, 0x0000000084100000| Untracked 
|  42|0x0000000084200000, 0x0000000084300000, 0x0000000084300000|100%| O|  |TAMS 0x0000000084300000, 0x0000000084200000| Untracked 
|  43|0x0000000084300000, 0x0000000084400000, 0x0000000084400000|100%| O|  |TAMS 0x0000000084400000, 0x0000000084300000| Untracked 
|  44|0x0000000084400000, 0x0000000084500000, 0x0000000084500000|100%| O|  |TAMS 0x0000000084500000, 0x0000000084400000| Untracked 
|  45|0x0000000084500000, 0x0000000084600000, 0x0000000084600000|100%| O|  |TAMS 0x0000000084600000, 0x0000000084500000| Untracked 
|  46|0x0000000084600000, 0x0000000084700000, 0x0000000084700000|100%| O|  |TAMS 0x0000000084700000, 0x0000000084600000| Untracked 
|  47|0x0000000084700000, 0x0000000084800000, 0x0000000084800000|100%| O|  |TAMS 0x0000000084800000, 0x0000000084700000| Untracked 
|  48|0x0000000084800000, 0x0000000084900000, 0x0000000084900000|100%| O|  |TAMS 0x0000000084800000, 0x0000000084800000| Untracked 
|  49|0x0000000084900000, 0x0000000084a00000, 0x0000000084a00000|100%| O|  |TAMS 0x0000000084a00000, 0x0000000084900000| Untracked 
|  50|0x0000000084a00000, 0x0000000084b00000, 0x0000000084b00000|100%| O|  |TAMS 0x0000000084b00000, 0x0000000084a00000| Untracked 
|  51|0x0000000084b00000, 0x0000000084c00000, 0x0000000084c00000|100%| O|  |TAMS 0x0000000084c00000, 0x0000000084b00000| Untracked 
|  52|0x0000000084c00000, 0x0000000084d00000, 0x0000000084d00000|100%| O|  |TAMS 0x0000000084d00000, 0x0000000084c00000| Untracked 
|  53|0x0000000084d00000, 0x0000000084e00000, 0x0000000084e00000|100%| O|  |TAMS 0x0000000084e00000, 0x0000000084d00000| Untracked 
|  54|0x0000000084e00000, 0x0000000084f00000, 0x0000000084f00000|100%| O|  |TAMS 0x0000000084f00000, 0x0000000084e00000| Untracked 
|  55|0x0000000084f00000, 0x0000000085000000, 0x0000000085000000|100%| O|  |TAMS 0x0000000085000000, 0x0000000084f00000| Untracked 
|  56|0x0000000085000000, 0x0000000085100000, 0x0000000085100000|100%| O|  |TAMS 0x0000000085100000, 0x0000000085000000| Untracked 
|  57|0x0000000085100000, 0x0000000085200000, 0x0000000085200000|100%| O|  |TAMS 0x0000000085200000, 0x0000000085100000| Untracked 
|  58|0x0000000085200000, 0x0000000085300000, 0x0000000085300000|100%| O|  |TAMS 0x0000000085200000, 0x0000000085200000| Untracked 
|  59|0x0000000085300000, 0x0000000085400000, 0x0000000085400000|100%| O|  |TAMS 0x0000000085300000, 0x0000000085300000| Untracked 
|  60|0x0000000085400000, 0x0000000085500000, 0x0000000085500000|100%| O|  |TAMS 0x0000000085400000, 0x0000000085400000| Untracked 
|  61|0x0000000085500000, 0x0000000085600000, 0x0000000085600000|100%| O|  |TAMS 0x0000000085500000, 0x0000000085500000| Untracked 
|  62|0x0000000085600000, 0x0000000085700000, 0x0000000085700000|100%| O|  |TAMS 0x0000000085600000, 0x0000000085600000| Untracked 
|  63|0x0000000085700000, 0x0000000085800000, 0x0000000085800000|100%| O|  |TAMS 0x0000000085700000, 0x0000000085700000| Untracked 
|  64|0x0000000085800000, 0x0000000085900000, 0x0000000085900000|100%| O|  |TAMS 0x0000000085800000, 0x0000000085800000| Untracked 
|  65|0x0000000085900000, 0x0000000085a00000, 0x0000000085a00000|100%|HS|  |TAMS 0x0000000085900000, 0x0000000085900000| Complete 
|  66|0x0000000085a00000, 0x0000000085b00000, 0x0000000085b00000|100%| O|  |TAMS 0x0000000085a00000, 0x0000000085a00000| Untracked 
|  67|0x0000000085b00000, 0x0000000085c00000, 0x0000000085c00000|100%| O|  |TAMS 0x0000000085b00000, 0x0000000085b00000| Untracked 
|  68|0x0000000085c00000, 0x0000000085d00000, 0x0000000085d00000|100%| O|  |TAMS 0x0000000085c00000, 0x0000000085c00000| Untracked 
|  69|0x0000000085d00000, 0x0000000085e00000, 0x0000000085e00000|100%| O|  |TAMS 0x0000000085d00000, 0x0000000085d00000| Untracked 
|  70|0x0000000085e00000, 0x0000000085f00000, 0x0000000085f00000|100%| O|  |TAMS 0x0000000085e00000, 0x0000000085e00000| Untracked 
|  71|0x0000000085f00000, 0x0000000086000000, 0x0000000086000000|100%| O|  |TAMS 0x0000000085f00000, 0x0000000085f00000| Untracked 
|  72|0x0000000086000000, 0x0000000086100000, 0x0000000086100000|100%| O|  |TAMS 0x0000000086000000, 0x0000000086000000| Untracked 
|  73|0x0000000086100000, 0x0000000086200000, 0x0000000086200000|100%| O|  |TAMS 0x0000000086100000, 0x0000000086100000| Untracked 
|  74|0x0000000086200000, 0x0000000086300000, 0x0000000086300000|100%| O|  |TAMS 0x0000000086200000, 0x0000000086200000| Untracked 
|  75|0x0000000086300000, 0x0000000086400000, 0x0000000086400000|100%| O|  |TAMS 0x0000000086300000, 0x0000000086300000| Untracked 
|  76|0x0000000086400000, 0x0000000086500000, 0x0000000086500000|100%| O|  |TAMS 0x0000000086400000, 0x0000000086400000| Untracked 
|  77|0x0000000086500000, 0x0000000086600000, 0x0000000086600000|100%| O|  |TAMS 0x0000000086500000, 0x0000000086500000| Untracked 
|  78|0x0000000086600000, 0x0000000086700000, 0x0000000086700000|100%| O|  |TAMS 0x0000000086600000, 0x0000000086600000| Untracked 
|  79|0x0000000086700000, 0x0000000086800000, 0x0000000086800000|100%| O|  |TAMS 0x0000000086700000, 0x0000000086700000| Untracked 
|  80|0x0000000086800000, 0x0000000086900000, 0x0000000086900000|100%| O|  |TAMS 0x0000000086800000, 0x0000000086800000| Untracked 
|  81|0x0000000086900000, 0x0000000086a00000, 0x0000000086a00000|100%| O|  |TAMS 0x0000000086900000, 0x0000000086900000| Untracked 
|  82|0x0000000086a00000, 0x0000000086aee800, 0x0000000086b00000| 93%| O|  |TAMS 0x0000000086a00000, 0x0000000086a00000| Untracked 
|  83|0x0000000086b00000, 0x0000000086b00000, 0x0000000086c00000|  0%| F|  |TAMS 0x0000000086b00000, 0x0000000086b00000| Untracked 
|  84|0x0000000086c00000, 0x0000000086c00000, 0x0000000086d00000|  0%| F|  |TAMS 0x0000000086c00000, 0x0000000086c00000| Untracked 
|  85|0x0000000086d00000, 0x0000000086d00000, 0x0000000086e00000|  0%| F|  |TAMS 0x0000000086d00000, 0x0000000086d00000| Untracked 
|  86|0x0000000086e00000, 0x0000000086e00000, 0x0000000086f00000|  0%| F|  |TAMS 0x0000000086e00000, 0x0000000086e00000| Untracked 
|  87|0x0000000086f00000, 0x0000000086f00000, 0x0000000087000000|  0%| F|  |TAMS 0x0000000086f00000, 0x0000000086f00000| Untracked 
|  88|0x0000000087000000, 0x0000000087000000, 0x0000000087100000|  0%| F|  |TAMS 0x0000000087000000, 0x0000000087000000| Untracked 
|  89|0x0000000087100000, 0x0000000087100000, 0x0000000087200000|  0%| F|  |TAMS 0x0000000087100000, 0x0000000087100000| Untracked 
|  90|0x0000000087200000, 0x0000000087200000, 0x0000000087300000|  0%| F|  |TAMS 0x0000000087200000, 0x0000000087200000| Untracked 
|  91|0x0000000087300000, 0x0000000087300000, 0x0000000087400000|  0%| F|  |TAMS 0x0000000087300000, 0x0000000087300000| Untracked 
|  92|0x0000000087400000, 0x0000000087400000, 0x0000000087500000|  0%| F|  |TAMS 0x0000000087400000, 0x0000000087400000| Untracked 
|  93|0x0000000087500000, 0x0000000087500000, 0x0000000087600000|  0%| F|  |TAMS 0x0000000087500000, 0x0000000087500000| Untracked 
|  94|0x0000000087600000, 0x0000000087600000, 0x0000000087700000|  0%| F|  |TAMS 0x0000000087600000, 0x0000000087600000| Untracked 
|  95|0x0000000087700000, 0x0000000087700000, 0x0000000087800000|  0%| F|  |TAMS 0x0000000087700000, 0x0000000087700000| Untracked 
|  96|0x0000000087800000, 0x0000000087800000, 0x0000000087900000|  0%| F|  |TAMS 0x0000000087800000, 0x0000000087800000| Untracked 
|  97|0x0000000087900000, 0x0000000087900000, 0x0000000087a00000|  0%| F|  |TAMS 0x0000000087900000, 0x0000000087900000| Untracked 
|  98|0x0000000087a00000, 0x0000000087a00000, 0x0000000087b00000|  0%| F|  |TAMS 0x0000000087a00000, 0x0000000087a00000| Untracked 
|  99|0x0000000087b00000, 0x0000000087b00000, 0x0000000087c00000|  0%| F|  |TAMS 0x0000000087b00000, 0x0000000087b00000| Untracked 
| 100|0x0000000087c00000, 0x0000000087c00000, 0x0000000087d00000|  0%| F|  |TAMS 0x0000000087c00000, 0x0000000087c00000| Untracked 
| 101|0x0000000087d00000, 0x0000000087d00000, 0x0000000087e00000|  0%| F|  |TAMS 0x0000000087d00000, 0x0000000087d00000| Untracked 
| 102|0x0000000087e00000, 0x0000000087e00000, 0x0000000087f00000|  0%| F|  |TAMS 0x0000000087e00000, 0x0000000087e00000| Untracked 
| 103|0x0000000087f00000, 0x0000000087f00000, 0x0000000088000000|  0%| F|  |TAMS 0x0000000087f00000, 0x0000000087f00000| Untracked 
| 104|0x0000000088000000, 0x0000000088000000, 0x0000000088100000|  0%| F|  |TAMS 0x0000000088000000, 0x0000000088000000| Untracked 
| 105|0x0000000088100000, 0x0000000088100000, 0x0000000088200000|  0%| F|  |TAMS 0x0000000088100000, 0x0000000088100000| Untracked 
| 106|0x0000000088200000, 0x0000000088200000, 0x0000000088300000|  0%| F|  |TAMS 0x0000000088200000, 0x0000000088200000| Untracked 
| 107|0x0000000088300000, 0x0000000088300000, 0x0000000088400000|  0%| F|  |TAMS 0x0000000088300000, 0x0000000088300000| Untracked 
| 108|0x0000000088400000, 0x0000000088400000, 0x0000000088500000|  0%| F|  |TAMS 0x0000000088400000, 0x0000000088400000| Untracked 
| 109|0x0000000088500000, 0x0000000088500000, 0x0000000088600000|  0%| F|  |TAMS 0x0000000088500000, 0x0000000088500000| Untracked 
| 110|0x0000000088600000, 0x0000000088600000, 0x0000000088700000|  0%| F|  |TAMS 0x0000000088600000, 0x0000000088600000| Untracked 
| 111|0x0000000088700000, 0x0000000088700000, 0x0000000088800000|  0%| F|  |TAMS 0x0000000088700000, 0x0000000088700000| Untracked 
| 112|0x0000000088800000, 0x0000000088800000, 0x0000000088900000|  0%| F|  |TAMS 0x0000000088800000, 0x0000000088800000| Untracked 
| 113|0x0000000088900000, 0x0000000088900000, 0x0000000088a00000|  0%| F|  |TAMS 0x0000000088900000, 0x0000000088900000| Untracked 
| 114|0x0000000088a00000, 0x0000000088a00000, 0x0000000088b00000|  0%| F|  |TAMS 0x0000000088a00000, 0x0000000088a00000| Untracked 
| 115|0x0000000088b00000, 0x0000000088b00000, 0x0000000088c00000|  0%| F|  |TAMS 0x0000000088b00000, 0x0000000088b00000| Untracked 
| 116|0x0000000088c00000, 0x0000000088c00000, 0x0000000088d00000|  0%| F|  |TAMS 0x0000000088c00000, 0x0000000088c00000| Untracked 
| 117|0x0000000088d00000, 0x0000000088d00000, 0x0000000088e00000|  0%| F|  |TAMS 0x0000000088d00000, 0x0000000088d00000| Untracked 
| 118|0x0000000088e00000, 0x0000000088e00000, 0x0000000088f00000|  0%| F|  |TAMS 0x0000000088e00000, 0x0000000088e00000| Untracked 
| 119|0x0000000088f00000, 0x0000000088f00000, 0x0000000089000000|  0%| F|  |TAMS 0x0000000088f00000, 0x0000000088f00000| Untracked 
| 120|0x0000000089000000, 0x0000000089000000, 0x0000000089100000|  0%| F|  |TAMS 0x0000000089000000, 0x0000000089000000| Untracked 
| 121|0x0000000089100000, 0x0000000089100000, 0x0000000089200000|  0%| F|  |TAMS 0x0000000089100000, 0x0000000089100000| Untracked 
| 122|0x0000000089200000, 0x0000000089200000, 0x0000000089300000|  0%| F|  |TAMS 0x0000000089200000, 0x0000000089200000| Untracked 
| 123|0x0000000089300000, 0x0000000089300000, 0x0000000089400000|  0%| F|  |TAMS 0x0000000089300000, 0x0000000089300000| Untracked 
| 124|0x0000000089400000, 0x0000000089400000, 0x0000000089500000|  0%| F|  |TAMS 0x0000000089400000, 0x0000000089400000| Untracked 
| 125|0x0000000089500000, 0x0000000089600000, 0x0000000089600000|100%| S|CS|TAMS 0x0000000089500000, 0x0000000089500000| Complete 
| 126|0x0000000089600000, 0x0000000089700000, 0x0000000089700000|100%| S|CS|TAMS 0x0000000089600000, 0x0000000089600000| Complete 
| 127|0x0000000089700000, 0x0000000089800000, 0x0000000089800000|100%| S|CS|TAMS 0x0000000089700000, 0x0000000089700000| Complete 
| 128|0x0000000089800000, 0x0000000089900000, 0x0000000089900000|100%| S|CS|TAMS 0x0000000089800000, 0x0000000089800000| Complete 
| 129|0x0000000089900000, 0x0000000089a00000, 0x0000000089a00000|100%| S|CS|TAMS 0x0000000089900000, 0x0000000089900000| Complete 
| 130|0x0000000089a00000, 0x0000000089a00000, 0x0000000089b00000|  0%| F|  |TAMS 0x0000000089a00000, 0x0000000089a00000| Untracked 
| 131|0x0000000089b00000, 0x0000000089b00000, 0x0000000089c00000|  0%| F|  |TAMS 0x0000000089b00000, 0x0000000089b00000| Untracked 
| 132|0x0000000089c00000, 0x0000000089c00000, 0x0000000089d00000|  0%| F|  |TAMS 0x0000000089c00000, 0x0000000089c00000| Untracked 
| 133|0x0000000089d00000, 0x0000000089d00000, 0x0000000089e00000|  0%| F|  |TAMS 0x0000000089d00000, 0x0000000089d00000| Untracked 
| 134|0x0000000089e00000, 0x0000000089e00000, 0x0000000089f00000|  0%| F|  |TAMS 0x0000000089e00000, 0x0000000089e00000| Untracked 
| 135|0x0000000089f00000, 0x0000000089f00000, 0x000000008a000000|  0%| F|  |TAMS 0x0000000089f00000, 0x0000000089f00000| Untracked 
| 136|0x000000008a000000, 0x000000008a000000, 0x000000008a100000|  0%| F|  |TAMS 0x000000008a000000, 0x000000008a000000| Untracked 
| 137|0x000000008a100000, 0x000000008a100000, 0x000000008a200000|  0%| F|  |TAMS 0x000000008a100000, 0x000000008a100000| Untracked 
| 138|0x000000008a200000, 0x000000008a300000, 0x000000008a300000|100%| S|CS|TAMS 0x000000008a200000, 0x000000008a200000| Complete 
| 139|0x000000008a300000, 0x000000008a400000, 0x000000008a400000|100%| S|CS|TAMS 0x000000008a300000, 0x000000008a300000| Complete 
| 140|0x000000008a400000, 0x000000008a500000, 0x000000008a500000|100%| S|CS|TAMS 0x000000008a400000, 0x000000008a400000| Complete 
| 141|0x000000008a500000, 0x000000008a600000, 0x000000008a600000|100%| S|CS|TAMS 0x000000008a500000, 0x000000008a500000| Complete 
| 142|0x000000008a600000, 0x000000008a700000, 0x000000008a700000|100%| S|CS|TAMS 0x000000008a600000, 0x000000008a600000| Complete 
| 143|0x000000008a700000, 0x000000008a800000, 0x000000008a800000|100%| S|CS|TAMS 0x000000008a700000, 0x000000008a700000| Complete 
| 144|0x000000008a800000, 0x000000008a800000, 0x000000008a900000|  0%| F|  |TAMS 0x000000008a800000, 0x000000008a800000| Untracked 
| 145|0x000000008a900000, 0x000000008a900000, 0x000000008aa00000|  0%| F|  |TAMS 0x000000008a900000, 0x000000008a900000| Untracked 
| 146|0x000000008aa00000, 0x000000008aa00000, 0x000000008ab00000|  0%| F|  |TAMS 0x000000008aa00000, 0x000000008aa00000| Untracked 
| 147|0x000000008ab00000, 0x000000008ab00000, 0x000000008ac00000|  0%| F|  |TAMS 0x000000008ab00000, 0x000000008ab00000| Untracked 
| 148|0x000000008ac00000, 0x000000008ac00000, 0x000000008ad00000|  0%| F|  |TAMS 0x000000008ac00000, 0x000000008ac00000| Untracked 
| 149|0x000000008ad00000, 0x000000008ad00000, 0x000000008ae00000|  0%| F|  |TAMS 0x000000008ad00000, 0x000000008ad00000| Untracked 
| 150|0x000000008ae00000, 0x000000008ae00000, 0x000000008af00000|  0%| F|  |TAMS 0x000000008ae00000, 0x000000008ae00000| Untracked 
| 151|0x000000008af00000, 0x000000008af00000, 0x000000008b000000|  0%| F|  |TAMS 0x000000008af00000, 0x000000008af00000| Untracked 
| 152|0x000000008b000000, 0x000000008b000000, 0x000000008b100000|  0%| F|  |TAMS 0x000000008b000000, 0x000000008b000000| Untracked 
| 153|0x000000008b100000, 0x000000008b100000, 0x000000008b200000|  0%| F|  |TAMS 0x000000008b100000, 0x000000008b100000| Untracked 
| 154|0x000000008b200000, 0x000000008b200000, 0x000000008b300000|  0%| F|  |TAMS 0x000000008b200000, 0x000000008b200000| Untracked 
| 155|0x000000008b300000, 0x000000008b300000, 0x000000008b400000|  0%| F|  |TAMS 0x000000008b300000, 0x000000008b300000| Untracked 
| 156|0x000000008b400000, 0x000000008b400000, 0x000000008b500000|  0%| F|  |TAMS 0x000000008b400000, 0x000000008b400000| Untracked 
| 157|0x000000008b500000, 0x000000008b500000, 0x000000008b600000|  0%| F|  |TAMS 0x000000008b500000, 0x000000008b500000| Untracked 
| 158|0x000000008b600000, 0x000000008b600000, 0x000000008b700000|  0%| F|  |TAMS 0x000000008b600000, 0x000000008b600000| Untracked 
| 159|0x000000008b700000, 0x000000008b700000, 0x000000008b800000|  0%| F|  |TAMS 0x000000008b700000, 0x000000008b700000| Untracked 
| 160|0x000000008b800000, 0x000000008b800000, 0x000000008b900000|  0%| F|  |TAMS 0x000000008b800000, 0x000000008b800000| Untracked 
| 161|0x000000008b900000, 0x000000008b900000, 0x000000008ba00000|  0%| F|  |TAMS 0x000000008b900000, 0x000000008b900000| Untracked 
| 162|0x000000008ba00000, 0x000000008ba00000, 0x000000008bb00000|  0%| F|  |TAMS 0x000000008ba00000, 0x000000008ba00000| Untracked 
| 163|0x000000008bb00000, 0x000000008bb00000, 0x000000008bc00000|  0%| F|  |TAMS 0x000000008bb00000, 0x000000008bb00000| Untracked 
| 164|0x000000008bc00000, 0x000000008bc00000, 0x000000008bd00000|  0%| F|  |TAMS 0x000000008bc00000, 0x000000008bc00000| Untracked 
| 165|0x000000008bd00000, 0x000000008bd00000, 0x000000008be00000|  0%| F|  |TAMS 0x000000008bd00000, 0x000000008bd00000| Untracked 
| 166|0x000000008be00000, 0x000000008be00000, 0x000000008bf00000|  0%| F|  |TAMS 0x000000008be00000, 0x000000008be00000| Untracked 
| 167|0x000000008bf00000, 0x000000008bf00000, 0x000000008c000000|  0%| F|  |TAMS 0x000000008bf00000, 0x000000008bf00000| Untracked 
| 168|0x000000008c000000, 0x000000008c000000, 0x000000008c100000|  0%| F|  |TAMS 0x000000008c000000, 0x000000008c000000| Untracked 
| 169|0x000000008c100000, 0x000000008c100000, 0x000000008c200000|  0%| F|  |TAMS 0x000000008c100000, 0x000000008c100000| Untracked 
| 170|0x000000008c200000, 0x000000008c200000, 0x000000008c300000|  0%| F|  |TAMS 0x000000008c200000, 0x000000008c200000| Untracked 
| 171|0x000000008c300000, 0x000000008c300000, 0x000000008c400000|  0%| F|  |TAMS 0x000000008c300000, 0x000000008c300000| Untracked 
| 172|0x000000008c400000, 0x000000008c400000, 0x000000008c500000|  0%| F|  |TAMS 0x000000008c400000, 0x000000008c400000| Untracked 
| 173|0x000000008c500000, 0x000000008c500000, 0x000000008c600000|  0%| F|  |TAMS 0x000000008c500000, 0x000000008c500000| Untracked 
| 174|0x000000008c600000, 0x000000008c600000, 0x000000008c700000|  0%| F|  |TAMS 0x000000008c600000, 0x000000008c600000| Untracked 
| 175|0x000000008c700000, 0x000000008c700000, 0x000000008c800000|  0%| F|  |TAMS 0x000000008c700000, 0x000000008c700000| Untracked 
| 176|0x000000008c800000, 0x000000008c800000, 0x000000008c900000|  0%| F|  |TAMS 0x000000008c800000, 0x000000008c800000| Untracked 
| 177|0x000000008c900000, 0x000000008c900000, 0x000000008ca00000|  0%| F|  |TAMS 0x000000008c900000, 0x000000008c900000| Untracked 
| 178|0x000000008ca00000, 0x000000008ca00000, 0x000000008cb00000|  0%| F|  |TAMS 0x000000008ca00000, 0x000000008ca00000| Untracked 
| 179|0x000000008cb00000, 0x000000008cb00000, 0x000000008cc00000|  0%| F|  |TAMS 0x000000008cb00000, 0x000000008cb00000| Untracked 
| 180|0x000000008cc00000, 0x000000008cc00000, 0x000000008cd00000|  0%| F|  |TAMS 0x000000008cc00000, 0x000000008cc00000| Untracked 
| 181|0x000000008cd00000, 0x000000008cd00000, 0x000000008ce00000|  0%| F|  |TAMS 0x000000008cd00000, 0x000000008cd00000| Untracked 
| 182|0x000000008ce00000, 0x000000008ce00000, 0x000000008cf00000|  0%| F|  |TAMS 0x000000008ce00000, 0x000000008ce00000| Untracked 
| 183|0x000000008cf00000, 0x000000008cf00000, 0x000000008d000000|  0%| F|  |TAMS 0x000000008cf00000, 0x000000008cf00000| Untracked 
| 184|0x000000008d000000, 0x000000008d000000, 0x000000008d100000|  0%| F|  |TAMS 0x000000008d000000, 0x000000008d000000| Untracked 
| 185|0x000000008d100000, 0x000000008d100000, 0x000000008d200000|  0%| F|  |TAMS 0x000000008d100000, 0x000000008d100000| Untracked 
| 186|0x000000008d200000, 0x000000008d200000, 0x000000008d300000|  0%| F|  |TAMS 0x000000008d200000, 0x000000008d200000| Untracked 
| 187|0x000000008d300000, 0x000000008d300000, 0x000000008d400000|  0%| F|  |TAMS 0x000000008d300000, 0x000000008d300000| Untracked 
| 188|0x000000008d400000, 0x000000008d400000, 0x000000008d500000|  0%| F|  |TAMS 0x000000008d400000, 0x000000008d400000| Untracked 
| 189|0x000000008d500000, 0x000000008d500000, 0x000000008d600000|  0%| F|  |TAMS 0x000000008d500000, 0x000000008d500000| Untracked 
| 190|0x000000008d600000, 0x000000008d600000, 0x000000008d700000|  0%| F|  |TAMS 0x000000008d600000, 0x000000008d600000| Untracked 
| 191|0x000000008d700000, 0x000000008d700000, 0x000000008d800000|  0%| F|  |TAMS 0x000000008d700000, 0x000000008d700000| Untracked 
| 192|0x000000008d800000, 0x000000008d800000, 0x000000008d900000|  0%| F|  |TAMS 0x000000008d800000, 0x000000008d800000| Untracked 
| 193|0x000000008d900000, 0x000000008d900000, 0x000000008da00000|  0%| F|  |TAMS 0x000000008d900000, 0x000000008d900000| Untracked 
| 194|0x000000008da00000, 0x000000008da00000, 0x000000008db00000|  0%| F|  |TAMS 0x000000008da00000, 0x000000008da00000| Untracked 
| 195|0x000000008db00000, 0x000000008db00000, 0x000000008dc00000|  0%| F|  |TAMS 0x000000008db00000, 0x000000008db00000| Untracked 
| 196|0x000000008dc00000, 0x000000008dc00000, 0x000000008dd00000|  0%| F|  |TAMS 0x000000008dc00000, 0x000000008dc00000| Untracked 
| 197|0x000000008dd00000, 0x000000008dd00000, 0x000000008de00000|  0%| F|  |TAMS 0x000000008dd00000, 0x000000008dd00000| Untracked 
| 198|0x000000008de00000, 0x000000008de00000, 0x000000008df00000|  0%| F|  |TAMS 0x000000008de00000, 0x000000008de00000| Untracked 
| 199|0x000000008df00000, 0x000000008df00000, 0x000000008e000000|  0%| F|  |TAMS 0x000000008df00000, 0x000000008df00000| Untracked 
| 200|0x000000008e000000, 0x000000008e000000, 0x000000008e100000|  0%| F|  |TAMS 0x000000008e000000, 0x000000008e000000| Untracked 
| 201|0x000000008e100000, 0x000000008e100000, 0x000000008e200000|  0%| F|  |TAMS 0x000000008e100000, 0x000000008e100000| Untracked 
| 202|0x000000008e200000, 0x000000008e200000, 0x000000008e300000|  0%| F|  |TAMS 0x000000008e200000, 0x000000008e200000| Untracked 
| 203|0x000000008e300000, 0x000000008e300000, 0x000000008e400000|  0%| F|  |TAMS 0x000000008e300000, 0x000000008e300000| Untracked 
| 204|0x000000008e400000, 0x000000008e400000, 0x000000008e500000|  0%| F|  |TAMS 0x000000008e400000, 0x000000008e400000| Untracked 
| 205|0x000000008e500000, 0x000000008e500000, 0x000000008e600000|  0%| F|  |TAMS 0x000000008e500000, 0x000000008e500000| Untracked 
| 206|0x000000008e600000, 0x000000008e600000, 0x000000008e700000|  0%| F|  |TAMS 0x000000008e600000, 0x000000008e600000| Untracked 
| 207|0x000000008e700000, 0x000000008e700000, 0x000000008e800000|  0%| F|  |TAMS 0x000000008e700000, 0x000000008e700000| Untracked 
| 208|0x000000008e800000, 0x000000008e800000, 0x000000008e900000|  0%| F|  |TAMS 0x000000008e800000, 0x000000008e800000| Untracked 
| 209|0x000000008e900000, 0x000000008e900000, 0x000000008ea00000|  0%| F|  |TAMS 0x000000008e900000, 0x000000008e900000| Untracked 
| 210|0x000000008ea00000, 0x000000008ea00000, 0x000000008eb00000|  0%| F|  |TAMS 0x000000008ea00000, 0x000000008ea00000| Untracked 
| 211|0x000000008eb00000, 0x000000008eb00000, 0x000000008ec00000|  0%| F|  |TAMS 0x000000008eb00000, 0x000000008eb00000| Untracked 
| 212|0x000000008ec00000, 0x000000008ec00000, 0x000000008ed00000|  0%| F|  |TAMS 0x000000008ec00000, 0x000000008ec00000| Untracked 
| 213|0x000000008ed00000, 0x000000008ed00000, 0x000000008ee00000|  0%| F|  |TAMS 0x000000008ed00000, 0x000000008ed00000| Untracked 
| 214|0x000000008ee00000, 0x000000008ee00000, 0x000000008ef00000|  0%| F|  |TAMS 0x000000008ee00000, 0x000000008ee00000| Untracked 
| 215|0x000000008ef00000, 0x000000008ef00000, 0x000000008f000000|  0%| F|  |TAMS 0x000000008ef00000, 0x000000008ef00000| Untracked 
| 216|0x000000008f000000, 0x000000008f000000, 0x000000008f100000|  0%| F|  |TAMS 0x000000008f000000, 0x000000008f000000| Untracked 
| 217|0x000000008f100000, 0x000000008f100000, 0x000000008f200000|  0%| F|  |TAMS 0x000000008f100000, 0x000000008f100000| Untracked 
| 218|0x000000008f200000, 0x000000008f200000, 0x000000008f300000|  0%| F|  |TAMS 0x000000008f200000, 0x000000008f200000| Untracked 
| 219|0x000000008f300000, 0x000000008f300000, 0x000000008f400000|  0%| F|  |TAMS 0x000000008f300000, 0x000000008f300000| Untracked 
| 220|0x000000008f400000, 0x000000008f400000, 0x000000008f500000|  0%| F|  |TAMS 0x000000008f400000, 0x000000008f400000| Untracked 
| 221|0x000000008f500000, 0x000000008f500000, 0x000000008f600000|  0%| F|  |TAMS 0x000000008f500000, 0x000000008f500000| Untracked 
| 222|0x000000008f600000, 0x000000008f600000, 0x000000008f700000|  0%| F|  |TAMS 0x000000008f600000, 0x000000008f600000| Untracked 
| 223|0x000000008f700000, 0x000000008f700000, 0x000000008f800000|  0%| F|  |TAMS 0x000000008f700000, 0x000000008f700000| Untracked 
| 224|0x000000008f800000, 0x000000008f800000, 0x000000008f900000|  0%| F|  |TAMS 0x000000008f800000, 0x000000008f800000| Untracked 
| 225|0x000000008f900000, 0x000000008f900000, 0x000000008fa00000|  0%| F|  |TAMS 0x000000008f900000, 0x000000008f900000| Untracked 
| 226|0x000000008fa00000, 0x000000008fa00000, 0x000000008fb00000|  0%| F|  |TAMS 0x000000008fa00000, 0x000000008fa00000| Untracked 
| 227|0x000000008fb00000, 0x000000008fb00000, 0x000000008fc00000|  0%| F|  |TAMS 0x000000008fb00000, 0x000000008fb00000| Untracked 
| 228|0x000000008fc00000, 0x000000008fc00000, 0x000000008fd00000|  0%| F|  |TAMS 0x000000008fc00000, 0x000000008fc00000| Untracked 
| 229|0x000000008fd00000, 0x000000008fd00000, 0x000000008fe00000|  0%| F|  |TAMS 0x000000008fd00000, 0x000000008fd00000| Untracked 
| 230|0x000000008fe00000, 0x000000008fe00000, 0x000000008ff00000|  0%| F|  |TAMS 0x000000008fe00000, 0x000000008fe00000| Untracked 
| 231|0x000000008ff00000, 0x000000008ff00000, 0x0000000090000000|  0%| F|  |TAMS 0x000000008ff00000, 0x000000008ff00000| Untracked 
| 232|0x0000000090000000, 0x0000000090000000, 0x0000000090100000|  0%| F|  |TAMS 0x0000000090000000, 0x0000000090000000| Untracked 
| 233|0x0000000090100000, 0x0000000090100000, 0x0000000090200000|  0%| F|  |TAMS 0x0000000090100000, 0x0000000090100000| Untracked 
| 234|0x0000000090200000, 0x0000000090200000, 0x0000000090300000|  0%| F|  |TAMS 0x0000000090200000, 0x0000000090200000| Untracked 
| 235|0x0000000090300000, 0x0000000090300000, 0x0000000090400000|  0%| F|  |TAMS 0x0000000090300000, 0x0000000090300000| Untracked 
| 236|0x0000000090400000, 0x0000000090400000, 0x0000000090500000|  0%| F|  |TAMS 0x0000000090400000, 0x0000000090400000| Untracked 
| 237|0x0000000090500000, 0x0000000090500000, 0x0000000090600000|  0%| F|  |TAMS 0x0000000090500000, 0x0000000090500000| Untracked 
| 238|0x0000000090600000, 0x0000000090600000, 0x0000000090700000|  0%| F|  |TAMS 0x0000000090600000, 0x0000000090600000| Untracked 
| 239|0x0000000090700000, 0x0000000090700000, 0x0000000090800000|  0%| F|  |TAMS 0x0000000090700000, 0x0000000090700000| Untracked 
| 240|0x0000000090800000, 0x0000000090800000, 0x0000000090900000|  0%| F|  |TAMS 0x0000000090800000, 0x0000000090800000| Untracked 
| 241|0x0000000090900000, 0x0000000090900000, 0x0000000090a00000|  0%| F|  |TAMS 0x0000000090900000, 0x0000000090900000| Untracked 
| 242|0x0000000090a00000, 0x0000000090a00000, 0x0000000090b00000|  0%| F|  |TAMS 0x0000000090a00000, 0x0000000090a00000| Untracked 
| 243|0x0000000090b00000, 0x0000000090b00000, 0x0000000090c00000|  0%| F|  |TAMS 0x0000000090b00000, 0x0000000090b00000| Untracked 
| 244|0x0000000090c00000, 0x0000000090c00000, 0x0000000090d00000|  0%| F|  |TAMS 0x0000000090c00000, 0x0000000090c00000| Untracked 
| 245|0x0000000090d00000, 0x0000000090d00000, 0x0000000090e00000|  0%| F|  |TAMS 0x0000000090d00000, 0x0000000090d00000| Untracked 
| 246|0x0000000090e00000, 0x0000000090e00000, 0x0000000090f00000|  0%| F|  |TAMS 0x0000000090e00000, 0x0000000090e00000| Untracked 
| 247|0x0000000090f00000, 0x0000000090f00000, 0x0000000091000000|  0%| F|  |TAMS 0x0000000090f00000, 0x0000000090f00000| Untracked 
| 248|0x0000000091000000, 0x0000000091000000, 0x0000000091100000|  0%| F|  |TAMS 0x0000000091000000, 0x0000000091000000| Untracked 
| 249|0x0000000091100000, 0x0000000091100000, 0x0000000091200000|  0%| F|  |TAMS 0x0000000091100000, 0x0000000091100000| Untracked 
| 250|0x0000000091200000, 0x0000000091200000, 0x0000000091300000|  0%| F|  |TAMS 0x0000000091200000, 0x0000000091200000| Untracked 
| 251|0x0000000091300000, 0x0000000091300000, 0x0000000091400000|  0%| F|  |TAMS 0x0000000091300000, 0x0000000091300000| Untracked 
| 252|0x0000000091400000, 0x0000000091400000, 0x0000000091500000|  0%| F|  |TAMS 0x0000000091400000, 0x0000000091400000| Untracked 
| 253|0x0000000091500000, 0x0000000091500000, 0x0000000091600000|  0%| F|  |TAMS 0x0000000091500000, 0x0000000091500000| Untracked 
| 254|0x0000000091600000, 0x0000000091600000, 0x0000000091700000|  0%| F|  |TAMS 0x0000000091600000, 0x0000000091600000| Untracked 
| 255|0x0000000091700000, 0x0000000091700000, 0x0000000091800000|  0%| F|  |TAMS 0x0000000091700000, 0x0000000091700000| Untracked 
| 256|0x0000000091800000, 0x0000000091800000, 0x0000000091900000|  0%| F|  |TAMS 0x0000000091800000, 0x0000000091800000| Untracked 
| 257|0x0000000091900000, 0x0000000091900000, 0x0000000091a00000|  0%| F|  |TAMS 0x0000000091900000, 0x0000000091900000| Untracked 
| 258|0x0000000091a00000, 0x0000000091a00000, 0x0000000091b00000|  0%| F|  |TAMS 0x0000000091a00000, 0x0000000091a00000| Untracked 
| 259|0x0000000091b00000, 0x0000000091b00000, 0x0000000091c00000|  0%| F|  |TAMS 0x0000000091b00000, 0x0000000091b00000| Untracked 
| 260|0x0000000091c00000, 0x0000000091c00000, 0x0000000091d00000|  0%| F|  |TAMS 0x0000000091c00000, 0x0000000091c00000| Untracked 
| 261|0x0000000091d00000, 0x0000000091d00000, 0x0000000091e00000|  0%| F|  |TAMS 0x0000000091d00000, 0x0000000091d00000| Untracked 
| 262|0x0000000091e00000, 0x0000000091e00000, 0x0000000091f00000|  0%| F|  |TAMS 0x0000000091e00000, 0x0000000091e00000| Untracked 
| 263|0x0000000091f00000, 0x0000000091f00000, 0x0000000092000000|  0%| F|  |TAMS 0x0000000091f00000, 0x0000000091f00000| Untracked 
| 264|0x0000000092000000, 0x0000000092000000, 0x0000000092100000|  0%| F|  |TAMS 0x0000000092000000, 0x0000000092000000| Untracked 
| 265|0x0000000092100000, 0x0000000092100000, 0x0000000092200000|  0%| F|  |TAMS 0x0000000092100000, 0x0000000092100000| Untracked 
| 266|0x0000000092200000, 0x0000000092200000, 0x0000000092300000|  0%| F|  |TAMS 0x0000000092200000, 0x0000000092200000| Untracked 
| 267|0x0000000092300000, 0x0000000092300000, 0x0000000092400000|  0%| F|  |TAMS 0x0000000092300000, 0x0000000092300000| Untracked 
| 268|0x0000000092400000, 0x0000000092400000, 0x0000000092500000|  0%| F|  |TAMS 0x0000000092400000, 0x0000000092400000| Untracked 
| 269|0x0000000092500000, 0x0000000092500000, 0x0000000092600000|  0%| F|  |TAMS 0x0000000092500000, 0x0000000092500000| Untracked 
| 270|0x0000000092600000, 0x0000000092600000, 0x0000000092700000|  0%| F|  |TAMS 0x0000000092600000, 0x0000000092600000| Untracked 
| 271|0x0000000092700000, 0x0000000092700000, 0x0000000092800000|  0%| F|  |TAMS 0x0000000092700000, 0x0000000092700000| Untracked 
| 272|0x0000000092800000, 0x0000000092800000, 0x0000000092900000|  0%| F|  |TAMS 0x0000000092800000, 0x0000000092800000| Untracked 
| 273|0x0000000092900000, 0x0000000092900000, 0x0000000092a00000|  0%| F|  |TAMS 0x0000000092900000, 0x0000000092900000| Untracked 
| 274|0x0000000092a00000, 0x0000000092a00000, 0x0000000092b00000|  0%| F|  |TAMS 0x0000000092a00000, 0x0000000092a00000| Untracked 
| 275|0x0000000092b00000, 0x0000000092b00000, 0x0000000092c00000|  0%| F|  |TAMS 0x0000000092b00000, 0x0000000092b00000| Untracked 
| 276|0x0000000092c00000, 0x0000000092c00000, 0x0000000092d00000|  0%| F|  |TAMS 0x0000000092c00000, 0x0000000092c00000| Untracked 
| 277|0x0000000092d00000, 0x0000000092d00000, 0x0000000092e00000|  0%| F|  |TAMS 0x0000000092d00000, 0x0000000092d00000| Untracked 

Card table byte_map: [0x000001ed6f310000,0x000001ed6f710000] _byte_map_base: 0x000001ed6ef04000

Marking Bits (Prev, Next): (CMBitMap*) 0x000001ed67200330, (CMBitMap*) 0x000001ed672002f0
 Prev Bits: [0x000001ed71ab0000, 0x000001ed73a50000)
 Next Bits: [0x000001ed6fb10000, 0x000001ed71ab0000)

Polling page: 0x000001ed67260000

Metaspace:

Usage:
  Non-class:     40.67 MB used.
      Class:      5.86 MB used.
       Both:     46.53 MB used.

Virtual space:
  Non-class space:       48.00 MB reserved,      40.88 MB ( 85%) committed,  6 nodes.
      Class space:        1.00 GB reserved,       6.06 MB ( <1%) committed,  1 nodes.
             Both:        1.05 GB reserved,      46.94 MB (  4%) committed. 

Chunk freelists:
   Non-Class:  2.19 MB
       Class:  1.98 MB
        Both:  4.17 MB

MaxMetaspaceSize: unlimited
CompressedClassSpaceSize: 1.00 GB
Initial GC threshold: 21.00 MB
Current GC threshold: 76.38 MB
CDS: off
MetaspaceReclaimPolicy: balanced
 - commit_granule_bytes: 65536.
 - commit_granule_words: 8192.
 - virtual_space_node_default_size: 1048576.
 - enlarge_chunks_in_place: 1.
 - new_chunks_are_fully_committed: 0.
 - uncommit_free_chunks: 1.
 - use_allocation_guard: 0.
 - handle_deallocations: 1.


Internal statistics:

num_allocs_failed_limit: 6.
num_arena_births: 404.
num_arena_deaths: 0.
num_vsnodes_births: 7.
num_vsnodes_deaths: 0.
num_space_committed: 751.
num_space_uncommitted: 0.
num_chunks_returned_to_freelist: 6.
num_chunks_taken_from_freelist: 1883.
num_chunk_merges: 6.
num_chunk_splits: 1254.
num_chunks_enlarged: 909.
num_purges: 0.
num_inconsistent_stats: 0.

CodeCache: size=49152Kb used=10437Kb max_used=10437Kb free=38714Kb
 bounds [0x000001ed6b620000, 0x000001ed6c060000, 0x000001ed6e620000]
 total_blobs=5083 nmethods=4500 adapters=508
 compilation: enabled
              stopped_count=0, restarted_count=0
 full_count=0

Compilation events (20 events):
Event: 5.070 Thread 0x000001ed7724f4b0 4493       1       java.util.Objects::checkFromToIndex (8 bytes)
Event: 5.070 Thread 0x000001ed7724f4b0 nmethod 4493 0x000001ed6c04d310 code [0x000001ed6c04d4a0, 0x000001ed6c04d5a8]
Event: 5.070 Thread 0x000001ed7754bc90 4494       1       jdk.internal.util.Preconditions::checkFromToIndex (24 bytes)
Event: 5.071 Thread 0x000001ed7754bc90 nmethod 4494 0x000001ed6c04d690 code [0x000001ed6c04d860, 0x000001ed6c04dcb8]
Event: 5.071 Thread 0x000001ed7724f4b0 4495       1       java.util.concurrent.locks.ReentrantLock$NonfairSync::tryAcquire (27 bytes)
Event: 5.093 Thread 0x000001ed7704e860 4496       1       java.util.concurrent.ConcurrentHashMap::resizeStamp (9 bytes)
Event: 5.100 Thread 0x000001ed7704e860 nmethod 4496 0x000001ed6c04e690 code [0x000001ed6c04e820, 0x000001ed6c04e8e8]
Event: 5.113 Thread 0x000001ed7724f4b0 nmethod 4495 0x000001ed6c04e990 code [0x000001ed6c04eb20, 0x000001ed6c04ec98]
Event: 5.120 Thread 0x000001ed7724f4b0 4497       1       java.util.concurrent.locks.AbstractQueuedSynchronizer::acquireInterruptibly (36 bytes)
Event: 5.145 Thread 0x000001ed7724f4b0 nmethod 4497 0x000001ed6c04ed10 code [0x000001ed6c04eee0, 0x000001ed6c04f138]
Event: 5.145 Thread 0x000001ed7724f4b0 4498       1       java.math.BigInteger::<init> (38 bytes)
Event: 5.146 Thread 0x000001ed7724f4b0 nmethod 4498 0x000001ed6c04f290 code [0x000001ed6c04f440, 0x000001ed6c04f668]
Event: 5.149 Thread 0x000001ed7754b780 4499       1       java.math.MutableBigInteger::<init> (21 bytes)
Event: 5.149 Thread 0x000001ed7754b780 nmethod 4499 0x000001ed6c050b10 code [0x000001ed6c050ca0, 0x000001ed6c050db8]
Event: 5.150 Thread 0x000001ed7754b780 4500       1       java.math.MutableBigInteger::compare (106 bytes)
Event: 5.150 Thread 0x000001ed7754b780 nmethod 4500 0x000001ed6c050e90 code [0x000001ed6c051040, 0x000001ed6c051298]
Event: 5.158 Thread 0x000001ed7704e860 4501       1       jdk.internal.jrtfs.JrtFileSystemProvider::newByteChannel (10 bytes)
Event: 5.158 Thread 0x000001ed7724f4b0 4502       1       jdk.internal.jrtfs.JrtPath::newByteChannel (11 bytes)
Event: 5.158 Thread 0x000001ed7754b780 4503       1       jdk.internal.jrtfs.JrtFileSystem::newByteChannel (44 bytes)
Event: 5.158 Thread 0x000001ed7724f4b0 nmethod 4502 0x000001ed6c051410 code [0x000001ed6c0515a0, 0x000001ed6c0516a8]

GC Heap History (20 events):
Event: 4.224 GC heap after
{Heap after GC invocations=12 (full 0):
 garbage-first heap   total 92160K, used 35613K [0x0000000081800000, 0x0000000100000000)
  region size 1024K, 6 young (6144K), 6 survivors (6144K)
 Metaspace       used 38043K, committed 38336K, reserved 1089536K
  class space    used 4807K, committed 4928K, reserved 1048576K
}
Event: 4.285 GC heap before
{Heap before GC invocations=12 (full 0):
 garbage-first heap   total 92160K, used 66333K [0x0000000081800000, 0x0000000100000000)
  region size 1024K, 37 young (37888K), 6 survivors (6144K)
 Metaspace       used 38208K, committed 38528K, reserved 1089536K
  class space    used 4822K, committed 4928K, reserved 1048576K
}
Event: 4.296 GC heap after
{Heap after GC invocations=13 (full 0):
 garbage-first heap   total 126976K, used 44326K [0x0000000081800000, 0x0000000100000000)
  region size 1024K, 5 young (5120K), 5 survivors (5120K)
 Metaspace       used 38208K, committed 38528K, reserved 1089536K
  class space    used 4822K, committed 4928K, reserved 1048576K
}
Event: 4.530 GC heap before
{Heap before GC invocations=13 (full 0):
 garbage-first heap   total 126976K, used 86310K [0x0000000081800000, 0x0000000100000000)
  region size 1024K, 47 young (48128K), 5 survivors (5120K)
 Metaspace       used 39844K, committed 40192K, reserved 1089536K
  class space    used 5021K, committed 5184K, reserved 1048576K
}
Event: 4.539 GC heap after
{Heap after GC invocations=14 (full 0):
 garbage-first heap   total 126976K, used 54860K [0x0000000081800000, 0x0000000100000000)
  region size 1024K, 6 young (6144K), 6 survivors (6144K)
 Metaspace       used 39844K, committed 40192K, reserved 1089536K
  class space    used 5021K, committed 5184K, reserved 1048576K
}
Event: 4.710 GC heap before
{Heap before GC invocations=14 (full 0):
 garbage-first heap   total 126976K, used 90700K [0x0000000081800000, 0x0000000100000000)
  region size 1024K, 41 young (41984K), 6 survivors (6144K)
 Metaspace       used 43463K, committed 43904K, reserved 1089536K
  class space    used 5429K, committed 5632K, reserved 1048576K
}
Event: 4.721 GC heap after
{Heap after GC invocations=15 (full 0):
 garbage-first heap   total 126976K, used 65497K [0x0000000081800000, 0x0000000100000000)
  region size 1024K, 6 young (6144K), 6 survivors (6144K)
 Metaspace       used 43463K, committed 43904K, reserved 1089536K
  class space    used 5429K, committed 5632K, reserved 1048576K
}
Event: 4.756 GC heap before
{Heap before GC invocations=15 (full 0):
 garbage-first heap   total 126976K, used 73689K [0x0000000081800000, 0x0000000100000000)
  region size 1024K, 16 young (16384K), 6 survivors (6144K)
 Metaspace       used 44167K, committed 44544K, reserved 1089536K
  class space    used 5512K, committed 5696K, reserved 1048576K
}
Event: 4.765 GC heap after
{Heap after GC invocations=16 (full 0):
 garbage-first heap   total 126976K, used 70112K [0x0000000081800000, 0x0000000100000000)
  region size 1024K, 4 young (4096K), 4 survivors (4096K)
 Metaspace       used 44167K, committed 44544K, reserved 1089536K
  class space    used 5512K, committed 5696K, reserved 1048576K
}
Event: 4.845 GC heap before
{Heap before GC invocations=16 (full 0):
 garbage-first heap   total 157696K, used 92640K [0x0000000081800000, 0x0000000100000000)
  region size 1024K, 27 young (27648K), 4 survivors (4096K)
 Metaspace       used 46512K, committed 46912K, reserved 1097728K
  class space    used 5793K, committed 6016K, reserved 1048576K
}
Event: 4.873 GC heap after
{Heap after GC invocations=17 (full 0):
 garbage-first heap   total 284672K, used 76032K [0x0000000081800000, 0x0000000100000000)
  region size 1024K, 4 young (4096K), 4 survivors (4096K)
 Metaspace       used 46512K, committed 46912K, reserved 1097728K
  class space    used 5793K, committed 6016K, reserved 1048576K
}
Event: 4.962 GC heap before
{Heap before GC invocations=18 (full 0):
 garbage-first heap   total 284672K, used 185600K [0x0000000081800000, 0x0000000100000000)
  region size 1024K, 112 young (114688K), 4 survivors (4096K)
 Metaspace       used 46698K, committed 47104K, reserved 1097728K
  class space    used 5829K, committed 6016K, reserved 1048576K
}
Event: 4.971 GC heap after
{Heap after GC invocations=19 (full 0):
 garbage-first heap   total 284672K, used 80747K [0x0000000081800000, 0x0000000100000000)
  region size 1024K, 9 young (9216K), 9 survivors (9216K)
 Metaspace       used 46698K, committed 47104K, reserved 1097728K
  class space    used 5829K, committed 6016K, reserved 1048576K
}
Event: 4.975 GC heap before
{Heap before GC invocations=19 (full 0):
 garbage-first heap   total 284672K, used 83819K [0x0000000081800000, 0x0000000100000000)
  region size 1024K, 13 young (13312K), 9 survivors (9216K)
 Metaspace       used 46704K, committed 47104K, reserved 1097728K
  class space    used 5833K, committed 6016K, reserved 1048576K
}
Event: 4.982 GC heap after
{Heap after GC invocations=20 (full 0):
 garbage-first heap   total 284672K, used 80637K [0x0000000081800000, 0x0000000100000000)
  region size 1024K, 1 young (1024K), 1 survivors (1024K)
 Metaspace       used 46704K, committed 47104K, reserved 1097728K
  class space    used 5833K, committed 6016K, reserved 1048576K
}
Event: 5.056 GC heap before
{Heap before GC invocations=20 (full 0):
 garbage-first heap   total 284672K, used 214781K [0x0000000081800000, 0x0000000100000000)
  region size 1024K, 133 young (136192K), 1 survivors (1024K)
 Metaspace       used 47167K, committed 47616K, reserved 1097728K
  class space    used 5933K, committed 6144K, reserved 1048576K
}
Event: 5.063 GC heap after
{Heap after GC invocations=21 (full 0):
 garbage-first heap   total 284672K, used 86025K [0x0000000081800000, 0x0000000100000000)
  region size 1024K, 7 young (7168K), 7 survivors (7168K)
 Metaspace       used 47167K, committed 47616K, reserved 1097728K
  class space    used 5933K, committed 6144K, reserved 1048576K
}
Event: 5.103 GC heap before
{Heap before GC invocations=21 (full 0):
 garbage-first heap   total 284672K, used 218121K [0x0000000081800000, 0x0000000100000000)
  region size 1024K, 137 young (140288K), 7 survivors (7168K)
 Metaspace       used 47350K, committed 47744K, reserved 1097728K
  class space    used 5960K, committed 6144K, reserved 1048576K
}
Event: 5.113 GC heap after
{Heap after GC invocations=22 (full 0):
 garbage-first heap   total 284672K, used 90597K [0x0000000081800000, 0x0000000100000000)
  region size 1024K, 11 young (11264K), 11 survivors (11264K)
 Metaspace       used 47350K, committed 47744K, reserved 1097728K
  class space    used 5960K, committed 6144K, reserved 1048576K
}
Event: 5.159 GC heap before
{Heap before GC invocations=22 (full 0):
 garbage-first heap   total 284672K, used 223717K [0x0000000081800000, 0x0000000100000000)
  region size 1024K, 142 young (145408K), 11 survivors (11264K)
 Metaspace       used 47645K, committed 48064K, reserved 1097728K
  class space    used 6002K, committed 6208K, reserved 1048576K
}

Dll operation events (9 events):
Event: 0.009 Loaded shared library c:\Users\Madhav\.vscode\extensions\redhat.java-1.13.0-win32-x64\jre\17.0.5-win32-x86_64\bin\java.dll
Event: 0.259 Loaded shared library C:\Users\Madhav\.vscode\extensions\redhat.java-1.13.0-win32-x64\jre\17.0.5-win32-x86_64\bin\net.dll
Event: 0.261 Loaded shared library C:\Users\Madhav\.vscode\extensions\redhat.java-1.13.0-win32-x64\jre\17.0.5-win32-x86_64\bin\nio.dll
Event: 0.269 Loaded shared library C:\Users\Madhav\.vscode\extensions\redhat.java-1.13.0-win32-x64\jre\17.0.5-win32-x86_64\bin\zip.dll
Event: 0.411 Loaded shared library c:\Users\Madhav\.vscode\extensions\redhat.java-1.13.0-win32-x64\jre\17.0.5-win32-x86_64\bin\verify.dll
Event: 0.420 Loaded shared library C:\Users\Madhav\.vscode\extensions\redhat.java-1.13.0-win32-x64\jre\17.0.5-win32-x86_64\bin\jimage.dll
Event: 1.770 Loaded shared library C:\Users\Madhav\.vscode\extensions\redhat.java-1.13.0-win32-x64\jre\17.0.5-win32-x86_64\bin\management.dll
Event: 1.776 Loaded shared library C:\Users\Madhav\.vscode\extensions\redhat.java-1.13.0-win32-x64\jre\17.0.5-win32-x86_64\bin\management_ext.dll
Event: 4.590 Loaded shared library C:\Users\Madhav\.vscode\extensions\redhat.java-1.13.0-win32-x64\jre\17.0.5-win32-x86_64\bin\sunmscapi.dll

Deoptimization events (14 events):
Event: 2.049 Thread 0x000001ed671a6cb0 DEOPT PACKING pc=0x000001ed6bb7e199 sp=0x0000001cf9ffd2c0
Event: 2.049 Thread 0x000001ed671a6cb0 DEOPT UNPACKING pc=0x000001ed6b672b43 sp=0x0000001cf9ffc7a0 mode 3
Event: 3.322 Thread 0x000001ed671a6cb0 DEOPT PACKING pc=0x000001ed6bcfdc19 sp=0x0000001cf9ffc6a0
Event: 3.322 Thread 0x000001ed671a6cb0 DEOPT UNPACKING pc=0x000001ed6b672b43 sp=0x0000001cf9ffbb80 mode 3
Event: 3.719 Thread 0x000001ed786d9900 DEOPT PACKING pc=0x000001ed6bdb86b5 sp=0x0000001cfc0fdaf0
Event: 3.719 Thread 0x000001ed786d9900 DEOPT UNPACKING pc=0x000001ed6b672b43 sp=0x0000001cfc0fd018 mode 3
Event: 3.846 Thread 0x000001ed786fead0 DEOPT PACKING pc=0x000001ed6bddbd2b sp=0x0000001cfc9fe8f0
Event: 3.846 Thread 0x000001ed786fead0 DEOPT UNPACKING pc=0x000001ed6b672b43 sp=0x0000001cfc9fde38 mode 3
Event: 3.859 Thread 0x000001ed78655230 DEOPT PACKING pc=0x000001ed6bb7d301 sp=0x0000001cfbffd770
Event: 3.859 Thread 0x000001ed78655230 DEOPT UNPACKING pc=0x000001ed6b672b43 sp=0x0000001cfbffcc00 mode 3
Event: 3.869 Thread 0x000001ed7874afc0 DEOPT PACKING pc=0x000001ed6bb7a817 sp=0x0000001cfccfefa0
Event: 3.869 Thread 0x000001ed7874afc0 DEOPT UNPACKING pc=0x000001ed6b672b43 sp=0x0000001cfccfe3f8 mode 3
Event: 4.580 Thread 0x000001ed7874b490 DEOPT PACKING pc=0x000001ed6b81898c sp=0x0000001cfdcfe3d0
Event: 4.580 Thread 0x000001ed7874b490 DEOPT UNPACKING pc=0x000001ed6b672b43 sp=0x0000001cfdcfd898 mode 0

Classes unloaded (0 events):
No events

Classes redefined (0 events):
No events

Internal exceptions (20 events):
Event: 3.886 Thread 0x000001ed7874d640 Exception <a 'sun/nio/fs/WindowsException'{0x0000000085a0d040}> (0x0000000085a0d040) 
thrown [s\src\hotspot\share\prims\jni.cpp, line 516]
Event: 3.886 Thread 0x000001ed7874d640 Exception <a 'sun/nio/fs/WindowsException'{0x0000000085a0d3f0}> (0x0000000085a0d3f0) 
thrown [s\src\hotspot\share\prims\jni.cpp, line 516]
Event: 3.887 Thread 0x000001ed7874d640 Exception <a 'sun/nio/fs/WindowsException'{0x0000000085a0ddf8}> (0x0000000085a0ddf8) 
thrown [s\src\hotspot\share\prims\jni.cpp, line 516]
Event: 3.887 Thread 0x000001ed7874d640 Exception <a 'sun/nio/fs/WindowsException'{0x0000000085a0e1b8}> (0x0000000085a0e1b8) 
thrown [s\src\hotspot\share\prims\jni.cpp, line 516]
Event: 3.887 Thread 0x000001ed7874d640 Exception <a 'sun/nio/fs/WindowsException'{0x0000000085a0ebb8}> (0x0000000085a0ebb8) 
thrown [s\src\hotspot\share\prims\jni.cpp, line 516]
Event: 3.887 Thread 0x000001ed7874d640 Exception <a 'sun/nio/fs/WindowsException'{0x0000000085a0ef68}> (0x0000000085a0ef68) 
thrown [s\src\hotspot\share\prims\jni.cpp, line 516]
Event: 3.887 Thread 0x000001ed7874d640 Exception <a 'sun/nio/fs/WindowsException'{0x0000000085a0f970}> (0x0000000085a0f970) 
thrown [s\src\hotspot\share\prims\jni.cpp, line 516]
Event: 3.887 Thread 0x000001ed7874d640 Exception <a 'sun/nio/fs/WindowsException'{0x0000000085a0fd30}> (0x0000000085a0fd30) 
thrown [s\src\hotspot\share\prims\jni.cpp, line 516]
Event: 3.887 Thread 0x000001ed7874d640 Exception <a 'sun/nio/fs/WindowsException'{0x0000000085a10758}> (0x0000000085a10758) 
thrown [s\src\hotspot\share\prims\jni.cpp, line 516]
Event: 3.888 Thread 0x000001ed7874d640 Exception <a 'sun/nio/fs/WindowsException'{0x0000000085a10b38}> (0x0000000085a10b38) 
thrown [s\src\hotspot\share\prims\jni.cpp, line 516]
Event: 3.888 Thread 0x000001ed7874d640 Exception <a 'sun/nio/fs/WindowsException'{0x0000000085a11570}> (0x0000000085a11570) 
thrown [s\src\hotspot\share\prims\jni.cpp, line 516]
Event: 3.888 Thread 0x000001ed7874d640 Exception <a 'sun/nio/fs/WindowsException'{0x0000000085a11960}> (0x0000000085a11960) 
thrown [s\src\hotspot\share\prims\jni.cpp, line 516]
Event: 3.888 Thread 0x000001ed7874d640 Exception <a 'sun/nio/fs/WindowsException'{0x0000000085a12390}> (0x0000000085a12390) 
thrown [s\src\hotspot\share\prims\jni.cpp, line 516]
Event: 3.888 Thread 0x000001ed7874d640 Exception <a 'sun/nio/fs/WindowsException'{0x0000000085a12780}> (0x0000000085a12780) 
thrown [s\src\hotspot\share\prims\jni.cpp, line 516]
Event: 4.328 Thread 0x000001ed786d9900 Exception <a 'java/lang/NoSuchMethodError'{0x0000000088a3d828}: 'java.lang.Object java.lang.invoke.Invokers$Holder.invoke_MT(java.lang.Object, java.lang.Object, java.lang.Object)'> (0x0000000088a3d828) 
thrown [s\src\hotspot\share\interpreter\linkResolver.cpp, line 759]
Event: 4.472 Thread 0x000001ed786d9900 Exception <a 'java/lang/NoSuchMethodError'{0x00000000870ceb98}: 'java.lang.Object java.lang.invoke.DirectMethodHandle$Holder.newInvokeSpecial(java.lang.Object, java.lang.Object, int)'> (0x00000000870ceb98) 
thrown [s\src\hotspot\share\interpreter\linkResolver.cpp, line 759]
Event: 4.485 Thread 0x000001ed78751e70 Exception <a 'java/lang/NoSuchMethodError'{0x0000000086e2ca78}: 'java.lang.Object java.lang.invoke.Invokers$Holder.linkToTargetMethod(java.lang.Object, long, java.lang.Object)'> (0x0000000086e2ca78) 
thrown [s\src\hotspot\share\interpreter\linkResolver.cpp, line 759]
Event: 4.499 Thread 0x000001ed7874b490 Exception <a 'java/lang/NoSuchMethodError'{0x0000000086d2ff58}: 'void java.lang.invoke.DirectMethodHandle$Holder.invokeVirtual(java.lang.Object, java.lang.Object, java.lang.Object, java.lang.Object)'> (0x0000000086d2ff58) 
thrown [s\src\hotspot\share\interpreter\linkResolver.cpp, line 759]
Event: 4.614 Thread 0x000001ed7874b490 Exception <a 'sun/nio/fs/WindowsException'{0x00000000888f3f48}> (0x00000000888f3f48) 
thrown [s\src\hotspot\share\prims\jni.cpp, line 516]
Event: 4.629 Thread 0x000001ed7874b490 Exception <a 'java/lang/NoSuchMethodError'{0x000000008863fc30}: 'int java.lang.invoke.DirectMethodHandle$Holder.invokeStaticInit(java.lang.Object, java.lang.Object, java.lang.Object, java.lang.Object)'> (0x000000008863fc30) 
thrown [s\src\hotspot\share\interpreter\linkResolver.cpp, line 759]

VM Operations (20 events):
Event: 4.962 Executing VM operation: HandshakeAllThreads done
Event: 4.962 Executing VM operation: G1CollectForAllocation
Event: 4.971 Executing VM operation: G1CollectForAllocation done
Event: 4.975 Executing VM operation: HandshakeAllThreads
Event: 4.975 Executing VM operation: HandshakeAllThreads done
Event: 4.975 Executing VM operation: HandshakeAllThreads
Event: 4.975 Executing VM operation: HandshakeAllThreads done
Event: 4.975 Executing VM operation: G1CollectForAllocation
Event: 4.982 Executing VM operation: G1CollectForAllocation done
Event: 5.055 Executing VM operation: G1CollectForAllocation
Event: 5.056 Executing VM operation: G1CollectForAllocation done
Event: 5.056 Executing VM operation: G1CollectForAllocation
Event: 5.063 Executing VM operation: G1CollectForAllocation done
Event: 5.099 Executing VM operation: G1CollectForAllocation
Event: 5.100 Executing VM operation: G1CollectForAllocation done
Event: 5.100 Executing VM operation: G1CollectForAllocation
Event: 5.113 Executing VM operation: G1CollectForAllocation done
Event: 5.158 Executing VM operation: G1CollectForAllocation
Event: 5.158 Executing VM operation: G1CollectForAllocation done
Event: 5.159 Executing VM operation: G1CollectForAllocation

Events (20 events):
Event: 5.151 loading class sun/security/ssl/SignatureScheme$SigAlgParamSpec
Event: 5.151 loading class sun/security/ssl/SignatureScheme$SigAlgParamSpec done
Event: 5.151 loading class java/security/spec/MGF1ParameterSpec
Event: 5.151 loading class java/security/spec/MGF1ParameterSpec done
Event: 5.152 loading class sun/security/rsa/RSAPSSSignature
Event: 5.152 loading class sun/security/rsa/RSAPSSSignature done
Event: 5.152 loading class sun/security/rsa/PSSParameters
Event: 5.152 loading class sun/security/rsa/PSSParameters done
Event: 5.153 loading class sun/security/provider/DSA$SHA256withDSA
Event: 5.153 loading class sun/security/provider/DSA
Event: 5.153 loading class sun/security/provider/DSA done
Event: 5.153 loading class sun/security/provider/DSA$SHA256withDSA done
Event: 5.153 loading class sun/security/provider/SHA2$SHA224
Event: 5.153 loading class sun/security/provider/SHA2$SHA224 done
Event: 5.153 loading class sun/security/rsa/RSASignature$SHA224withRSA
Event: 5.153 loading class sun/security/rsa/RSASignature$SHA224withRSA done
Event: 5.154 loading class sun/security/provider/DSA$SHA224withDSA
Event: 5.154 loading class sun/security/provider/DSA$SHA224withDSA done
Event: 5.154 loading class sun/security/ssl/SessionId
Event: 5.154 loading class sun/security/ssl/SessionId done


Dynamic libraries:
0x00007ff6c80a0000 - 0x00007ff6c80ae000 	c:\Users\Madhav\.vscode\extensions\redhat.java-1.13.0-win32-x64\jre\17.0.5-win32-x86_64\bin\java.exe
0x00007ffec4f10000 - 0x00007ffec5108000 	C:\Windows\SYSTEM32\ntdll.dll
0x00007ffec2fd0000 - 0x00007ffec308d000 	C:\Windows\System32\KERNEL32.DLL
0x00007ffec2bf0000 - 0x00007ffec2ebe000 	C:\Windows\System32\KERNELBASE.dll
0x00007ffebfe50000 - 0x00007ffebfee0000 	C:\Windows\SYSTEM32\apphelp.dll
0x00007ffec2750000 - 0x00007ffec2850000 	C:\Windows\System32\ucrtbase.dll
0x00007ffeac790000 - 0x00007ffeac7a9000 	c:\Users\Madhav\.vscode\extensions\redhat.java-1.13.0-win32-x64\jre\17.0.5-win32-x86_64\bin\VCRUNTIME140.dll
0x00007ffeaa7e0000 - 0x00007ffeaa7f7000 	c:\Users\Madhav\.vscode\extensions\redhat.java-1.13.0-win32-x64\jre\17.0.5-win32-x86_64\bin\jli.dll
0x00007ffec40f0000 - 0x00007ffec4290000 	C:\Windows\System32\USER32.dll
0x00007ffec2680000 - 0x00007ffec26a2000 	C:\Windows\System32\win32u.dll
0x00007ffec4400000 - 0x00007ffec442a000 	C:\Windows\System32\GDI32.dll
0x00007ffec2a50000 - 0x00007ffec2b5b000 	C:\Windows\System32\gdi32full.dll
0x00007ffec29b0000 - 0x00007ffec2a4d000 	C:\Windows\System32\msvcp_win.dll
0x00007ffeac930000 - 0x00007ffeacbca000 	C:\Windows\WinSxS\amd64_microsoft.windows.common-controls_6595b64144ccf1df_6.0.19041.1110_none_60b5254171f9507e\COMCTL32.dll
0x00007ffec4360000 - 0x00007ffec43fe000 	C:\Windows\System32\msvcrt.dll
0x00007ffec30a0000 - 0x00007ffec30d0000 	C:\Windows\System32\IMM32.DLL
0x00007ffeb1dc0000 - 0x00007ffeb1dcc000 	c:\Users\Madhav\.vscode\extensions\redhat.java-1.13.0-win32-x64\jre\17.0.5-win32-x86_64\bin\vcruntime140_1.dll
0x00007ffe907d0000 - 0x00007ffe90861000 	c:\Users\Madhav\.vscode\extensions\redhat.java-1.13.0-win32-x64\jre\17.0.5-win32-x86_64\bin\msvcp140.dll
0x00007ffe6b270000 - 0x00007ffe6beb4000 	c:\Users\Madhav\.vscode\extensions\redhat.java-1.13.0-win32-x64\jre\17.0.5-win32-x86_64\bin\server\jvm.dll
0x00007ffec3310000 - 0x00007ffec33be000 	C:\Windows\System32\ADVAPI32.dll
0x00007ffec4960000 - 0x00007ffec49fc000 	C:\Windows\System32\sechost.dll
0x00007ffec4c40000 - 0x00007ffec4d65000 	C:\Windows\System32\RPCRT4.dll
0x00007ffea63f0000 - 0x00007ffea63f9000 	C:\Windows\SYSTEM32\WSOCK32.dll
0x00007ffeb43f0000 - 0x00007ffeb4417000 	C:\Windows\SYSTEM32\WINMM.dll
0x00007ffec4e60000 - 0x00007ffec4ecb000 	C:\Windows\System32\WS2_32.dll
0x00007ffebce90000 - 0x00007ffebce9a000 	C:\Windows\SYSTEM32\VERSION.dll
0x00007ffec0510000 - 0x00007ffec0522000 	C:\Windows\SYSTEM32\kernel.appcore.dll
0x00007ffead620000 - 0x00007ffead62a000 	c:\Users\Madhav\.vscode\extensions\redhat.java-1.13.0-win32-x64\jre\17.0.5-win32-x86_64\bin\jimage.dll
0x00007ffeb1fd0000 - 0x00007ffeb21b4000 	C:\Windows\SYSTEM32\DBGHELP.DLL
0x00007ffea7be0000 - 0x00007ffea7c0c000 	C:\Windows\SYSTEM32\dbgcore.DLL
0x00007ffec2b60000 - 0x00007ffec2be2000 	C:\Windows\System32\bcryptPrimitives.dll
0x00007ffe9be10000 - 0x00007ffe9be35000 	c:\Users\Madhav\.vscode\extensions\redhat.java-1.13.0-win32-x64\jre\17.0.5-win32-x86_64\bin\java.dll
0x00007ffe9bce0000 - 0x00007ffe9bcf8000 	c:\Users\Madhav\.vscode\extensions\redhat.java-1.13.0-win32-x64\jre\17.0.5-win32-x86_64\bin\zip.dll
0x00007ffec3880000 - 0x00007ffec3fc4000 	C:\Windows\System32\SHELL32.dll
0x00007ffec0710000 - 0x00007ffec0ea4000 	C:\Windows\SYSTEM32\windows.storage.dll
0x00007ffec3520000 - 0x00007ffec3874000 	C:\Windows\System32\combase.dll
0x00007ffec1f40000 - 0x00007ffec1f70000 	C:\Windows\SYSTEM32\Wldp.dll
0x00007ffec4b90000 - 0x00007ffec4c3d000 	C:\Windows\System32\SHCORE.dll
0x00007ffec4a00000 - 0x00007ffec4a55000 	C:\Windows\System32\shlwapi.dll
0x00007ffec2570000 - 0x00007ffec258f000 	C:\Windows\SYSTEM32\profapi.dll
0x00007ffe9baa0000 - 0x00007ffe9bab9000 	C:\Users\Madhav\.vscode\extensions\redhat.java-1.13.0-win32-x64\jre\17.0.5-win32-x86_64\bin\net.dll
0x00007ffeb3a70000 - 0x00007ffeb3b7a000 	C:\Windows\SYSTEM32\WINHTTP.dll
0x00007ffec1cc0000 - 0x00007ffec1d2a000 	C:\Windows\system32\mswsock.dll
0x00007ffe9ba20000 - 0x00007ffe9ba35000 	C:\Users\Madhav\.vscode\extensions\redhat.java-1.13.0-win32-x64\jre\17.0.5-win32-x86_64\bin\nio.dll
0x00007ffeacbd0000 - 0x00007ffeacbe0000 	c:\Users\Madhav\.vscode\extensions\redhat.java-1.13.0-win32-x64\jre\17.0.5-win32-x86_64\bin\verify.dll
0x00007ffeb3e20000 - 0x00007ffeb3e29000 	C:\Users\Madhav\.vscode\extensions\redhat.java-1.13.0-win32-x64\jre\17.0.5-win32-x86_64\bin\management.dll
0x00007ffeb3e10000 - 0x00007ffeb3e1b000 	C:\Users\Madhav\.vscode\extensions\redhat.java-1.13.0-win32-x64\jre\17.0.5-win32-x86_64\bin\management_ext.dll
0x00007ffec4d70000 - 0x00007ffec4d78000 	C:\Windows\System32\PSAPI.DLL
0x00007ffeaf280000 - 0x00007ffeaf297000 	C:\Windows\system32\napinsp.dll
0x00007ffeaf260000 - 0x00007ffeaf27b000 	C:\Windows\system32\pnrpnsp.dll
0x00007ffebba70000 - 0x00007ffebba85000 	C:\Windows\system32\wshbth.dll
0x00007ffebde60000 - 0x00007ffebde7d000 	C:\Windows\system32\NLAapi.dll
0x00007ffec19d0000 - 0x00007ffec1a0b000 	C:\Windows\SYSTEM32\IPHLPAPI.DLL
0x00007ffec1a10000 - 0x00007ffec1adb000 	C:\Windows\SYSTEM32\DNSAPI.dll
0x00007ffec3090000 - 0x00007ffec3098000 	C:\Windows\System32\NSI.dll
0x00007ffeaf240000 - 0x00007ffeaf252000 	C:\Windows\System32\winrnr.dll
0x000000006c450000 - 0x000000006c476000 	C:\Program Files\Bonjour\mdnsNSP.dll
0x00007ffebb180000 - 0x00007ffebb18a000 	C:\Windows\System32\rasadhlp.dll
0x00007ffeafe40000 - 0x00007ffeafec0000 	C:\Windows\System32\fwpuclnt.dll
0x00007ffec2720000 - 0x00007ffec2747000 	C:\Windows\System32\bcrypt.dll
0x00007ffec22e0000 - 0x00007ffec22f8000 	C:\Windows\SYSTEM32\CRYPTSP.dll
0x00007ffec1660000 - 0x00007ffec1694000 	C:\Windows\system32\rsaenh.dll
0x00007ffec2530000 - 0x00007ffec255e000 	C:\Windows\SYSTEM32\USERENV.dll
0x00007ffec1e50000 - 0x00007ffec1e5c000 	C:\Windows\SYSTEM32\CRYPTBASE.dll
0x00007ffeba860000 - 0x00007ffeba877000 	C:\Windows\SYSTEM32\dhcpcsvc6.DLL
0x00007ffeb8190000 - 0x00007ffeb81ad000 	C:\Windows\SYSTEM32\dhcpcsvc.DLL
0x00007ffeac8b0000 - 0x00007ffeac8be000 	C:\Users\Madhav\.vscode\extensions\redhat.java-1.13.0-win32-x64\jre\17.0.5-win32-x86_64\bin\sunmscapi.dll
0x00007ffec2850000 - 0x00007ffec29a6000 	C:\Windows\System32\CRYPT32.dll
0x00007ffec1fb0000 - 0x00007ffec1fd7000 	C:\Windows\SYSTEM32\ncrypt.dll
0x00007ffec1f70000 - 0x00007ffec1fab000 	C:\Windows\SYSTEM32\NTASN1.dll

dbghelp: loaded successfully - version: 4.0.5 - missing functions: none
symbol engine: initialized successfully - sym options: 0x614 - pdb path: .;c:\Users\Madhav\.vscode\extensions\redhat.java-1.13.0-win32-x64\jre\17.0.5-win32-x86_64\bin;C:\Windows\SYSTEM32;C:\Windows\WinSxS\amd64_microsoft.windows.common-controls_6595b64144ccf1df_6.0.19041.1110_none_60b5254171f9507e;c:\Users\Madhav\.vscode\extensions\redhat.java-1.13.0-win32-x64\jre\17.0.5-win32-x86_64\bin\server;C:\Program Files\Bonjour

VM Arguments:
jvm_args: -Dsts.lsp.client=vscode -Dsts.log.file=/dev/null -XX:TieredStopAtLevel=1 -Xlog:jni+resolve=off -Dspring.config.location=file:c:\Users\Madhav\.vscode\extensions\pivotal.vscode-spring-boot-1.42.0\language-server\BOOT-INF\classes\application.properties 
java_command: org.springframework.ide.vscode.boot.app.BootLanguageServerBootApp
java_class_path (initial): c:\Users\Madhav\.vscode\extensions\pivotal.vscode-spring-boot-1.42.0\language-server\BOOT-INF\classes;c:\Users\Madhav\.vscode\extensions\pivotal.vscode-spring-boot-1.42.0\language-server\BOOT-INF\lib\annotations-23.1.0.jar;c:\Users\Madhav\.vscode\extensions\pivotal.vscode-spring-boot-1.42.0\language-server\BOOT-INF\lib\ant-1.10.12.jar;c:\Users\Madhav\.vscode\extensions\pivotal.vscode-spring-boot-1.42.0\language-server\BOOT-INF\lib\ant-launcher-1.10.12.jar;c:\Users\Madhav\.vscode\extensions\pivotal.vscode-spring-boot-1.42.0\language-server\BOOT-INF\lib\antlr-runtime-3.5.2.jar;c:\Users\Madhav\.vscode\extensions\pivotal.vscode-spring-boot-1.42.0\language-server\BOOT-INF\lib\antlr4-4.9.3.jar;c:\Users\Madhav\.vscode\extensions\pivotal.vscode-spring-boot-1.42.0\language-server\BOOT-INF\lib\antlr4-runtime-4.9.3.jar;c:\Users\Madhav\.vscode\extensions\pivotal.vscode-spring-boot-1.42.0\language-server\BOOT-INF\lib\apiguardian-api-1.1.2.jar;c:\Users\Madhav\.vscode\extensions\pivotal.vscode-spring-boot-1.42.0\language-server\BOOT-INF\lib\asm-9.4.jar;c:\Users\Madhav\.vscode\extensions\pivotal.vscode-spring-boot-1.42.0\language-server\BOOT-INF\lib\asm-analysis-9.4.jar;c:\Users\Madhav\.vscode\extensions\pivotal.vscode-spring-boot-1.42.0\language-server\BOOT-INF\lib\asm-tree-9.4.jar;c:\Users\Madhav\.vscode\extensions\pivotal.vscode-spring-boot-1.42.0\language-server\BOOT-INF\lib\asm-util-9.4.jar;c:\Users\Madhav\.vscode\extensions\pivotal.vscode-spring-boot-1.42.0\language-server\BOOT-INF\lib\caffeine-2.9.3.jar;c:\Users\Madhav\.vscode\extensions\pivotal.vscode-spring-boot-1.42.0\language-server\BOOT-INF\lib\checker-qual-3.12.0.jar;c:\Users\Madhav\.vscode\extensions\pivotal.vscode-spring-boot-1.42.0\language-server\BOOT-INF\lib\ci-environment-9.1.0.jar;c:\Users\Madhav\.vscode\extensions\pivotal.vscode-spring-boot-1.42.0\language-server\BOOT-INF\lib\classgraph-4.8.149.jar;c:\Users\Madhav\.vscode\extensions\pivotal.vscode-spring-boot-1.42.0\language-server\
Launcher Type: SUN_STANDARD

[Global flags]
     intx CICompilerCount                          = 4                                         {product} {ergonomic}
     uint ConcGCThreads                            = 2                                         {product} {ergonomic}
     uint G1ConcRefinementThreads                  = 8                                         {product} {ergonomic}
   size_t G1HeapRegionSize                         = 1048576                                   {product} {ergonomic}
    uintx GCDrainStackTargetSize                   = 64                                        {product} {ergonomic}
   size_t InitialHeapSize                          = 134217728                                 {product} {ergonomic}
   size_t MarkStackSize                            = 4194304                                   {product} {ergonomic}
   size_t MaxHeapSize                              = 2122317824                                {product} {ergonomic}
   size_t MaxNewSize                               = 1272971264                                {product} {ergonomic}
   size_t MinHeapDeltaBytes                        = 1048576                                   {product} {ergonomic}
   size_t MinHeapSize                              = 8388608                                   {product} {ergonomic}
    uintx NonProfiledCodeHeapSize                  = 0                                      {pd product} {ergonomic}
     bool ProfileInterpreter                       = false                                  {pd product} {command line}
    uintx ProfiledCodeHeapSize                     = 0                                      {pd product} {ergonomic}
   size_t SoftMaxHeapSize                          = 2122317824                             {manageable} {ergonomic}
     intx TieredStopAtLevel                        = 1                                         {product} {command line}
     bool UseCompressedClassPointers               = true                           {product lp64_product} {ergonomic}
     bool UseCompressedOops                        = true                           {product lp64_product} {ergonomic}
     bool UseG1GC                                  = true                                      {product} {ergonomic}
     bool UseLargePagesIndividualAllocation        = false                                  {pd product} {ergonomic}

Logging:
Log output configuration:
 #0: stdout all=warning,jni+resolve=off uptime,level,tags
 #1: stderr all=off uptime,level,tags

Environment Variables:
PATH=C:\Users\Madhav\AppData\Local\cloud-code\installer\google-cloud-sdk\bin;C:\Python311\Scripts\;C:\Python311\;C:\Python310\Scripts\;C:\Python310\;C:\Program Files\Eclipse Adoptium\jdk-17.0.2.8-hotspot\bin;C:\Program Files\Common Files\Oracle\Java\javapath;C:\Windows\system32;C:\Windows;C:\Windows\System32\Wbem;C:\Windows\System32\WindowsPowerShell\v1.0\;C:\Windows\System32\OpenSSH\;C:\Program Files\NVIDIA Corporation\NVIDIA NvDLISR;C:\Program Files (x86)\NVIDIA Corporation\PhysX\Common;C:\Program Files\Git\cmd;C:\ProgramData\chocolatey\bin;C:\Program Files\nodejs\;C:\Program Files\Docker\Docker\resources\bin;C:\Program Files\MySQL\MySQL Shell 8.0\bin\;C:\Users\Madhav\AppData\Local\Microsoft\WindowsApps;C:\Users\Madhav\AppData\Local\Programs\Microsoft VS Code\bin;C:\src\flutter\bin;C:\Users\Madhav\AppData\Roaming\npm;C:\Users\Madhav\AppData\Local\Google\Cloud SDK\google-cloud-sdk\bin;C:\Program Files (x86)\Google\Cloud SDK\google-cloud-sdk\bin;C:\Program Files\Google\Cloud SDK\google-cloud-sdk\bin
USERNAME=Madhav
OS=Windows_NT
PROCESSOR_IDENTIFIER=AMD64 Family 21 Model 2 Stepping 0, AuthenticAMD
TMP=C:\Users\Madhav\AppData\Local\Temp
TEMP=C:\Users\Madhav\AppData\Local\Temp



---------------  S Y S T E M  ---------------

OS:
 Windows 10 , 64 bit Build 19041 (10.0.19041.1806)
OS uptime: 7 days 6:32 hours
Hyper-V role detected

CPU: total 8 (initial active 8) (8 cores per cpu, 1 threads per core) family 21 model 2 stepping 0 microcode 0x0, cx8, cmov, fxsr, mmx, 3dnowpref, sse, sse2, sse3, ssse3, sse4a, sse4.1, sse4.2, popcnt, lzcnt, tsc, tscinvbit, avx, aes, clmul, bmi1, fma, vzeroupper, clflush, hv

Memory: 4k page, system-wide physical 8091M (1183M free)
TotalPageFile size 20091M (AvailPageFile size 394M)
current process WorkingSet (physical memory assigned to process): 412M, peak: 412M
current process commit charge ("private bytes"): 446M, peak: 912M

vm_info: OpenJDK 64-Bit Server VM (17.0.5+8) for windows-amd64 JRE (17.0.5+8), built on Oct 19 2022 04:48:13 by "temurin" with MS VC++ 16.7 (VS2019)

END.
