#
# There is insufficient memory for the Java Runtime Environment to continue.
# Native memory allocation (malloc) failed to allocate 130960 bytes for Chunk::new
# Possible reasons:
#   The system is out of physical RAM or swap space
#   The process is running with CompressedOops enabled, and the Java Heap may be blocking the growth of the native heap
# Possible solutions:
#   Reduce memory load on the system
#   Increase physical memory or swap space
#   Check if swap backing store is full
#   Decrease Java heap size (-Xmx/-Xms)
#   Decrease number of Java threads
#   Decrease Java thread stack sizes (-Xss)
#   Set larger code cache with -XX:ReservedCodeCacheSize=
#   JVM is running with Unscaled Compressed Oops mode in which the Java heap is
#     placed in the first 4GB address space. The Java Heap base address is the
#     maximum limit for the native heap growth. Please use -XX:HeapBaseMinAddress
#     to set the Java Heap base and to place the Java Heap above 4GB virtual address.
# This output file may be truncated or incomplete.
#
#  Out of Memory Error (arena.cpp:189), pid=12280, tid=13120
#
# JRE version: OpenJDK Runtime Environment Temurin-17.0.2+8 (17.0.2+8) (build 17.0.2+8)
# Java VM: OpenJDK 64-Bit Server VM Temurin-17.0.2+8 (17.0.2+8, mixed mode, sharing, tiered, compressed oops, compressed class ptrs, g1 gc, windows-amd64)
# No core dump will be written. Minidumps are not enabled by default on client versions of Windows
#

---------------  S U M M A R Y ------------

Command Line: -XX:+ShowCodeDetailsInExceptionMessages com.driver.Application

Host: AMD FX(tm)-8320 Eight-Core Processor           , 8 cores, 7G,  Windows 10 , 64 bit Build 19041 (10.0.19041.1806)
Time: Sat Dec 24 17:27:24 2022 India Standard Time elapsed time: 2.820283 seconds (0d 0h 0m 2s)

---------------  T H R E A D  ---------------

Current thread (0x000001e5c56e23e0):  JavaThread "C2 CompilerThread0" daemon [_thread_in_native, id=13120, stack(0x000000c4b9300000,0x000000c4b9400000)]


Current CompileTask:
C2:   2820 1555       4       java.lang.StringLatin1::toLowerCase (186 bytes)

Stack: [0x000000c4b9300000,0x000000c4b9400000]
Native frames: (J=compiled Java code, j=interpreted, Vv=VM code, C=native code)
V  [jvm.dll+0x67564a]
V  [jvm.dll+0x82fc04]
V  [jvm.dll+0x8313ae]
V  [jvm.dll+0x831a13]
V  [jvm.dll+0x245235]
V  [jvm.dll+0xabd7b]
V  [jvm.dll+0xac30c]
V  [jvm.dll+0x3631f7]
V  [jvm.dll+0x32d891]
V  [jvm.dll+0x32cd3a]
V  [jvm.dll+0x2180d1]
V  [jvm.dll+0x2174f1]
V  [jvm.dll+0x1a3a8d]
V  [jvm.dll+0x226ef8]
V  [jvm.dll+0x22503c]
V  [jvm.dll+0x7e596b]
V  [jvm.dll+0x7dff2a]
V  [jvm.dll+0x6744d5]
C  [ucrtbase.dll+0x21bb2]
C  [KERNEL32.DLL+0x17034]
C  [ntdll.dll+0x52651]


---------------  P R O C E S S  ---------------

Threads class SMR info:
_java_thread_list=0x000001e5c7026370, length=13, elements={
0x000001e5a53cfa80, 0x000001e5c56c2740, 0x000001e5c56c5470, 0x000001e5c56df9f0,
0x000001e5c56e03a0, 0x000001e5c56e0d50, 0x000001e5c56e1700, 0x000001e5c56e23e0,
0x000001e5c56e8390, 0x000001e5c56f0d90, 0x000001e5c61a14c0, 0x000001e5c61abcc0,
0x000001e5c6e64bc0
}

Java Threads: ( => current thread )
  0x000001e5a53cfa80 JavaThread "main" [_thread_in_vm, id=18068, stack(0x000000c4b8600000,0x000000c4b8700000)]
  0x000001e5c56c2740 JavaThread "Reference Handler" daemon [_thread_blocked, id=18168, stack(0x000000c4b8d00000,0x000000c4b8e00000)]
  0x000001e5c56c5470 JavaThread "Finalizer" daemon [_thread_blocked, id=4900, stack(0x000000c4b8e00000,0x000000c4b8f00000)]
  0x000001e5c56df9f0 JavaThread "Signal Dispatcher" daemon [_thread_blocked, id=15636, stack(0x000000c4b8f00000,0x000000c4b9000000)]
  0x000001e5c56e03a0 JavaThread "Attach Listener" daemon [_thread_blocked, id=16764, stack(0x000000c4b9000000,0x000000c4b9100000)]
  0x000001e5c56e0d50 JavaThread "Service Thread" daemon [_thread_blocked, id=11776, stack(0x000000c4b9100000,0x000000c4b9200000)]
  0x000001e5c56e1700 JavaThread "Monitor Deflation Thread" daemon [_thread_blocked, id=3424, stack(0x000000c4b9200000,0x000000c4b9300000)]
=>0x000001e5c56e23e0 JavaThread "C2 CompilerThread0" daemon [_thread_in_native, id=13120, stack(0x000000c4b9300000,0x000000c4b9400000)]
  0x000001e5c56e8390 JavaThread "C1 CompilerThread0" daemon [_thread_in_native, id=9136, stack(0x000000c4b9400000,0x000000c4b9500000)]
  0x000001e5c56f0d90 JavaThread "Sweeper thread" daemon [_thread_blocked, id=15000, stack(0x000000c4b9500000,0x000000c4b9600000)]
  0x000001e5c61a14c0 JavaThread "Notification Thread" daemon [_thread_blocked, id=15156, stack(0x000000c4b9600000,0x000000c4b9700000)]
  0x000001e5c61abcc0 JavaThread "Common-Cleaner" daemon [_thread_blocked, id=9992, stack(0x000000c4b9800000,0x000000c4b9900000)]
  0x000001e5c6e64bc0 JavaThread "background-preinit" [_thread_in_vm, id=14728, stack(0x000000c4b9900000,0x000000c4b9a00000)]

Other Threads:
  0x000001e5c56bf720 VMThread "VM Thread" [stack: 0x000000c4b8c00000,0x000000c4b8d00000] [id=17752]
  0x000001e5a5446190 WatcherThread [stack: 0x000000c4b9700000,0x000000c4b9800000] [id=16188]
  0x000001e5a5417e30 GCTaskThread "GC Thread#0" [stack: 0x000000c4b8700000,0x000000c4b8800000] [id=20336]
  0x000001e5c6970d60 GCTaskThread "GC Thread#1" [stack: 0x000000c4b9a00000,0x000000c4b9b00000] [id=19952]
  0x000001e5c6b77040 GCTaskThread "GC Thread#2" [stack: 0x000000c4b9b00000,0x000000c4b9c00000] [id=17788]
  0x000001e5c6b78120 GCTaskThread "GC Thread#3" [stack: 0x000000c4b9c00000,0x000000c4b9d00000] [id=18340]
  0x000001e5c6fa3b10 GCTaskThread "GC Thread#4" [stack: 0x000000c4b9d00000,0x000000c4b9e00000] [id=13076]
  0x000001e5c696fc80 GCTaskThread "GC Thread#5" [stack: 0x000000c4b9e00000,0x000000c4b9f00000] [id=17984]
  0x000001e5c669d910 GCTaskThread "GC Thread#6" [stack: 0x000000c4b9f00000,0x000000c4ba000000] [id=3972]
  0x000001e5a542aa90 ConcurrentGCThread "G1 Main Marker" [stack: 0x000000c4b8800000,0x000000c4b8900000] [id=16616]
  0x000001e5a542bc40 ConcurrentGCThread "G1 Conc#0" [stack: 0x000000c4b8900000,0x000000c4b8a00000] [id=17932]
  0x000001e5a54a6660 ConcurrentGCThread "G1 Refine#0" [stack: 0x000000c4b8a00000,0x000000c4b8b00000] [id=16024]
  0x000001e5c6fa3730 ConcurrentGCThread "G1 Refine#1" [stack: 0x000000c4ba000000,0x000000c4ba100000] [id=10528]
  0x000001e5a54a7080 ConcurrentGCThread "G1 Service" [stack: 0x000000c4b8b00000,0x000000c4b8c00000] [id=6708]

Threads with active compile tasks:
C2 CompilerThread0     2873 1555       4       java.lang.StringLatin1::toLowerCase (186 bytes)
C1 CompilerThread0     2873 1569       3       jdk.internal.org.objectweb.asm.SymbolTable::addConstant (330 bytes)

VM state: not at safepoint (normal execution)

VM Mutex/Monitor currently owned by a thread: None

Heap address: 0x0000000081800000, size: 2024 MB, Compressed Oops mode: 32-bit

CDS archive(s) mapped at: [0x0000000800000000-0x0000000800bc0000-0x0000000800bc0000), size 12320768, SharedBaseAddress: 0x0000000800000000, ArchiveRelocationMode: 0.
Compressed class space mapped at: 0x0000000800c00000-0x0000000840c00000, reserved size: 1073741824
Narrow klass base: 0x0000000800000000, Narrow klass shift: 0, Narrow klass range: 0x100000000

GC Precious Log:
 CPUs: 8 total, 8 available
 Memory: 8091M
 Large Page Support: Disabled
 NUMA Support: Disabled
 Compressed Oops: Enabled (32-bit)
 Heap Region Size: 1M
 Heap Min Capacity: 8M
 Heap Initial Capacity: 128M
 Heap Max Capacity: 2024M
 Pre-touch: Disabled
 Parallel Workers: 8
 Concurrent Workers: 2
 Concurrent Refinement Workers: 8
 Periodic GC: Disabled

Heap:
 garbage-first heap   total 131072K, used 23915K [0x0000000081800000, 0x0000000100000000)
  region size 1024K, 22 young (22528K), 3 survivors (3072K)
 Metaspace       used 11864K, committed 12096K, reserved 1064960K
  class space    used 1438K, committed 1536K, reserved 1048576K

Heap Regions: E=young(eden), S=young(survivor), O=old, HS=humongous(starts), HC=humongous(continues), CS=collection set, F=free, OA=open archive, CA=closed archive, TAMS=top-at-mark-start (previous, next)
|   0|0x0000000081800000, 0x0000000081900000, 0x0000000081900000|100%| O|  |TAMS 0x0000000081800000, 0x0000000081800000| Untracked 
|   1|0x0000000081900000, 0x0000000081a00000, 0x0000000081a00000|100%| O|  |TAMS 0x0000000081900000, 0x0000000081900000| Untracked 
|   2|0x0000000081a00000, 0x0000000081a5ac00, 0x0000000081b00000| 35%| O|  |TAMS 0x0000000081a00000, 0x0000000081a00000| Untracked 
|   3|0x0000000081b00000, 0x0000000081b00000, 0x0000000081c00000|  0%| F|  |TAMS 0x0000000081b00000, 0x0000000081b00000| Untracked 
|   4|0x0000000081c00000, 0x0000000081c00000, 0x0000000081d00000|  0%| F|  |TAMS 0x0000000081c00000, 0x0000000081c00000| Untracked 
|   5|0x0000000081d00000, 0x0000000081d00000, 0x0000000081e00000|  0%| F|  |TAMS 0x0000000081d00000, 0x0000000081d00000| Untracked 
|   6|0x0000000081e00000, 0x0000000081e00000, 0x0000000081f00000|  0%| F|  |TAMS 0x0000000081e00000, 0x0000000081e00000| Untracked 
|   7|0x0000000081f00000, 0x0000000081f00000, 0x0000000082000000|  0%| F|  |TAMS 0x0000000081f00000, 0x0000000081f00000| Untracked 
|   8|0x0000000082000000, 0x0000000082000000, 0x0000000082100000|  0%| F|  |TAMS 0x0000000082000000, 0x0000000082000000| Untracked 
|   9|0x0000000082100000, 0x0000000082100000, 0x0000000082200000|  0%| F|  |TAMS 0x0000000082100000, 0x0000000082100000| Untracked 
|  10|0x0000000082200000, 0x0000000082200000, 0x0000000082300000|  0%| F|  |TAMS 0x0000000082200000, 0x0000000082200000| Untracked 
|  11|0x0000000082300000, 0x0000000082300000, 0x0000000082400000|  0%| F|  |TAMS 0x0000000082300000, 0x0000000082300000| Untracked 
|  12|0x0000000082400000, 0x0000000082400000, 0x0000000082500000|  0%| F|  |TAMS 0x0000000082400000, 0x0000000082400000| Untracked 
|  13|0x0000000082500000, 0x0000000082500000, 0x0000000082600000|  0%| F|  |TAMS 0x0000000082500000, 0x0000000082500000| Untracked 
|  14|0x0000000082600000, 0x0000000082600000, 0x0000000082700000|  0%| F|  |TAMS 0x0000000082600000, 0x0000000082600000| Untracked 
|  15|0x0000000082700000, 0x0000000082700000, 0x0000000082800000|  0%| F|  |TAMS 0x0000000082700000, 0x0000000082700000| Untracked 
|  16|0x0000000082800000, 0x0000000082800000, 0x0000000082900000|  0%| F|  |TAMS 0x0000000082800000, 0x0000000082800000| Untracked 
|  17|0x0000000082900000, 0x0000000082900000, 0x0000000082a00000|  0%| F|  |TAMS 0x0000000082900000, 0x0000000082900000| Untracked 
|  18|0x0000000082a00000, 0x0000000082a00000, 0x0000000082b00000|  0%| F|  |TAMS 0x0000000082a00000, 0x0000000082a00000| Untracked 
|  19|0x0000000082b00000, 0x0000000082b00000, 0x0000000082c00000|  0%| F|  |TAMS 0x0000000082b00000, 0x0000000082b00000| Untracked 
|  20|0x0000000082c00000, 0x0000000082c00000, 0x0000000082d00000|  0%| F|  |TAMS 0x0000000082c00000, 0x0000000082c00000| Untracked 
|  21|0x0000000082d00000, 0x0000000082d00000, 0x0000000082e00000|  0%| F|  |TAMS 0x0000000082d00000, 0x0000000082d00000| Untracked 
|  22|0x0000000082e00000, 0x0000000082e00000, 0x0000000082f00000|  0%| F|  |TAMS 0x0000000082e00000, 0x0000000082e00000| Untracked 
|  23|0x0000000082f00000, 0x0000000082f00000, 0x0000000083000000|  0%| F|  |TAMS 0x0000000082f00000, 0x0000000082f00000| Untracked 
|  24|0x0000000083000000, 0x0000000083000000, 0x0000000083100000|  0%| F|  |TAMS 0x0000000083000000, 0x0000000083000000| Untracked 
|  25|0x0000000083100000, 0x0000000083100000, 0x0000000083200000|  0%| F|  |TAMS 0x0000000083100000, 0x0000000083100000| Untracked 
|  26|0x0000000083200000, 0x0000000083200000, 0x0000000083300000|  0%| F|  |TAMS 0x0000000083200000, 0x0000000083200000| Untracked 
|  27|0x0000000083300000, 0x0000000083300000, 0x0000000083400000|  0%| F|  |TAMS 0x0000000083300000, 0x0000000083300000| Untracked 
|  28|0x0000000083400000, 0x0000000083400000, 0x0000000083500000|  0%| F|  |TAMS 0x0000000083400000, 0x0000000083400000| Untracked 
|  29|0x0000000083500000, 0x0000000083500000, 0x0000000083600000|  0%| F|  |TAMS 0x0000000083500000, 0x0000000083500000| Untracked 
|  30|0x0000000083600000, 0x0000000083600000, 0x0000000083700000|  0%| F|  |TAMS 0x0000000083600000, 0x0000000083600000| Untracked 
|  31|0x0000000083700000, 0x0000000083700000, 0x0000000083800000|  0%| F|  |TAMS 0x0000000083700000, 0x0000000083700000| Untracked 
|  32|0x0000000083800000, 0x0000000083800000, 0x0000000083900000|  0%| F|  |TAMS 0x0000000083800000, 0x0000000083800000| Untracked 
|  33|0x0000000083900000, 0x0000000083900000, 0x0000000083a00000|  0%| F|  |TAMS 0x0000000083900000, 0x0000000083900000| Untracked 
|  34|0x0000000083a00000, 0x0000000083a00000, 0x0000000083b00000|  0%| F|  |TAMS 0x0000000083a00000, 0x0000000083a00000| Untracked 
|  35|0x0000000083b00000, 0x0000000083b00000, 0x0000000083c00000|  0%| F|  |TAMS 0x0000000083b00000, 0x0000000083b00000| Untracked 
|  36|0x0000000083c00000, 0x0000000083c00000, 0x0000000083d00000|  0%| F|  |TAMS 0x0000000083c00000, 0x0000000083c00000| Untracked 
|  37|0x0000000083d00000, 0x0000000083d00000, 0x0000000083e00000|  0%| F|  |TAMS 0x0000000083d00000, 0x0000000083d00000| Untracked 
|  38|0x0000000083e00000, 0x0000000083e00000, 0x0000000083f00000|  0%| F|  |TAMS 0x0000000083e00000, 0x0000000083e00000| Untracked 
|  39|0x0000000083f00000, 0x0000000083f00000, 0x0000000084000000|  0%| F|  |TAMS 0x0000000083f00000, 0x0000000083f00000| Untracked 
|  40|0x0000000084000000, 0x0000000084000000, 0x0000000084100000|  0%| F|  |TAMS 0x0000000084000000, 0x0000000084000000| Untracked 
|  41|0x0000000084100000, 0x0000000084100000, 0x0000000084200000|  0%| F|  |TAMS 0x0000000084100000, 0x0000000084100000| Untracked 
|  42|0x0000000084200000, 0x0000000084200000, 0x0000000084300000|  0%| F|  |TAMS 0x0000000084200000, 0x0000000084200000| Untracked 
|  43|0x0000000084300000, 0x0000000084300000, 0x0000000084400000|  0%| F|  |TAMS 0x0000000084300000, 0x0000000084300000| Untracked 
|  44|0x0000000084400000, 0x0000000084400000, 0x0000000084500000|  0%| F|  |TAMS 0x0000000084400000, 0x0000000084400000| Untracked 
|  45|0x0000000084500000, 0x0000000084500000, 0x0000000084600000|  0%| F|  |TAMS 0x0000000084500000, 0x0000000084500000| Untracked 
|  46|0x0000000084600000, 0x0000000084600000, 0x0000000084700000|  0%| F|  |TAMS 0x0000000084600000, 0x0000000084600000| Untracked 
|  47|0x0000000084700000, 0x0000000084700000, 0x0000000084800000|  0%| F|  |TAMS 0x0000000084700000, 0x0000000084700000| Untracked 
|  48|0x0000000084800000, 0x0000000084800000, 0x0000000084900000|  0%| F|  |TAMS 0x0000000084800000, 0x0000000084800000| Untracked 
|  49|0x0000000084900000, 0x0000000084900000, 0x0000000084a00000|  0%| F|  |TAMS 0x0000000084900000, 0x0000000084900000| Untracked 
|  50|0x0000000084a00000, 0x0000000084a00000, 0x0000000084b00000|  0%| F|  |TAMS 0x0000000084a00000, 0x0000000084a00000| Untracked 
|  51|0x0000000084b00000, 0x0000000084b00000, 0x0000000084c00000|  0%| F|  |TAMS 0x0000000084b00000, 0x0000000084b00000| Untracked 
|  52|0x0000000084c00000, 0x0000000084c00000, 0x0000000084d00000|  0%| F|  |TAMS 0x0000000084c00000, 0x0000000084c00000| Untracked 
|  53|0x0000000084d00000, 0x0000000084d00000, 0x0000000084e00000|  0%| F|  |TAMS 0x0000000084d00000, 0x0000000084d00000| Untracked 
|  54|0x0000000084e00000, 0x0000000084e00000, 0x0000000084f00000|  0%| F|  |TAMS 0x0000000084e00000, 0x0000000084e00000| Untracked 
|  55|0x0000000084f00000, 0x0000000084f00000, 0x0000000085000000|  0%| F|  |TAMS 0x0000000084f00000, 0x0000000084f00000| Untracked 
|  56|0x0000000085000000, 0x0000000085000000, 0x0000000085100000|  0%| F|  |TAMS 0x0000000085000000, 0x0000000085000000| Untracked 
|  57|0x0000000085100000, 0x0000000085100000, 0x0000000085200000|  0%| F|  |TAMS 0x0000000085100000, 0x0000000085100000| Untracked 
|  58|0x0000000085200000, 0x0000000085200000, 0x0000000085300000|  0%| F|  |TAMS 0x0000000085200000, 0x0000000085200000| Untracked 
|  59|0x0000000085300000, 0x0000000085300000, 0x0000000085400000|  0%| F|  |TAMS 0x0000000085300000, 0x0000000085300000| Untracked 
|  60|0x0000000085400000, 0x0000000085400000, 0x0000000085500000|  0%| F|  |TAMS 0x0000000085400000, 0x0000000085400000| Untracked 
|  61|0x0000000085500000, 0x0000000085500000, 0x0000000085600000|  0%| F|  |TAMS 0x0000000085500000, 0x0000000085500000| Untracked 
|  62|0x0000000085600000, 0x0000000085600000, 0x0000000085700000|  0%| F|  |TAMS 0x0000000085600000, 0x0000000085600000| Untracked 
|  63|0x0000000085700000, 0x0000000085700000, 0x0000000085800000|  0%| F|  |TAMS 0x0000000085700000, 0x0000000085700000| Untracked 
|  64|0x0000000085800000, 0x0000000085800000, 0x0000000085900000|  0%| F|  |TAMS 0x0000000085800000, 0x0000000085800000| Untracked 
|  65|0x0000000085900000, 0x0000000085900000, 0x0000000085a00000|  0%| F|  |TAMS 0x0000000085900000, 0x0000000085900000| Untracked 
|  66|0x0000000085a00000, 0x0000000085a00000, 0x0000000085b00000|  0%| F|  |TAMS 0x0000000085a00000, 0x0000000085a00000| Untracked 
|  67|0x0000000085b00000, 0x0000000085b00000, 0x0000000085c00000|  0%| F|  |TAMS 0x0000000085b00000, 0x0000000085b00000| Untracked 
|  68|0x0000000085c00000, 0x0000000085c00000, 0x0000000085d00000|  0%| F|  |TAMS 0x0000000085c00000, 0x0000000085c00000| Untracked 
|  69|0x0000000085d00000, 0x0000000085d00000, 0x0000000085e00000|  0%| F|  |TAMS 0x0000000085d00000, 0x0000000085d00000| Untracked 
|  70|0x0000000085e00000, 0x0000000085e00000, 0x0000000085f00000|  0%| F|  |TAMS 0x0000000085e00000, 0x0000000085e00000| Untracked 
|  71|0x0000000085f00000, 0x0000000085f00000, 0x0000000086000000|  0%| F|  |TAMS 0x0000000085f00000, 0x0000000085f00000| Untracked 
|  72|0x0000000086000000, 0x0000000086000000, 0x0000000086100000|  0%| F|  |TAMS 0x0000000086000000, 0x0000000086000000| Untracked 
|  73|0x0000000086100000, 0x0000000086100000, 0x0000000086200000|  0%| F|  |TAMS 0x0000000086100000, 0x0000000086100000| Untracked 
|  74|0x0000000086200000, 0x0000000086200000, 0x0000000086300000|  0%| F|  |TAMS 0x0000000086200000, 0x0000000086200000| Untracked 
|  75|0x0000000086300000, 0x0000000086300000, 0x0000000086400000|  0%| F|  |TAMS 0x0000000086300000, 0x0000000086300000| Untracked 
|  76|0x0000000086400000, 0x0000000086400000, 0x0000000086500000|  0%| F|  |TAMS 0x0000000086400000, 0x0000000086400000| Untracked 
|  77|0x0000000086500000, 0x0000000086500000, 0x0000000086600000|  0%| F|  |TAMS 0x0000000086500000, 0x0000000086500000| Untracked 
|  78|0x0000000086600000, 0x0000000086600000, 0x0000000086700000|  0%| F|  |TAMS 0x0000000086600000, 0x0000000086600000| Untracked 
|  79|0x0000000086700000, 0x0000000086700000, 0x0000000086800000|  0%| F|  |TAMS 0x0000000086700000, 0x0000000086700000| Untracked 
|  80|0x0000000086800000, 0x0000000086800000, 0x0000000086900000|  0%| F|  |TAMS 0x0000000086800000, 0x0000000086800000| Untracked 
|  81|0x0000000086900000, 0x0000000086900000, 0x0000000086a00000|  0%| F|  |TAMS 0x0000000086900000, 0x0000000086900000| Untracked 
|  82|0x0000000086a00000, 0x0000000086a00000, 0x0000000086b00000|  0%| F|  |TAMS 0x0000000086a00000, 0x0000000086a00000| Untracked 
|  83|0x0000000086b00000, 0x0000000086b00000, 0x0000000086c00000|  0%| F|  |TAMS 0x0000000086b00000, 0x0000000086b00000| Untracked 
|  84|0x0000000086c00000, 0x0000000086c00000, 0x0000000086d00000|  0%| F|  |TAMS 0x0000000086c00000, 0x0000000086c00000| Untracked 
|  85|0x0000000086d00000, 0x0000000086d00000, 0x0000000086e00000|  0%| F|  |TAMS 0x0000000086d00000, 0x0000000086d00000| Untracked 
|  86|0x0000000086e00000, 0x0000000086e00000, 0x0000000086f00000|  0%| F|  |TAMS 0x0000000086e00000, 0x0000000086e00000| Untracked 
|  87|0x0000000086f00000, 0x0000000086f00000, 0x0000000087000000|  0%| F|  |TAMS 0x0000000086f00000, 0x0000000086f00000| Untracked 
|  88|0x0000000087000000, 0x0000000087000000, 0x0000000087100000|  0%| F|  |TAMS 0x0000000087000000, 0x0000000087000000| Untracked 
|  89|0x0000000087100000, 0x0000000087100000, 0x0000000087200000|  0%| F|  |TAMS 0x0000000087100000, 0x0000000087100000| Untracked 
|  90|0x0000000087200000, 0x0000000087200000, 0x0000000087300000|  0%| F|  |TAMS 0x0000000087200000, 0x0000000087200000| Untracked 
|  91|0x0000000087300000, 0x0000000087300000, 0x0000000087400000|  0%| F|  |TAMS 0x0000000087300000, 0x0000000087300000| Untracked 
|  92|0x0000000087400000, 0x0000000087400000, 0x0000000087500000|  0%| F|  |TAMS 0x0000000087400000, 0x0000000087400000| Untracked 
|  93|0x0000000087500000, 0x0000000087500000, 0x0000000087600000|  0%| F|  |TAMS 0x0000000087500000, 0x0000000087500000| Untracked 
|  94|0x0000000087600000, 0x0000000087600000, 0x0000000087700000|  0%| F|  |TAMS 0x0000000087600000, 0x0000000087600000| Untracked 
|  95|0x0000000087700000, 0x0000000087700000, 0x0000000087800000|  0%| F|  |TAMS 0x0000000087700000, 0x0000000087700000| Untracked 
|  96|0x0000000087800000, 0x0000000087800000, 0x0000000087900000|  0%| F|  |TAMS 0x0000000087800000, 0x0000000087800000| Untracked 
|  97|0x0000000087900000, 0x0000000087900000, 0x0000000087a00000|  0%| F|  |TAMS 0x0000000087900000, 0x0000000087900000| Untracked 
|  98|0x0000000087a00000, 0x0000000087a00000, 0x0000000087b00000|  0%| F|  |TAMS 0x0000000087a00000, 0x0000000087a00000| Untracked 
|  99|0x0000000087b00000, 0x0000000087b00000, 0x0000000087c00000|  0%| F|  |TAMS 0x0000000087b00000, 0x0000000087b00000| Untracked 
| 100|0x0000000087c00000, 0x0000000087c00000, 0x0000000087d00000|  0%| F|  |TAMS 0x0000000087c00000, 0x0000000087c00000| Untracked 
| 101|0x0000000087d00000, 0x0000000087d00000, 0x0000000087e00000|  0%| F|  |TAMS 0x0000000087d00000, 0x0000000087d00000| Untracked 
| 102|0x0000000087e00000, 0x0000000087f00000, 0x0000000087f00000|100%| S|CS|TAMS 0x0000000087e00000, 0x0000000087e00000| Complete 
| 103|0x0000000087f00000, 0x0000000088000000, 0x0000000088000000|100%| S|CS|TAMS 0x0000000087f00000, 0x0000000087f00000| Complete 
| 104|0x0000000088000000, 0x0000000088100000, 0x0000000088100000|100%| S|CS|TAMS 0x0000000088000000, 0x0000000088000000| Complete 
| 105|0x0000000088100000, 0x0000000088100000, 0x0000000088200000|  0%| F|  |TAMS 0x0000000088100000, 0x0000000088100000| Untracked 
| 106|0x0000000088200000, 0x0000000088200000, 0x0000000088300000|  0%| F|  |TAMS 0x0000000088200000, 0x0000000088200000| Untracked 
| 107|0x0000000088300000, 0x0000000088300000, 0x0000000088400000|  0%| F|  |TAMS 0x0000000088300000, 0x0000000088300000| Untracked 
| 108|0x0000000088400000, 0x00000000884d31f8, 0x0000000088500000| 82%| E|  |TAMS 0x0000000088400000, 0x0000000088400000| Complete 
| 109|0x0000000088500000, 0x0000000088600000, 0x0000000088600000|100%| E|CS|TAMS 0x0000000088500000, 0x0000000088500000| Complete 
| 110|0x0000000088600000, 0x0000000088700000, 0x0000000088700000|100%| E|CS|TAMS 0x0000000088600000, 0x0000000088600000| Complete 
| 111|0x0000000088700000, 0x0000000088800000, 0x0000000088800000|100%| E|CS|TAMS 0x0000000088700000, 0x0000000088700000| Complete 
| 112|0x0000000088800000, 0x0000000088900000, 0x0000000088900000|100%| E|CS|TAMS 0x0000000088800000, 0x0000000088800000| Complete 
| 113|0x0000000088900000, 0x0000000088a00000, 0x0000000088a00000|100%| E|CS|TAMS 0x0000000088900000, 0x0000000088900000| Complete 
| 114|0x0000000088a00000, 0x0000000088b00000, 0x0000000088b00000|100%| E|CS|TAMS 0x0000000088a00000, 0x0000000088a00000| Complete 
| 115|0x0000000088b00000, 0x0000000088c00000, 0x0000000088c00000|100%| E|CS|TAMS 0x0000000088b00000, 0x0000000088b00000| Complete 
| 116|0x0000000088c00000, 0x0000000088d00000, 0x0000000088d00000|100%| E|CS|TAMS 0x0000000088c00000, 0x0000000088c00000| Complete 
| 117|0x0000000088d00000, 0x0000000088e00000, 0x0000000088e00000|100%| E|CS|TAMS 0x0000000088d00000, 0x0000000088d00000| Complete 
| 118|0x0000000088e00000, 0x0000000088f00000, 0x0000000088f00000|100%| E|CS|TAMS 0x0000000088e00000, 0x0000000088e00000| Complete 
| 119|0x0000000088f00000, 0x0000000089000000, 0x0000000089000000|100%| E|CS|TAMS 0x0000000088f00000, 0x0000000088f00000| Complete 
| 120|0x0000000089000000, 0x0000000089100000, 0x0000000089100000|100%| E|CS|TAMS 0x0000000089000000, 0x0000000089000000| Complete 
| 121|0x0000000089100000, 0x0000000089200000, 0x0000000089200000|100%| E|CS|TAMS 0x0000000089100000, 0x0000000089100000| Complete 
| 122|0x0000000089200000, 0x0000000089300000, 0x0000000089300000|100%| E|CS|TAMS 0x0000000089200000, 0x0000000089200000| Complete 
| 123|0x0000000089300000, 0x0000000089400000, 0x0000000089400000|100%| E|CS|TAMS 0x0000000089300000, 0x0000000089300000| Complete 
| 124|0x0000000089400000, 0x0000000089500000, 0x0000000089500000|100%| E|CS|TAMS 0x0000000089400000, 0x0000000089400000| Complete 
| 125|0x0000000089500000, 0x0000000089600000, 0x0000000089600000|100%| E|CS|TAMS 0x0000000089500000, 0x0000000089500000| Complete 
| 126|0x0000000089600000, 0x0000000089700000, 0x0000000089700000|100%| E|CS|TAMS 0x0000000089600000, 0x0000000089600000| Complete 
| 127|0x0000000089700000, 0x0000000089800000, 0x0000000089800000|100%| E|CS|TAMS 0x0000000089700000, 0x0000000089700000| Complete 

Card table byte_map: [0x000001e5be530000,0x000001e5be930000] _byte_map_base: 0x000001e5be124000

Marking Bits (Prev, Next): (CMBitMap*) 0x000001e5a541a460, (CMBitMap*) 0x000001e5a541a4a0
 Prev Bits: [0x000001e5bed30000, 0x000001e5c0cd0000)
 Next Bits: [0x000001e5c0cd0000, 0x000001e5c2c70000)

Polling page: 0x000001e5a54b0000

Metaspace:

Usage:
  Non-class:     10.28 MB used.
      Class:      1.42 MB used.
       Both:     11.70 MB used.

Virtual space:
  Non-class space:       16.00 MB reserved,      10.38 MB ( 65%) committed,  2 nodes.
      Class space:        1.00 GB reserved,       1.50 MB ( <1%) committed,  1 nodes.
             Both:        1.02 GB reserved,      11.88 MB (  1%) committed. 

Chunk freelists:
   Non-Class:  832.00 KB
       Class:  2.50 MB
        Both:  3.31 MB

MaxMetaspaceSize: unlimited
CompressedClassSpaceSize: 1.00 GB
Initial GC threshold: 21.00 MB
Current GC threshold: 21.00 MB
CDS: on
MetaspaceReclaimPolicy: balanced
 - commit_granule_bytes: 65536.
 - commit_granule_words: 8192.
 - virtual_space_node_default_size: 1048576.
 - enlarge_chunks_in_place: 1.
 - new_chunks_are_fully_committed: 0.
 - uncommit_free_chunks: 1.
 - use_allocation_guard: 0.
 - handle_deallocations: 1.


Internal statistics:

num_allocs_failed_limit: 0.
num_arena_births: 140.
num_arena_deaths: 0.
num_vsnodes_births: 3.
num_vsnodes_deaths: 0.
num_space_committed: 190.
num_space_uncommitted: 0.
num_chunks_returned_to_freelist: 0.
num_chunks_taken_from_freelist: 499.
num_chunk_merges: 0.
num_chunk_splits: 351.
num_chunks_enlarged: 292.
num_purges: 0.
num_inconsistent_stats: 0.

CodeHeap 'non-profiled nmethods': size=120000Kb used=558Kb max_used=558Kb free=119441Kb
 bounds [0x000001e5b61a0000, 0x000001e5b6410000, 0x000001e5bd6d0000]
CodeHeap 'profiled nmethods': size=120000Kb used=2933Kb max_used=2933Kb free=117066Kb
 bounds [0x000001e5aec70000, 0x000001e5aef50000, 0x000001e5b61a0000]
CodeHeap 'non-nmethods': size=5760Kb used=1157Kb max_used=1175Kb free=4602Kb
 bounds [0x000001e5ae6d0000, 0x000001e5ae940000, 0x000001e5aec70000]
 total_blobs=2031 nmethods=1581 adapters=364
 compilation: enabled
              stopped_count=0, restarted_count=0
 full_count=0

Compilation events (20 events):
Event: 2.795 Thread 0x000001e5c56e8390 nmethod 1546 0x000001e5aef2e710 code [0x000001e5aef2e8e0, 0x000001e5aef2edc8]
Event: 2.795 Thread 0x000001e5c56e8390 1547       1       jdk.internal.loader.AbstractClassLoaderValue$Sub::parent (5 bytes)
Event: 2.796 Thread 0x000001e5c56e8390 nmethod 1547 0x000001e5b622b410 code [0x000001e5b622b5a0, 0x000001e5b622b678]
Event: 2.796 Thread 0x000001e5c56e8390 1542       3       jdk.internal.org.objectweb.asm.SymbolTable::setMajorVersionAndClassName (19 bytes)
Event: 2.796 Thread 0x000001e5c56e8390 nmethod 1542 0x000001e5aef2ef10 code [0x000001e5aef2f0c0, 0x000001e5aef2f2c8]
Event: 2.804 Thread 0x000001e5c56e8390 1548       3       sun.reflect.generics.parser.SignatureParser::parseFieldTypeSignature (6 bytes)
Event: 2.804 Thread 0x000001e5c56e8390 nmethod 1548 0x000001e5aef2f410 code [0x000001e5aef2f5a0, 0x000001e5aef2f6e8]
Event: 2.804 Thread 0x000001e5c56e8390 1549       3       sun.reflect.generics.parser.SignatureParser::parseFieldTypeSignature (73 bytes)
Event: 2.804 Thread 0x000001e5c56e8390 nmethod 1549 0x000001e5aef2f790 code [0x000001e5aef2f9e0, 0x000001e5aef30088]
Event: 2.804 Thread 0x000001e5c56e8390 1550       3       jdk.internal.reflect.ReflectionFactory::getExecutableSharedParameterTypes (11 bytes)
Event: 2.804 Thread 0x000001e5c56e8390 nmethod 1550 0x000001e5aef30310 code [0x000001e5aef304c0, 0x000001e5aef30728]
Event: 2.804 Thread 0x000001e5c56e8390 1551       3       jdk.internal.reflect.ReflectionFactory::copyMethod (11 bytes)
Event: 2.805 Thread 0x000001e5c56e8390 nmethod 1551 0x000001e5aef30890 code [0x000001e5aef30a40, 0x000001e5aef30c28]
Event: 2.805 Thread 0x000001e5c56e8390 1552       3       jdk.internal.org.objectweb.asm.MethodWriter::computeAllFrames (510 bytes)
Event: 2.806 Thread 0x000001e5c56e8390 nmethod 1552 0x000001e5aef30d90 code [0x000001e5aef310e0, 0x000001e5aef32548]
Event: 2.806 Thread 0x000001e5c56e8390 1553       3       java.lang.Byte::toUnsignedInt (6 bytes)
Event: 2.807 Thread 0x000001e5c56e8390 nmethod 1553 0x000001e5aef33010 code [0x000001e5aef331a0, 0x000001e5aef33298]
Event: 2.807 Thread 0x000001e5c56e8390 1554       3       java.util.zip.ZipUtils::get32S (17 bytes)
Event: 2.807 Thread 0x000001e5c56e8390 nmethod 1554 0x000001e5aef33310 code [0x000001e5aef334c0, 0x000001e5aef33718]
Event: 2.809 Thread 0x000001e5c56e23e0 1555       4       java.lang.StringLatin1::toLowerCase (186 bytes)

GC Heap History (2 events):
Event: 1.209 GC heap before
{Heap before GC invocations=0 (full 0):
 garbage-first heap   total 131072K, used 22528K [0x0000000081800000, 0x0000000100000000)
  region size 1024K, 23 young (23552K), 0 survivors (0K)
 Metaspace       used 6311K, committed 6464K, reserved 1056768K
  class space    used 770K, committed 832K, reserved 1048576K
}
Event: 1.219 GC heap after
{Heap after GC invocations=1 (full 0):
 garbage-first heap   total 131072K, used 5483K [0x0000000081800000, 0x0000000100000000)
  region size 1024K, 3 young (3072K), 3 survivors (3072K)
 Metaspace       used 6311K, committed 6464K, reserved 1056768K
  class space    used 770K, committed 832K, reserved 1048576K
}

Deoptimization events (20 events):
Event: 1.097 Thread 0x000001e5a53cfa80 Uncommon trap: trap_request=0xffffff45 fr.pc=0x000001e5b61b93ec relative=0x00000000000001cc
Event: 1.097 Thread 0x000001e5a53cfa80 Uncommon trap: reason=unstable_if action=reinterpret pc=0x000001e5b61b93ec method=java.lang.String.startsWith(Ljava/lang/String;I)Z @ 1 c2
Event: 1.097 Thread 0x000001e5a53cfa80 DEOPT PACKING pc=0x000001e5b61b93ec sp=0x000000c4b86fe3a0
Event: 1.097 Thread 0x000001e5a53cfa80 DEOPT UNPACKING pc=0x000001e5ae7223a3 sp=0x000000c4b86fe308 mode 2
Event: 1.098 Thread 0x000001e5a53cfa80 Uncommon trap: trap_request=0xffffffde fr.pc=0x000001e5b620080c relative=0x00000000000000ec
Event: 1.098 Thread 0x000001e5a53cfa80 Uncommon trap: reason=class_check action=maybe_recompile pc=0x000001e5b620080c method=jdk.internal.misc.Unsafe.allocateUninitializedArray(Ljava/lang/Class;I)Ljava/lang/Object; @ 51 c2
Event: 1.098 Thread 0x000001e5a53cfa80 DEOPT PACKING pc=0x000001e5b620080c sp=0x000000c4b86fd800
Event: 1.098 Thread 0x000001e5a53cfa80 DEOPT UNPACKING pc=0x000001e5ae7223a3 sp=0x000000c4b86fd788 mode 2
Event: 1.098 Thread 0x000001e5a53cfa80 Uncommon trap: trap_request=0xffffffde fr.pc=0x000001e5b620080c relative=0x00000000000000ec
Event: 1.098 Thread 0x000001e5a53cfa80 Uncommon trap: reason=class_check action=maybe_recompile pc=0x000001e5b620080c method=jdk.internal.misc.Unsafe.allocateUninitializedArray(Ljava/lang/Class;I)Ljava/lang/Object; @ 51 c2
Event: 1.098 Thread 0x000001e5a53cfa80 DEOPT PACKING pc=0x000001e5b620080c sp=0x000000c4b86fd400
Event: 1.098 Thread 0x000001e5a53cfa80 DEOPT UNPACKING pc=0x000001e5ae7223a3 sp=0x000000c4b86fd388 mode 2
Event: 1.308 Thread 0x000001e5a53cfa80 Uncommon trap: trap_request=0xffffff45 fr.pc=0x000001e5b61f451c relative=0x00000000000006bc
Event: 1.308 Thread 0x000001e5a53cfa80 Uncommon trap: reason=unstable_if action=reinterpret pc=0x000001e5b61f451c method=java.util.HashMap.putVal(ILjava/lang/Object;Ljava/lang/Object;ZZ)Ljava/lang/Object; @ 181 c2
Event: 1.308 Thread 0x000001e5a53cfa80 DEOPT PACKING pc=0x000001e5b61f451c sp=0x000000c4b86fdb40
Event: 1.308 Thread 0x000001e5a53cfa80 DEOPT UNPACKING pc=0x000001e5ae7223a3 sp=0x000000c4b86fdaf0 mode 2
Event: 1.326 Thread 0x000001e5a53cfa80 Uncommon trap: trap_request=0xffffff45 fr.pc=0x000001e5b61ef29c relative=0x0000000000000d7c
Event: 1.326 Thread 0x000001e5a53cfa80 Uncommon trap: reason=unstable_if action=reinterpret pc=0x000001e5b61ef29c method=java.util.concurrent.ConcurrentHashMap.putVal(Ljava/lang/Object;Ljava/lang/Object;Z)Ljava/lang/Object; @ 148 c2
Event: 1.326 Thread 0x000001e5a53cfa80 DEOPT PACKING pc=0x000001e5b61ef29c sp=0x000000c4b86fe560
Event: 1.326 Thread 0x000001e5a53cfa80 DEOPT UNPACKING pc=0x000001e5ae7223a3 sp=0x000000c4b86fe4d0 mode 2

Classes unloaded (0 events):
No events

Classes redefined (0 events):
No events

Internal exceptions (20 events):
Event: 1.028 Thread 0x000001e5a53cfa80 Exception <a 'java/lang/NoSuchMethodError'{0x00000000884a5930}: 'java.lang.Object java.lang.invoke.DirectMethodHandle$Holder.invokeSpecial(java.lang.Object, java.lang.Object, java.lang.Object, java.lang.Object, java.lang.Object, java.lang.Object, java.lang.Object, int)'> (0x00000000884a5930) 
thrown [e:\jenkins\tmp\workspace\build\src\src\hotspot\share\interpreter\linkResolver.cpp, line 766]
Event: 1.070 Thread 0x000001e5a53cfa80 Exception <a 'java/lang/NoSuchMethodError'{0x00000000883b5b10}: 'int java.lang.invoke.DirectMethodHandle$Holder.invokeInterface(java.lang.Object, java.lang.Object)'> (0x00000000883b5b10) 
thrown [e:\jenkins\tmp\workspace\build\src\src\hotspot\share\interpreter\linkResolver.cpp, line 766]
Event: 1.097 Thread 0x000001e5a53cfa80 Exception <a 'java/lang/NoSuchMethodError'{0x000000008821e128}: 'int java.lang.invoke.DirectMethodHandle$Holder.invokeVirtual(java.lang.Object, java.lang.Object)'> (0x000000008821e128) 
thrown [e:\jenkins\tmp\workspace\build\src\src\hotspot\share\interpreter\linkResolver.cpp, line 766]
Event: 1.117 Thread 0x000001e5a53cfa80 Exception <a 'java/lang/NoSuchMethodError'{0x00000000882a1748}: 'java.lang.Object java.lang.invoke.DirectMethodHandle$Holder.invokeSpecial(java.lang.Object, java.lang.Object, java.lang.Object, int, java.lang.Object)'> (0x00000000882a1748) 
thrown [e:\jenkins\tmp\workspace\build\src\src\hotspot\share\interpreter\linkResolver.cpp, line 766]
Event: 1.118 Thread 0x000001e5a53cfa80 Exception <a 'java/lang/NoSuchMethodError'{0x00000000882a9db0}: 'java.lang.Object java.lang.invoke.DirectMethodHandle$Holder.newInvokeSpecial(java.lang.Object, java.lang.Object, java.lang.Object, int, java.lang.Object)'> (0x00000000882a9db0) 
thrown [e:\jenkins\tmp\workspace\build\src\src\hotspot\share\interpreter\linkResolver.cpp, line 766]
Event: 1.119 Thread 0x000001e5a53cfa80 Exception <a 'java/lang/NoSuchMethodError'{0x00000000882b1780}: 'java.lang.Object java.lang.invoke.Invokers$Holder.linkToTargetMethod(java.lang.Object, java.lang.Object, int, java.lang.Object, java.lang.Object)'> (0x00000000882b1780) 
thrown [e:\jenkins\tmp\workspace\build\src\src\hotspot\share\interpreter\linkResolver.cpp, line 766]
Event: 1.121 Thread 0x000001e5a53cfa80 Exception <a 'java/lang/NoSuchMethodError'{0x00000000882c0478}: 'java.lang.Object java.lang.invoke.DirectMethodHandle$Holder.newInvokeSpecial(java.lang.Object, int, java.lang.Object)'> (0x00000000882c0478) 
thrown [e:\jenkins\tmp\workspace\build\src\src\hotspot\share\interpreter\linkResolver.cpp, line 766]
Event: 1.122 Thread 0x000001e5a53cfa80 Exception <a 'java/lang/NoSuchMethodError'{0x00000000882c5158}: 'int java.lang.invoke.DirectMethodHandle$Holder.invokeSpecialIFC(java.lang.Object, java.lang.Object, java.lang.Object, java.lang.Object)'> (0x00000000882c5158) 
thrown [e:\jenkins\tmp\workspace\build\src\src\hotspot\share\interpreter\linkResolver.cpp, line 766]
Event: 1.175 Thread 0x000001e5a53cfa80 Exception <a 'java/lang/NoSuchMethodError'{0x000000008818adc0}: 'java.lang.Object java.lang.invoke.DirectMethodHandle$Holder.invokeInterface(java.lang.Object, java.lang.Object)'> (0x000000008818adc0) 
thrown [e:\jenkins\tmp\workspace\build\src\src\hotspot\share\interpreter\linkResolver.cpp, line 766]
Event: 1.180 Thread 0x000001e5a53cfa80 Exception <a 'java/lang/NoSuchMethodError'{0x000000008819bf78}: 'void java.lang.invoke.DirectMethodHandle$Holder.invokeInterface(java.lang.Object, java.lang.Object, java.lang.Object)'> (0x000000008819bf78) 
thrown [e:\jenkins\tmp\workspace\build\src\src\hotspot\share\interpreter\linkResolver.cpp, line 766]
Event: 1.220 Thread 0x000001e5a53cfa80 Exception <a 'java/lang/NoSuchMethodError'{0x0000000089701aa8}: 'void java.lang.invoke.DirectMethodHandle$Holder.invokeStatic(java.lang.Object, java.lang.Object)'> (0x0000000089701aa8) 
thrown [e:\jenkins\tmp\workspace\build\src\src\hotspot\share\interpreter\linkResolver.cpp, line 766]
Event: 1.221 Thread 0x000001e5a53cfa80 Exception <a 'java/lang/NoSuchMethodError'{0x00000000897052a8}: 'void java.lang.invoke.DirectMethodHandle$Holder.invokeStaticInit(java.lang.Object, java.lang.Object)'> (0x00000000897052a8) 
thrown [e:\jenkins\tmp\workspace\build\src\src\hotspot\share\interpreter\linkResolver.cpp, line 766]
Event: 1.224 Thread 0x000001e5a53cfa80 Exception <a 'java/lang/NoSuchMethodError'{0x0000000089711580}: 'void java.lang.invoke.DirectMethodHandle$Holder.invokeStaticInit(java.lang.Object, java.lang.Object, java.lang.Object)'> (0x0000000089711580) 
thrown [e:\jenkins\tmp\workspace\build\src\src\hotspot\share\interpreter\linkResolver.cpp, line 766]
Event: 1.379 Thread 0x000001e5a53cfa80 Exception <a 'java/lang/NoSuchMethodError'{0x00000000897f3730}: 'void java.lang.invoke.DirectMethodHandle$Holder.invokeVirtual(java.lang.Object, java.lang.Object, java.lang.Object, java.lang.Object)'> (0x00000000897f3730) 
thrown [e:\jenkins\tmp\workspace\build\src\src\hotspot\share\interpreter\linkResolver.cpp, line 766]
Event: 1.558 Thread 0x000001e5a53cfa80 Exception <a 'java/lang/NoSuchMethodError'{0x0000000089525660}: 'void java.lang.invoke.DirectMethodHandle$Holder.invokeSpecial(java.lang.Object, java.lang.Object, java.lang.Object)'> (0x0000000089525660) 
thrown [e:\jenkins\tmp\workspace\build\src\src\hotspot\share\interpreter\linkResolver.cpp, line 766]
Event: 1.559 Thread 0x000001e5a53cfa80 Exception <a 'java/lang/NoSuchMethodError'{0x000000008952bd90}: 'void java.lang.invoke.DirectMethodHandle$Holder.invokeSpecial(java.lang.Object, java.lang.Object, java.lang.Object, java.lang.Object, java.lang.Object)'> (0x000000008952bd90) 
thrown [e:\jenkins\tmp\workspace\build\src\src\hotspot\share\interpreter\linkResolver.cpp, line 766]
Event: 1.568 Thread 0x000001e5c6e64bc0 Exception <a 'java/lang/NoClassDefFoundError'{0x00000000895962f0}: javax/validation/Validation> (0x00000000895962f0) 
thrown [e:\jenkins\tmp\workspace\build\src\src\hotspot\share\classfile\systemDictionary.cpp, line 245]
Event: 1.974 Thread 0x000001e5c6e64bc0 Exception <a 'java/lang/NoSuchMethodError'{0x000000008931d348}: 'java.lang.Object java.lang.invoke.DirectMethodHandle$Holder.invokeStaticInit(java.lang.Object, java.lang.Object, java.lang.Object)'> (0x000000008931d348) 
thrown [e:\jenkins\tmp\workspace\build\src\src\hotspot\share\interpreter\linkResolver.cpp, line 766]
Event: 1.975 Thread 0x000001e5c6e64bc0 Exception <a 'java/lang/NoSuchMethodError'{0x0000000089323238}: 'java.lang.Object java.lang.invoke.DirectMethodHandle$Holder.invokeStaticInit(java.lang.Object, java.lang.Object, java.lang.Object, java.lang.Object, java.lang.Object)'> (0x0000000089323238) 
thrown [e:\jenkins\tmp\workspace\build\src\src\hotspot\share\interpreter\linkResolver.cpp, line 766]
Event: 2.605 Thread 0x000001e5a53cfa80 Exception <a 'java/lang/NoSuchMethodError'{0x0000000088dc2bd8}: 'org.slf4j.impl.StaticMDCBinder org.slf4j.impl.StaticMDCBinder.getSingleton()'> (0x0000000088dc2bd8) 
thrown [e:\jenkins\tmp\workspace\build\src\src\hotspot\share\interpreter\linkResolver.cpp, line 766]

VM Operations (18 events):
Event: 0.149 Executing VM operation: HandshakeAllThreads
Event: 0.149 Executing VM operation: HandshakeAllThreads done
Event: 0.403 Executing VM operation: HandshakeAllThreads
Event: 0.403 Executing VM operation: HandshakeAllThreads done
Event: 0.439 Executing VM operation: HandshakeAllThreads
Event: 0.439 Executing VM operation: HandshakeAllThreads done
Event: 0.763 Executing VM operation: HandshakeAllThreads
Event: 0.763 Executing VM operation: HandshakeAllThreads done
Event: 1.093 Executing VM operation: HandshakeAllThreads
Event: 1.093 Executing VM operation: HandshakeAllThreads done
Event: 1.093 Executing VM operation: Cleanup
Event: 1.094 Executing VM operation: Cleanup done
Event: 1.209 Executing VM operation: G1CollectForAllocation
Event: 1.219 Executing VM operation: G1CollectForAllocation done
Event: 1.595 Executing VM operation: HandshakeAllThreads
Event: 1.595 Executing VM operation: HandshakeAllThreads done
Event: 2.604 Executing VM operation: Cleanup
Event: 2.604 Executing VM operation: Cleanup done

Events (20 events):
Event: 2.512 loading class java/beans/Transient done
Event: 2.512 loading class java/beans/ConstructorProperties
Event: 2.512 loading class java/beans/ConstructorProperties done
Event: 2.534 loading class java/io/CharArrayReader
Event: 2.555 loading class java/io/CharArrayReader done
Event: 2.647 loading class java/util/concurrent/atomic/AtomicReference
Event: 2.652 loading class org/xml/sax/ErrorHandler
Event: 2.671 loading class org/xml/sax/ErrorHandler done
Event: 2.671 loading class java/util/concurrent/atomic/AtomicReference done
Event: 2.672 loading class org/xml/sax/SAXParseException
Event: 2.672 loading class org/xml/sax/SAXParseException done
Event: 2.676 loading class jdk/internal/reflect/UnsafeFieldAccessorFactory
Event: 2.677 loading class jdk/internal/reflect/UnsafeFieldAccessorFactory done
Event: 2.677 loading class jdk/internal/reflect/UnsafeQualifiedStaticIntegerFieldAccessorImpl
Event: 2.678 loading class jdk/internal/reflect/UnsafeQualifiedStaticFieldAccessorImpl
Event: 2.678 loading class jdk/internal/reflect/UnsafeQualifiedStaticFieldAccessorImpl done
Event: 2.678 loading class jdk/internal/reflect/UnsafeQualifiedStaticIntegerFieldAccessorImpl done
Event: 2.742 loading class java/io/CharConversionException
Event: 2.742 loading class java/io/CharConversionException done
Event: 2.805 loading class jdk/internal/reflect/MethodAccessorGenerator


Dynamic libraries:
0x00007ff76dde0000 - 0x00007ff76ddee000 	C:\Program Files\Eclipse Adoptium\jdk-17.0.2.8-hotspot\bin\java.exe
0x00007ffec4f10000 - 0x00007ffec5108000 	C:\Windows\SYSTEM32\ntdll.dll
0x00007ffec2fd0000 - 0x00007ffec308d000 	C:\Windows\System32\KERNEL32.DLL
0x00007ffec2bf0000 - 0x00007ffec2ebe000 	C:\Windows\System32\KERNELBASE.dll
0x00007ffec2750000 - 0x00007ffec2850000 	C:\Windows\System32\ucrtbase.dll
0x00007ffeb3f40000 - 0x00007ffeb3f59000 	C:\Program Files\Eclipse Adoptium\jdk-17.0.2.8-hotspot\bin\VCRUNTIME140.dll
0x00007ffeb3df0000 - 0x00007ffeb3e08000 	C:\Program Files\Eclipse Adoptium\jdk-17.0.2.8-hotspot\bin\jli.dll
0x00007ffec40f0000 - 0x00007ffec4290000 	C:\Windows\System32\USER32.dll
0x00007ffeac930000 - 0x00007ffeacbca000 	C:\Windows\WinSxS\amd64_microsoft.windows.common-controls_6595b64144ccf1df_6.0.19041.1110_none_60b5254171f9507e\COMCTL32.dll
0x00007ffec2680000 - 0x00007ffec26a2000 	C:\Windows\System32\win32u.dll
0x00007ffec4400000 - 0x00007ffec442a000 	C:\Windows\System32\GDI32.dll
0x00007ffec4360000 - 0x00007ffec43fe000 	C:\Windows\System32\msvcrt.dll
0x00007ffec2a50000 - 0x00007ffec2b5b000 	C:\Windows\System32\gdi32full.dll
0x00007ffec29b0000 - 0x00007ffec2a4d000 	C:\Windows\System32\msvcp_win.dll
0x00007ffec30a0000 - 0x00007ffec30d0000 	C:\Windows\System32\IMM32.DLL
0x00007ffeb9280000 - 0x00007ffeb928c000 	C:\Program Files\Eclipse Adoptium\jdk-17.0.2.8-hotspot\bin\vcruntime140_1.dll
0x00007ffe8a740000 - 0x00007ffe8a7d1000 	C:\Program Files\Eclipse Adoptium\jdk-17.0.2.8-hotspot\bin\msvcp140.dll
0x00007ffe66c90000 - 0x00007ffe678d7000 	C:\Program Files\Eclipse Adoptium\jdk-17.0.2.8-hotspot\bin\server\jvm.dll
0x00007ffec3310000 - 0x00007ffec33be000 	C:\Windows\System32\ADVAPI32.dll
0x00007ffec4960000 - 0x00007ffec49fc000 	C:\Windows\System32\sechost.dll
0x00007ffec4c40000 - 0x00007ffec4d65000 	C:\Windows\System32\RPCRT4.dll
0x00007ffec4d70000 - 0x00007ffec4d78000 	C:\Windows\System32\PSAPI.DLL
0x00007ffea63f0000 - 0x00007ffea63f9000 	C:\Windows\SYSTEM32\WSOCK32.dll
0x00007ffebce90000 - 0x00007ffebce9a000 	C:\Windows\SYSTEM32\VERSION.dll
0x00007ffeb43f0000 - 0x00007ffeb4417000 	C:\Windows\SYSTEM32\WINMM.dll
0x00007ffec4e60000 - 0x00007ffec4ecb000 	C:\Windows\System32\WS2_32.dll
0x00007ffec0510000 - 0x00007ffec0522000 	C:\Windows\SYSTEM32\kernel.appcore.dll
0x00007ffeb8180000 - 0x00007ffeb818a000 	C:\Program Files\Eclipse Adoptium\jdk-17.0.2.8-hotspot\bin\jimage.dll
0x00007ffeb1fd0000 - 0x00007ffeb21b4000 	C:\Windows\SYSTEM32\DBGHELP.DLL
0x00007ffea7be0000 - 0x00007ffea7c0c000 	C:\Windows\SYSTEM32\dbgcore.DLL
0x00007ffec2b60000 - 0x00007ffec2be2000 	C:\Windows\System32\bcryptPrimitives.dll
0x00007ffeaf090000 - 0x00007ffeaf0b5000 	C:\Program Files\Eclipse Adoptium\jdk-17.0.2.8-hotspot\bin\java.dll
0x00007ffe8a420000 - 0x00007ffe8a4f6000 	C:\Program Files\Eclipse Adoptium\jdk-17.0.2.8-hotspot\bin\jsvml.dll
0x00007ffec3880000 - 0x00007ffec3fc4000 	C:\Windows\System32\SHELL32.dll
0x00007ffec0710000 - 0x00007ffec0ea4000 	C:\Windows\SYSTEM32\windows.storage.dll
0x00007ffec3520000 - 0x00007ffec3874000 	C:\Windows\System32\combase.dll
0x00007ffec1f40000 - 0x00007ffec1f70000 	C:\Windows\SYSTEM32\Wldp.dll
0x00007ffec4b90000 - 0x00007ffec4c3d000 	C:\Windows\System32\SHCORE.dll
0x00007ffec4a00000 - 0x00007ffec4a55000 	C:\Windows\System32\shlwapi.dll
0x00007ffec2570000 - 0x00007ffec258f000 	C:\Windows\SYSTEM32\profapi.dll
0x00007ffeb3b80000 - 0x00007ffeb3b99000 	C:\Program Files\Eclipse Adoptium\jdk-17.0.2.8-hotspot\bin\net.dll
0x00007ffeb3a70000 - 0x00007ffeb3b7a000 	C:\Windows\SYSTEM32\WINHTTP.dll
0x00007ffec1cc0000 - 0x00007ffec1d2a000 	C:\Windows\system32\mswsock.dll
0x00007ffeae900000 - 0x00007ffeae915000 	C:\Program Files\Eclipse Adoptium\jdk-17.0.2.8-hotspot\bin\nio.dll
0x00007ffead6a0000 - 0x00007ffead6b8000 	C:\Program Files\Eclipse Adoptium\jdk-17.0.2.8-hotspot\bin\zip.dll
0x00007ffebd3f0000 - 0x00007ffebd400000 	C:\Program Files\Eclipse Adoptium\jdk-17.0.2.8-hotspot\bin\verify.dll
0x00007ffebd380000 - 0x00007ffebd389000 	C:\Program Files\Eclipse Adoptium\jdk-17.0.2.8-hotspot\bin\management.dll
0x00007ffebd170000 - 0x00007ffebd17b000 	C:\Program Files\Eclipse Adoptium\jdk-17.0.2.8-hotspot\bin\management_ext.dll
0x00007ffeaf280000 - 0x00007ffeaf297000 	C:\Windows\system32\napinsp.dll
0x00007ffeaf260000 - 0x00007ffeaf27b000 	C:\Windows\system32\pnrpnsp.dll
0x00007ffebba70000 - 0x00007ffebba85000 	C:\Windows\system32\wshbth.dll
0x00007ffebde60000 - 0x00007ffebde7d000 	C:\Windows\system32\NLAapi.dll
0x00007ffec19d0000 - 0x00007ffec1a0b000 	C:\Windows\SYSTEM32\IPHLPAPI.DLL
0x00007ffec1a10000 - 0x00007ffec1adb000 	C:\Windows\SYSTEM32\DNSAPI.dll
0x00007ffec3090000 - 0x00007ffec3098000 	C:\Windows\System32\NSI.dll
0x00007ffeaf240000 - 0x00007ffeaf252000 	C:\Windows\System32\winrnr.dll
0x000000006c450000 - 0x000000006c476000 	C:\Program Files\Bonjour\mdnsNSP.dll
0x00007ffebb180000 - 0x00007ffebb18a000 	C:\Windows\System32\rasadhlp.dll
0x00007ffeafe40000 - 0x00007ffeafec0000 	C:\Windows\System32\fwpuclnt.dll
0x00007ffec2720000 - 0x00007ffec2747000 	C:\Windows\System32\bcrypt.dll

dbghelp: loaded successfully - version: 4.0.5 - missing functions: none
symbol engine: initialized successfully - sym options: 0x614 - pdb path: .;C:\Program Files\Eclipse Adoptium\jdk-17.0.2.8-hotspot\bin;C:\Windows\SYSTEM32;C:\Windows\WinSxS\amd64_microsoft.windows.common-controls_6595b64144ccf1df_6.0.19041.1110_none_60b5254171f9507e;C:\Program Files\Eclipse Adoptium\jdk-17.0.2.8-hotspot\bin\server;C:\Program Files\Bonjour

VM Arguments:
jvm_args: -XX:+ShowCodeDetailsInExceptionMessages 
java_command: com.driver.Application
java_class_path (initial): C:\Users\Madhav\Documents\backEnd\amazeoff\amazoff-Madhav11113289\target\classes;C:\Users\Madhav\.m2\repository\org\springframework\boot\spring-boot-starter-web\2.7.4\spring-boot-starter-web-2.7.4.jar;C:\Users\Madhav\.m2\repository\org\springframework\boot\spring-boot-starter\2.7.4\spring-boot-starter-2.7.4.jar;C:\Users\Madhav\.m2\repository\org\springframework\boot\spring-boot\2.7.4\spring-boot-2.7.4.jar;C:\Users\Madhav\.m2\repository\org\springframework\boot\spring-boot-autoconfigure\2.7.4\spring-boot-autoconfigure-2.7.4.jar;C:\Users\Madhav\.m2\repository\org\springframework\boot\spring-boot-starter-logging\2.7.4\spring-boot-starter-logging-2.7.4.jar;C:\Users\Madhav\.m2\repository\ch\qos\logback\logback-classic\1.2.11\logback-classic-1.2.11.jar;C:\Users\Madhav\.m2\repository\ch\qos\logback\logback-core\1.2.11\logback-core-1.2.11.jar;C:\Users\Madhav\.m2\repository\org\apache\logging\log4j\log4j-to-slf4j\2.17.2\log4j-to-slf4j-2.17.2.jar;C:\Users\Madhav\.m2\repository\org\apache\logging\log4j\log4j-api\2.17.2\log4j-api-2.17.2.jar;C:\Users\Madhav\.m2\repository\org\slf4j\jul-to-slf4j\1.7.36\jul-to-slf4j-1.7.36.jar;C:\Users\Madhav\.m2\repository\jakarta\annotation\jakarta.annotation-api\1.3.5\jakarta.annotation-api-1.3.5.jar;C:\Users\Madhav\.m2\repository\org\yaml\snakeyaml\1.30\snakeyaml-1.30.jar;C:\Users\Madhav\.m2\repository\org\springframework\boot\spring-boot-starter-json\2.7.4\spring-boot-starter-json-2.7.4.jar;C:\Users\Madhav\.m2\repository\com\fasterxml\jackson\core\jackson-databind\2.13.4\jackson-databind-2.13.4.jar;C:\Users\Madhav\.m2\repository\com\fasterxml\jackson\core\jackson-core\2.13.4\jackson-core-2.13.4.jar;C:\Users\Madhav\.m2\repository\com\fasterxml\jackson\datatype\jackson-datatype-jdk8\2.13.4\jackson-datatype-jdk8-2.13.4.jar;C:\Users\Madhav\.m2\repository\com\fasterxml\jackson\datatype\jackson-datatype-jsr310\2.13.4\jackson-datatype-jsr310-2.13.4.jar;C:\Users\Madhav\.m2\repository\com\fasterxml\jackson\module\jackson-m
Launcher Type: SUN_STANDARD

[Global flags]
     intx CICompilerCount                          = 4                                         {product} {ergonomic}
     uint ConcGCThreads                            = 2                                         {product} {ergonomic}
     uint G1ConcRefinementThreads                  = 8                                         {product} {ergonomic}
   size_t G1HeapRegionSize                         = 1048576                                   {product} {ergonomic}
    uintx GCDrainStackTargetSize                   = 64                                        {product} {ergonomic}
   size_t InitialHeapSize                          = 134217728                                 {product} {ergonomic}
   size_t MarkStackSize                            = 4194304                                   {product} {ergonomic}
   size_t MaxHeapSize                              = 2122317824                                {product} {ergonomic}
   size_t MaxNewSize                               = 1272971264                                {product} {ergonomic}
   size_t MinHeapDeltaBytes                        = 1048576                                   {product} {ergonomic}
   size_t MinHeapSize                              = 8388608                                   {product} {ergonomic}
    uintx NonNMethodCodeHeapSize                   = 5839372                                {pd product} {ergonomic}
    uintx NonProfiledCodeHeapSize                  = 122909434                              {pd product} {ergonomic}
    uintx ProfiledCodeHeapSize                     = 122909434                              {pd product} {ergonomic}
    uintx ReservedCodeCacheSize                    = 251658240                              {pd product} {ergonomic}
     bool SegmentedCodeCache                       = true                                      {product} {ergonomic}
     bool ShowCodeDetailsInExceptionMessages       = true                                   {manageable} {command line}
   size_t SoftMaxHeapSize                          = 2122317824                             {manageable} {ergonomic}
     bool UseCompressedClassPointers               = true                           {product lp64_product} {ergonomic}
     bool UseCompressedOops                        = true                           {product lp64_product} {ergonomic}
     bool UseG1GC                                  = true                                      {product} {ergonomic}
     bool UseLargePagesIndividualAllocation        = false                                  {pd product} {ergonomic}

Logging:
Log output configuration:
 #0: stdout all=warning uptime,level,tags
 #1: stderr all=off uptime,level,tags

Environment Variables:
PATH=C:\Users\Madhav\AppData\Local\cloud-code\installer\google-cloud-sdk\bin;C:\Python311\Scripts\;C:\Python311\;C:\Python310\Scripts\;C:\Python310\;C:\Program Files\Eclipse Adoptium\jdk-17.0.2.8-hotspot\bin;C:\Program Files\Common Files\Oracle\Java\javapath;C:\Windows\system32;C:\Windows;C:\Windows\System32\Wbem;C:\Windows\System32\WindowsPowerShell\v1.0\;C:\Windows\System32\OpenSSH\;C:\Program Files\NVIDIA Corporation\NVIDIA NvDLISR;C:\Program Files (x86)\NVIDIA Corporation\PhysX\Common;C:\Program Files\Git\cmd;C:\ProgramData\chocolatey\bin;C:\Program Files\nodejs\;C:\Program Files\Docker\Docker\resources\bin;C:\Program Files\MySQL\MySQL Shell 8.0\bin\;C:\Users\Madhav\AppData\Local\Microsoft\WindowsApps;C:\Users\Madhav\AppData\Local\Programs\Microsoft VS Code\bin;C:\src\flutter\bin;C:\Users\Madhav\AppData\Roaming\npm
USERNAME=Madhav
LANG=en_US.UTF-8
OS=Windows_NT
PROCESSOR_IDENTIFIER=AMD64 Family 21 Model 2 Stepping 0, AuthenticAMD



---------------  S Y S T E M  ---------------

OS:
 Windows 10 , 64 bit Build 19041 (10.0.19041.1806)
OS uptime: 7 days 6:58 hours
Hyper-V role detected

CPU: total 8 (initial active 8) (8 cores per cpu, 1 threads per core) family 21 model 2 stepping 0 microcode 0x0, cx8, cmov, fxsr, mmx, 3dnowpref, sse, sse2, sse3, ssse3, sse4a, sse4.1, sse4.2, popcnt, lzcnt, tsc, tscinvbit, avx, aes, clmul, bmi1, fma, vzeroupper, clflush, hv

Memory: 4k page, system-wide physical 8091M (393M free)
TotalPageFile size 20091M (AvailPageFile size 3M)
current process WorkingSet (physical memory assigned to process): 92M, peak: 92M
current process commit charge ("private bytes"): 237M, peak: 237M

vm_info: OpenJDK 64-Bit Server VM (17.0.2+8) for windows-amd64 JRE (17.0.2+8), built on Jan 20 2022 04:52:34 by "" with MS VC++ 16.7 (VS2019)

END.
